Log file open, 02/01/18 14:43:44
LogWindows: Failed to load 'aqProf.dll' (GetLastError=126)
LogWindows: File 'aqProf.dll' does not exist
LogWindows: Failed to load 'VSPerf140.dll' (GetLastError=126)
LogWindows: File 'VSPerf140.dll' does not exist
LogWindows: Failed to load 'VtuneApi.dll' (GetLastError=126)
LogWindows: File 'VtuneApi.dll' does not exist
LogWindows: Failed to load 'VtuneApi32e.dll' (GetLastError=126)
LogWindows: File 'VtuneApi32e.dll' does not exist
LogInit: Display: Running engine for game: ThirdPersonVR
LogPlatformFile: Not using cached read wrapper
LogInit: Display: RandInit(-792293858) SRandInit(-792293858).
LogInit: Read version file with build ID '3709383'
LogInit: Overriding engine version to CL 3832480, compatible CL 3709383
LogInit: Registered custom module enumerator with build ID '3709383'
LogTaskGraph: Started task graph with 5 named threads and 14 total threads with 3 sets of task threads.
LogStats: Stats thread started at 0.178148
LogD3D11RHI: Aftermath initialized
LogModuleManager: Display: Found up-to-date module file ../../../Engine/Plugins/2D/Paper2D/Binaries/Win64/UE4Editor-Paper2D.dll (API version 3709383).
LogModuleManager: Display: Found up-to-date module file ../../../Engine/Plugins/2D/Paper2D/Binaries/Win64/UE4Editor-Paper2DEditor.dll (API version 3709383).
LogModuleManager: Display: Found up-to-date module file ../../../Engine/Plugins/2D/Paper2D/Binaries/Win64/UE4Editor-PaperSpriteSheetImporter.dll (API version 3709383).
LogModuleManager: Display: Found up-to-date module file ../../../Engine/Plugins/2D/Paper2D/Binaries/Win64/UE4Editor-PaperTiledImporter.dll (API version 3709383).
LogModuleManager: Display: Found up-to-date module file ../../../Engine/Plugins/2D/Paper2D/Binaries/Win64/UE4Editor-SmartSnapping.dll (API version 3709383).
LogModuleManager: Display: Found up-to-date module file ../../../Engine/Plugins/Blendables/LightPropagationVolume/Binaries/Win64/UE4Editor-LightPropagationVolumeRuntime.dll (API version 3709383).
LogModuleManager: Display: Found up-to-date module file ../../../Engine/Plugins/Blendables/LightPropagationVolume/Binaries/Win64/UE4Editor-LightPropagationVolumeEditor.dll (API version 3709383).
LogModuleManager: Display: Found up-to-date module file ../../../Engine/Plugins/Developer/GitSourceControl/Binaries/Win64/UE4Editor-GitSourceControl.dll (API version 3709383).
LogModuleManager: Display: Found up-to-date module file ../../../Engine/Plugins/Developer/PerforceSourceControl/Binaries/Win64/UE4Editor-PerforceSourceControl.dll (API version 3709383).
LogModuleManager: Display: Found up-to-date module file ../../../Engine/Plugins/Developer/SubversionSourceControl/Binaries/Win64/UE4Editor-SubversionSourceControl.dll (API version 3709383).
LogModuleManager: Display: Found up-to-date module file ../../../Engine/Plugins/Developer/UObjectPlugin/Binaries/Win64/UE4Editor-UObjectPlugin.dll (API version 3709383).
LogModuleManager: Display: Found up-to-date module file ../../../Engine/Plugins/Developer/VisualStudioCodeSourceCodeAccess/Binaries/Win64/UE4Editor-VisualStudioCodeSourceCodeAccess.dll (API version 3709383).
LogModuleManager: Display: Found up-to-date module file ../../../Engine/Plugins/Developer/VisualStudioSourceCodeAccess/Binaries/Win64/UE4Editor-VisualStudioSourceCodeAccess.dll (API version 3709383).
LogModuleManager: Display: Found up-to-date module file ../../../Engine/Plugins/Editor/AssetManagerEditor/Binaries/Win64/UE4Editor-AssetManagerEditor.dll (API version 3709383).
LogModuleManager: Display: Found up-to-date module file ../../../Engine/Plugins/Editor/AudioCapture/Binaries/Win64/UE4Editor-AudioCapture.dll (API version 3709383).
LogModuleManager: Display: Found up-to-date module file ../../../Engine/Plugins/Editor/FacialAnimation/Binaries/Win64/UE4Editor-FacialAnimation.dll (API version 3709383).
LogModuleManager: Display: Found up-to-date module file ../../../Engine/Plugins/Editor/FacialAnimation/Binaries/Win64/UE4Editor-FacialAnimationEditor.dll (API version 3709383).
LogModuleManager: Display: Found up-to-date module file ../../../Engine/Plugins/Editor/GameplayTagsEditor/Binaries/Win64/UE4Editor-GameplayTagsEditor.dll (API version 3709383).
LogModuleManager: Display: Found up-to-date module file ../../../Engine/Plugins/Editor/MobileLauncherProfileWizard/Binaries/Win64/UE4Editor-MobileLauncherProfileWizard.dll (API version 3709383).
LogModuleManager: Display: Found up-to-date module file ../../../Engine/Plugins/Editor/PluginBrowser/Binaries/Win64/UE4Editor-PluginBrowser.dll (API version 3709383).
LogModuleManager: Display: Found up-to-date module file ../../../Engine/Plugins/Editor/SpeedTreeImporter/Binaries/Win64/UE4Editor-SpeedTreeImporter.dll (API version 3709383).
LogModuleManager: Display: Found up-to-date module file ../../../Engine/Plugins/Experimental/AlembicImporter/Binaries/Win64/UE4Editor-AlembicImporter.dll (API version 3709383).
LogModuleManager: Display: Found up-to-date module file ../../../Engine/Plugins/Experimental/AlembicImporter/Binaries/Win64/UE4Editor-AlembicLibrary.dll (API version 3709383).
LogModuleManager: Display: Found up-to-date module file ../../../Engine/Plugins/Experimental/CharacterAI/Binaries/Win64/UE4Editor-CharacterAI.dll (API version 3709383).
LogModuleManager: Display: Found up-to-date module file ../../../Engine/Plugins/Experimental/HTML5Networking/Binaries/Win64/UE4Editor-HTML5Networking.dll (API version 3709383).
LogModuleManager: Display: Found up-to-date module file ../../../Engine/Plugins/Media/AndroidMedia/Binaries/Win64/UE4Editor-AndroidMediaEditor.dll (API version 3709383).
LogModuleManager: Display: Found up-to-date module file ../../../Engine/Plugins/Media/AndroidMedia/Binaries/Win64/UE4Editor-AndroidMediaFactory.dll (API version 3709383).
LogModuleManager: Display: Found up-to-date module file ../../../Engine/Plugins/Media/AvfMedia/Binaries/Win64/UE4Editor-AvfMediaEditor.dll (API version 3709383).
LogModuleManager: Display: Found up-to-date module file ../../../Engine/Plugins/Media/AvfMedia/Binaries/Win64/UE4Editor-AvfMediaFactory.dll (API version 3709383).
LogModuleManager: Display: Found up-to-date module file ../../../Engine/Plugins/Media/AvfMedia/Binaries/Win64/UE4Editor-AvfMediaFactory.dll (API version 3709383).
LogModuleManager: Display: Found up-to-date module file ../../../Engine/Plugins/Media/ImgMedia/Binaries/Win64/UE4Editor-ImgMedia.dll (API version 3709383).
LogModuleManager: Display: Found up-to-date module file ../../../Engine/Plugins/Media/ImgMedia/Binaries/Win64/UE4Editor-ImgMediaEditor.dll (API version 3709383).
LogModuleManager: Display: Found up-to-date module file ../../../Engine/Plugins/Media/ImgMedia/Binaries/Win64/UE4Editor-ImgMediaFactory.dll (API version 3709383).
LogModuleManager: Display: Found up-to-date module file ../../../Engine/Plugins/Media/ImgMedia/Binaries/Win64/UE4Editor-ImgMediaFactory.dll (API version 3709383).
LogModuleManager: Display: Found up-to-date module file ../../../Engine/Plugins/Media/ImgMedia/Binaries/Win64/UE4Editor-OpenExrWrapper.dll (API version 3709383).
LogModuleManager: Display: Found up-to-date module file ../../../Engine/Plugins/Media/MediaCompositing/Binaries/Win64/UE4Editor-MediaCompositing.dll (API version 3709383).
LogModuleManager: Display: Found up-to-date module file ../../../Engine/Plugins/Media/MediaCompositing/Binaries/Win64/UE4Editor-MediaCompositingEditor.dll (API version 3709383).
LogModuleManager: Display: Found up-to-date module file ../../../Engine/Plugins/Media/MediaPlayerEditor/Binaries/Win64/UE4Editor-MediaPlayerEditor.dll (API version 3709383).
LogModuleManager: Display: Found up-to-date module file ../../../Engine/Plugins/Media/WmfMedia/Binaries/Win64/UE4Editor-WmfMedia.dll (API version 3709383).
LogModuleManager: Display: Found up-to-date module file ../../../Engine/Plugins/Media/WmfMedia/Binaries/Win64/UE4Editor-WmfMediaEditor.dll (API version 3709383).
LogModuleManager: Display: Found up-to-date module file ../../../Engine/Plugins/Media/WmfMedia/Binaries/Win64/UE4Editor-WmfMediaFactory.dll (API version 3709383).
LogModuleManager: Display: Found up-to-date module file ../../../Engine/Plugins/Media/WmfMedia/Binaries/Win64/UE4Editor-WmfMediaFactory.dll (API version 3709383).
LogModuleManager: Display: Found up-to-date module file ../../../Engine/Plugins/Messaging/TcpMessaging/Binaries/Win64/UE4Editor-TcpMessaging.dll (API version 3709383).
LogModuleManager: Display: Found up-to-date module file ../../../Engine/Plugins/Messaging/UdpMessaging/Binaries/Win64/UE4Editor-UdpMessaging.dll (API version 3709383).
LogModuleManager: Display: Found up-to-date module file ../../../Engine/Plugins/MovieScene/ActorSequence/Binaries/Win64/UE4Editor-ActorSequence.dll (API version 3709383).
LogModuleManager: Display: Found up-to-date module file ../../../Engine/Plugins/MovieScene/LevelSequenceEditor/Binaries/Win64/UE4Editor-LevelSequenceEditor.dll (API version 3709383).
LogModuleManager: Display: Found up-to-date module file ../../../Engine/Plugins/MovieScene/MatineeToLevelSequence/Binaries/Win64/UE4Editor-MatineeToLevelSequence.dll (API version 3709383).
LogModuleManager: Display: Found up-to-date module file ../../../Engine/Plugins/Online/OnlineSubsystem/Binaries/Win64/UE4Editor-OnlineSubsystem.dll (API version 3709383).
LogModuleManager: Display: Found up-to-date module file ../../../Engine/Plugins/Runtime/AndroidPermission/Binaries/Win64/UE4Editor-AndroidPermission.dll (API version 3709383).
LogModuleManager: Display: Found up-to-date module file ../../../Engine/Plugins/Online/OnlineSubsystemNull/Binaries/Win64/UE4Editor-OnlineSubsystemNull.dll (API version 3709383).
LogModuleManager: Display: Found up-to-date module file ../../../Engine/Plugins/Online/OnlineSubsystemUtils/Binaries/Win64/UE4Editor-OnlineSubsystemUtils.dll (API version 3709383).
LogModuleManager: Display: Found up-to-date module file ../../../Engine/Plugins/Online/OnlineSubsystemUtils/Binaries/Win64/UE4Editor-OnlineBlueprintSupport.dll (API version 3709383).
LogModuleManager: Display: Found up-to-date module file ../../../Engine/Plugins/Runtime/AndroidDeviceProfileSelector/Binaries/Win64/UE4Editor-AndroidDeviceProfileSelector.dll (API version 3709383).
LogModuleManager: Display: Found up-to-date module file ../../../Engine/Plugins/Runtime/AppleARKit/Binaries/Win64/UE4Editor-AppleARKit.dll (API version 3709383).
LogModuleManager: Display: Found up-to-date module file ../../../Engine/Plugins/Runtime/ArchVisCharacter/Binaries/Win64/UE4Editor-ArchVisCharacter.dll (API version 3709383).
LogModuleManager: Display: Found up-to-date module file ../../../Engine/Plugins/Runtime/CableComponent/Binaries/Win64/UE4Editor-CableComponent.dll (API version 3709383).
LogModuleManager: Display: Found up-to-date module file ../../../Engine/Plugins/Runtime/CustomMeshComponent/Binaries/Win64/UE4Editor-CustomMeshComponent.dll (API version 3709383).
LogModuleManager: Display: Found up-to-date module file ../../../Engine/Plugins/Runtime/ExampleDeviceProfileSelector/Binaries/Win64/UE4Editor-ExampleDeviceProfileSelector.dll (API version 3709383).
LogModuleManager: Display: Found up-to-date module file ../../../Engine/Plugins/Runtime/ImmediatePhysics/Binaries/Win64/UE4Editor-ImmediatePhysics.dll (API version 3709383).
LogModuleManager: Display: Found up-to-date module file ../../../Engine/Plugins/Runtime/ImmediatePhysics/Binaries/Win64/UE4Editor-ImmediatePhysicsEditor.dll (API version 3709383).
LogModuleManager: Display: Found up-to-date module file ../../../Engine/Plugins/Runtime/LocationServicesBPLibrary/Binaries/Win64/UE4Editor-LocationServicesBPLibrary.dll (API version 3709383).
LogModuleManager: Display: Found up-to-date module file ../../../Engine/Plugins/Runtime/MobilePatchingUtils/Binaries/Win64/UE4Editor-MobilePatchingUtils.dll (API version 3709383).
LogModuleManager: Display: Found up-to-date module file ../../../Engine/Plugins/Runtime/Oculus/OculusVR/Binaries/Win64/UE4Editor-OculusHMD.dll (API version 3709383).
LogModuleManager: Display: Found up-to-date module file ../../../Engine/Plugins/Runtime/Oculus/OculusVR/Binaries/Win64/UE4Editor-OculusInput.dll (API version 3709383).
LogModuleManager: Display: Found up-to-date module file ../../../Engine/Plugins/Runtime/Oculus/OculusVR/Binaries/Win64/UE4Editor-OculusEditor.dll (API version 3709383).
LogModuleManager: Display: Found up-to-date module file ../../../Engine/Plugins/Runtime/PhysXVehicles/Binaries/Win64/UE4Editor-PhysXVehicles.dll (API version 3709383).
LogModuleManager: Display: Found up-to-date module file ../../../Engine/Plugins/Runtime/PhysXVehicles/Binaries/Win64/UE4Editor-PhysXVehiclesEditor.dll (API version 3709383).
LogModuleManager: Display: Found up-to-date module file ../../../Engine/Plugins/Runtime/ProceduralMeshComponent/Binaries/Win64/UE4Editor-ProceduralMeshComponent.dll (API version 3709383).
LogModuleManager: Display: Found up-to-date module file ../../../Engine/Plugins/Runtime/ProceduralMeshComponent/Binaries/Win64/UE4Editor-ProceduralMeshComponentEditor.dll (API version 3709383).
LogModuleManager: Display: Found up-to-date module file ../../../Engine/Plugins/Runtime/RuntimePhysXCooking/Binaries/Win64/UE4Editor-RuntimePhysXCooking.dll (API version 3709383).
LogModuleManager: Display: Found up-to-date module file ../../../Engine/Plugins/Runtime/Steam/SteamVR/Binaries/Win64/UE4Editor-SteamVR.dll (API version 3709383).
LogModuleManager: Display: Found up-to-date module file ../../../Engine/Plugins/Runtime/Steam/SteamVR/Binaries/Win64/UE4Editor-SteamVRController.dll (API version 3709383).
LogModuleManager: Display: Found up-to-date module file ../../../Engine/Plugins/Runtime/WindowsMoviePlayer/Binaries/Win64/UE4Editor-WindowsMoviePlayer.dll (API version 3709383).
LogPluginManager: Mounting plugin Paper2D
LogPluginManager: Mounting plugin LightPropagationVolume
LogPluginManager: Mounting plugin CodeLiteSourceCodeAccess
LogPluginManager: Mounting plugin GitSourceControl
LogPluginManager: Mounting plugin KDevelopSourceCodeAccess
LogPluginManager: Mounting plugin NullSourceCodeAccess
LogPluginManager: Mounting plugin PerforceSourceControl
LogPluginManager: Mounting plugin SubversionSourceControl
LogPluginManager: Mounting plugin UObjectPlugin
LogPluginManager: Mounting plugin VisualStudioCodeSourceCodeAccess
LogPluginManager: Mounting plugin VisualStudioSourceCodeAccess
LogPluginManager: Mounting plugin XCodeSourceCodeAccess
LogPluginManager: Mounting plugin AssetManagerEditor
LogPluginManager: Mounting plugin AudioCapture
LogPluginManager: Mounting plugin FacialAnimation
LogPluginManager: Mounting plugin GameplayTagsEditor
LogPluginManager: Mounting plugin MobileLauncherProfileWizard
LogPluginManager: Mounting plugin PluginBrowser
LogPluginManager: Mounting plugin SpeedTreeImporter
LogPluginManager: Mounting plugin AlembicImporter
LogPluginManager: Mounting plugin CharacterAI
LogPluginManager: Mounting plugin HTML5Networking
LogPluginManager: Mounting plugin AndroidMedia
LogPluginManager: Mounting plugin AvfMedia
LogPluginManager: Mounting plugin ImgMedia
LogPluginManager: Mounting plugin MediaCompositing
LogPluginManager: Mounting plugin MediaPlayerEditor
LogPluginManager: Mounting plugin WmfMedia
LogPluginManager: Mounting plugin TcpMessaging
LogPluginManager: Mounting plugin UdpMessaging
LogPluginManager: Mounting plugin ActorSequence
LogPluginManager: Mounting plugin LevelSequenceEditor
LogPluginManager: Mounting plugin MatineeToLevelSequence
LogPluginManager: Mounting plugin OnlineSubsystemGooglePlay
LogPluginManager: Mounting plugin OnlineSubsystemIOS
LogPluginManager: Mounting plugin OnlineSubsystem
LogPluginManager: Mounting plugin OnlineSubsystemNull
LogPluginManager: Mounting plugin OnlineSubsystemUtils
LogPluginManager: Mounting plugin AndroidDeviceProfileSelector
LogPluginManager: Mounting plugin AndroidMoviePlayer
LogPluginManager: Mounting plugin AndroidPermission
LogPluginManager: Mounting plugin AppleARKit
LogPluginManager: Mounting plugin AppleMoviePlayer
LogPluginManager: Mounting plugin ArchVisCharacter
LogPluginManager: Mounting plugin CableComponent
LogPluginManager: Mounting plugin CustomMeshComponent
LogPluginManager: Mounting plugin ExampleDeviceProfileSelector
LogPluginManager: Mounting plugin GoogleCloudMessaging
LogPluginManager: Mounting plugin ImmediatePhysics
LogPluginManager: Mounting plugin IOSDeviceProfileSelector
LogPluginManager: Mounting plugin LinuxDeviceProfileSelector
LogPluginManager: Mounting plugin LocationServicesBPLibrary
LogPluginManager: Mounting plugin MobilePatchingUtils
LogPluginManager: Mounting plugin OculusVR
LogPluginManager: Plugin shader directory ../../../Engine/Plugins/Runtime/Oculus/OculusVR/Shaders found
LogPluginManager: Mapping shader source directory ../../../Engine/Plugins/Runtime/Oculus/OculusVR/Shaders to virtual directory /Plugin/OculusVR
LogPluginManager: Mounting plugin PhysXVehicles
LogPluginManager: Mounting plugin ProceduralMeshComponent
LogPluginManager: Mounting plugin RuntimePhysXCooking
LogPluginManager: Mounting plugin SteamVR
LogPluginManager: Mounting plugin WindowsMoviePlayer
LogInit: Using libcurl 7.47.1
LogInit:  - built for x86_64-pc-win32
LogInit:  - supports SSL with OpenSSL/1.0.2g
LogInit:  - supports HTTP deflate (compression) using libz 1.2.8
LogInit:  - other features:
LogInit:      CURL_VERSION_SSL
LogInit:      CURL_VERSION_LIBZ
LogInit:      CURL_VERSION_IPV6
LogInit:      CURL_VERSION_ASYNCHDNS
LogInit:      CURL_VERSION_LARGEFILE
LogInit:      CURL_VERSION_IDN
LogInit:  CurlRequestOptions (configurable via config and command line):
LogInit:  - bVerifyPeer = false  - Libcurl will NOT verify peer certificate
LogInit:  - bUseHttpProxy = false  - Libcurl will NOT use HTTP proxy
LogInit:  - bDontReuseConnections = false  - Libcurl will reuse connections
LogInit:  - CertBundlePath = nullptr  - Libcurl will use whatever was configured at build time.
LogInit: Build: ++UE4+Release-4.18-CL-3832480
LogInit: Engine Version: 4.18.3-3832480+++UE4+Release-4.18
LogInit: Compatible Engine Version: 4.18.0-3709383+++UE4+Release-4.18
LogInit: Net CL: 3709383
LogDevObjectVersion: Number of dev versions registered: 16
LogDevObjectVersion:   Dev-Blueprints (B0D832E4-1F89-4F0D-ACCF-7EB736FD4AA2): 10
LogDevObjectVersion:   Dev-Build (E1C64328-A22C-4D53-A36C-8E866417BD8C): 0
LogDevObjectVersion:   Dev-Core (375EC13C-06E4-48FB-B500-84F0262A717E): 2
LogDevObjectVersion:   Dev-Editor (E4B068ED-F494-42E9-A231-DA0B2E46BB41): 20
LogDevObjectVersion:   Dev-Framework (CFFC743F-43B0-4480-9391-14DF171D2073): 30
LogDevObjectVersion:   Dev-Mobile (B02B49B5-BB20-44E9-A304-32B752E40360): 0
LogDevObjectVersion:   Dev-Networking (A4E4105C-59A1-49B5-A7C5-40C4547EDFEE): 0
LogDevObjectVersion:   Dev-Online (39C831C9-5AE6-47DC-9A44-9C173E1C8E7C): 0
LogDevObjectVersion:   Dev-Physics (78F01B33-EBEA-4F98-B9B4-84EACCB95AA2): 0
LogDevObjectVersion:   Dev-Platform (6631380F-2D4D-43E0-8009-CF276956A95A): 0
LogDevObjectVersion:   Dev-Rendering (12F88B9F-8875-4AFC-A67C-D90C383ABD29): 20
LogDevObjectVersion:   Dev-Sequencer (7B5AE74C-D270-4C10-A958-57980B212A5A): 4
LogDevObjectVersion:   Dev-VR (D7296918-1DD6-4BDD-9DE2-64A83CC13884): 0
LogDevObjectVersion:   Dev-LoadTimes (C2A15278-BFE7-4AFE-6C17-90FF531DF755): 1
LogDevObjectVersion:   Private-Geometry (6EACA3D4-40EC-4CC1-B786-8BED09428FC5): 1
LogDevObjectVersion:   Dev-AnimPhys (29E575DD-E0A3-4627-9D10-D276232CDCEA): 12
LogInit: Compiled (64-bit): Jan 12 2018 02:04:55
LogInit: Compiled with Visual C++: 19.00.24215.01
LogInit: Build Configuration: Development
LogInit: Branch Name: ++UE4+Release-4.18
LogInit: Command line: -EpicPortal 
LogInit: Base directory: C:/Unreal/UE_4.18/Engine/Binaries/Win64/
LogInit: Installed Engine Build: 1
LogInit: Presizing for max 8388607 objects, including 0 objects not considered by GC, pre-allocating 0 bytes for permanent pool.
LogInit: Object subsystem initialized
[2018.02.01-14.43.45:995][  0]LogInit: Selected Device Profile: [Windows]
[2018.02.01-14.43.45:995][  0]LogInit: Applying CVar settings loaded from the selected device profile: [Windows]
[2018.02.01-14.43.46:008][  0]LogInit: Computer: DESKTOP-13UT98C
[2018.02.01-14.43.46:008][  0]LogInit: User: martynooo
[2018.02.01-14.43.46:008][  0]LogInit: CPU Page size=4096, Cores=4
[2018.02.01-14.43.46:008][  0]LogInit: High frequency timer resolution =2.531250 MHz
[2018.02.01-14.43.46:008][  0]LogMemory: Memory total: Physical=15.9GB (16GB approx)
[2018.02.01-14.43.46:008][  0]LogMemory: Platform Memory Stats for Windows
[2018.02.01-14.43.46:008][  0]LogMemory: Process Physical Memory: 274.97 MB used, 274.97 MB peak
[2018.02.01-14.43.46:008][  0]LogMemory: Process Virtual Memory: 271.72 MB used, 271.72 MB peak
[2018.02.01-14.43.46:008][  0]LogMemory: Physical Memory: 7299.83 MB used,  9019.96 MB free, 16319.79 MB total
[2018.02.01-14.43.46:008][  0]LogMemory: Virtual Memory: 679.97 MB used,  9019.96 MB free, 134217728.00 MB total
[2018.02.01-14.43.46:193][  0]LogInit: Using OS detected language (en-US).
[2018.02.01-14.43.46:193][  0]LogInit: Using OS detected locale (en-GB).
[2018.02.01-14.43.46:196][  0]LogTextLocalizationManager: No specific localization for 'en-US' exists, so the 'en' localization will be used.
[2018.02.01-14.43.46:899][  0]LogD3D11RHI: D3D11 adapters:
[2018.02.01-14.43.46:943][  0]LogD3D11RHI:    0. 'NVIDIA GeForce GTX 1060' (Feature Level 11_0)
[2018.02.01-14.43.46:943][  0]LogD3D11RHI:       6052/0/8159 MB DedicatedVideo/DedicatedSystem/SharedSystem, Outputs:1, VendorId:0x10de
[2018.02.01-14.43.46:945][  0]LogD3D11RHI:    1. 'Microsoft Basic Render Driver' (Feature Level 11_0)
[2018.02.01-14.43.46:945][  0]LogD3D11RHI:       0/0/8159 MB DedicatedVideo/DedicatedSystem/SharedSystem, Outputs:0, VendorId:0x1414
[2018.02.01-14.43.46:945][  0]LogD3D11RHI: Chosen D3D11 Adapter: 0
[2018.02.01-14.43.46:952][  0]LogD3D11RHI: Creating new Direct3DDevice
[2018.02.01-14.43.46:952][  0]LogD3D11RHI:     GPU DeviceId: 0x1c60 (for the marketing name, search the web for "GPU Device Id")
[2018.02.01-14.43.46:952][  0]LogWindows: EnumDisplayDevices:
[2018.02.01-14.43.46:952][  0]LogWindows:    0. 'NVIDIA GeForce GTX 1060' (P:1 D:1)
[2018.02.01-14.43.46:952][  0]LogWindows:    1. 'NVIDIA GeForce GTX 1060' (P:0 D:0)
[2018.02.01-14.43.46:952][  0]LogWindows:    2. 'NVIDIA GeForce GTX 1060' (P:0 D:0)
[2018.02.01-14.43.46:952][  0]LogWindows:    3. 'NVIDIA GeForce GTX 1060' (P:0 D:0)
[2018.02.01-14.43.46:952][  0]LogWindows: DebugString: GetVideoDriverDetailsInvalid PrimaryIsNotTheChoosenAdapter GetVideoDriverDetailsInvalid PrimaryIsNotTheChoosenAdapter GetVideoDriverDetailsInvalid PrimaryIsNotTheChoosenAdapter GetVideoDriverDetailsInvalid PrimaryIsNotTheChoosenAdapter FoundDriverCount:0 
[2018.02.01-14.43.46:952][  0]LogD3D11RHI:     Adapter Name: NVIDIA GeForce GTX 1060
[2018.02.01-14.43.46:952][  0]LogD3D11RHI:   Driver Version: Unknown (internal:Unknown, unified:Unknown)
[2018.02.01-14.43.46:953][  0]LogD3D11RHI:      Driver Date: Unknown
[2018.02.01-14.43.46:953][  0]LogRHI: Texture pool is 4236 MB (70% of 6052 MB)
[2018.02.01-14.43.46:977][  0]LogD3D11RHI: Async texture creation enabled
[2018.02.01-14.43.46:993][  0]LogD3D11RHI: GPU Timing Frequency: 1000.000000 (Debug: 2 2)
[2018.02.01-14.43.47:034][  0]LogShaderCompilers: Guid format shader working directory is 7 characters bigger than the processId version (../../../../../FYP/vr_project/ThirdPersonVR/Intermediate/Shaders/WorkingDirectory/7716/).
[2018.02.01-14.43.47:034][  0]LogShaderCompilers: Cleaned the shader compiler working directory 'C:/Users/martynooo/AppData/Local/Temp/UnrealShaderWorkingDir/3B1B1E01419C3628D86EE28CC5396F6C/'.
[2018.02.01-14.43.47:034][  0]LogShaderCompilers: Display: Using Local Shader Compiler.
[2018.02.01-14.43.47:962][  0]LogTemp: Display: Loaded TP AllDesktopTargetPlatform
[2018.02.01-14.43.48:021][  0]LogTemp: Display: Loaded TP MacClientTargetPlatform
[2018.02.01-14.43.48:079][  0]LogTemp: Display: Loaded TP MacNoEditorTargetPlatform
[2018.02.01-14.43.48:136][  0]LogTemp: Display: Loaded TP MacServerTargetPlatform
[2018.02.01-14.43.48:195][  0]LogTemp: Display: Loaded TP MacTargetPlatform
[2018.02.01-14.43.48:251][  0]LogTemp: Display: Loaded TP WindowsClientTargetPlatform
[2018.02.01-14.43.48:309][  0]LogTemp: Display: Loaded TP WindowsNoEditorTargetPlatform
[2018.02.01-14.43.48:368][  0]LogTemp: Display: Loaded TP WindowsServerTargetPlatform
[2018.02.01-14.43.48:420][  0]LogTemp: Display: Loaded TP WindowsTargetPlatform
[2018.02.01-14.43.48:476][  0]LogTemp: Display: Loaded TP Android_ASTCTargetPlatform
[2018.02.01-14.43.48:532][  0]LogTemp: Display: Loaded TP Android_ATCTargetPlatform
[2018.02.01-14.43.48:589][  0]LogTemp: Display: Loaded TP Android_DXTTargetPlatform
[2018.02.01-14.43.48:646][  0]LogTemp: Display: Loaded TP Android_ETC1TargetPlatform
[2018.02.01-14.43.48:702][  0]LogTemp: Display: Loaded TP Android_ETC2TargetPlatform
[2018.02.01-14.43.48:816][  0]LogTemp: Display: Loaded TP Android_MultiTargetPlatform
[2018.02.01-14.43.48:816][  0]LogTemp: Display: Loaded TP Android_PVRTCTargetPlatform
[2018.02.01-14.43.48:874][  0]LogTemp: Display: Loaded TP AndroidTargetPlatform
[2018.02.01-14.43.48:920][  0]LogTemp: Display: Loaded TP HTML5TargetPlatform
[2018.02.01-14.43.49:022][  0]LogTemp: Display: Loaded TP IOSTargetPlatform
[2018.02.01-14.43.49:052][  0]LogTemp: Display: Loaded TP TVOSTargetPlatform
[2018.02.01-14.43.49:108][  0]LogTemp: Display: Loaded TP LinuxClientTargetPlatform
[2018.02.01-14.43.49:181][  0]LogTemp: Display: Loaded TP LinuxNoEditorTargetPlatform
[2018.02.01-14.43.49:236][  0]LogTemp: Display: Loaded TP LinuxServerTargetPlatform
[2018.02.01-14.43.49:291][  0]LogTemp: Display: Loaded TP LinuxTargetPlatform
[2018.02.01-14.43.49:291][  0]LogTargetPlatformManager: Display: Building Assets For Windows
[2018.02.01-14.43.49:843][  0]LogDerivedDataCache: Display: Max Cache Size: 512 MB
[2018.02.01-14.43.49:914][  0]LogDerivedDataCache: Loaded boot cache 0.07s 92MB C:/Users/martynooo/AppData/Local/UnrealEngine/4.18/DerivedDataCache/Boot.ddc.
[2018.02.01-14.43.49:914][  0]LogDerivedDataCache: Display: Loaded Boot cache: C:/Users/martynooo/AppData/Local/UnrealEngine/4.18/DerivedDataCache/Boot.ddc
[2018.02.01-14.43.49:914][  0]LogDerivedDataCache: FDerivedDataBackendGraph:  Pak pak cache file ../../../../../FYP/vr_project/ThirdPersonVR/DerivedDataCache/DDC.ddp not found, will not use a pak cache.
[2018.02.01-14.43.49:914][  0]LogDerivedDataCache: Unable to find inner node Pak for hierarchical cache Hierarchy.
[2018.02.01-14.43.49:914][  0]LogDerivedDataCache: FDerivedDataBackendGraph:  CompressedPak pak cache file ../../../../../FYP/vr_project/ThirdPersonVR/DerivedDataCache/Compressed.ddp not found, will not use a pak cache.
[2018.02.01-14.43.49:914][  0]LogDerivedDataCache: Unable to find inner node CompressedPak for hierarchical cache Hierarchy.
[2018.02.01-14.43.49:929][  0]LogDerivedDataCache: Display: Pak cache opened for reading ../../../Engine/DerivedDataCache/Compressed.ddp.
[2018.02.01-14.43.49:942][  0]LogDerivedDataCache: Using Local data cache path C:/Users/martynooo/AppData/Local/UnrealEngine/Common/DerivedDataCache: Writable
[2018.02.01-14.43.49:944][  0]LogMaterial: Verifying Global Shaders for PCD3D_SM5
[2018.02.01-14.43.51:214][  0]LogSlate: Using Freetype 2.6.0
[2018.02.01-14.43.51:214][  0]LogSlate: SlateFontCache - WITH_FREETYPE: 1, WITH_HARFBUZZ: 1
[2018.02.01-14.43.51:214][  0]LogSlate: SlateFontCache - WITH_FREETYPE: 1, WITH_HARFBUZZ: 1
[2018.02.01-14.43.51:692][  0]LogInit: Selected Device Profile: [Windows]
[2018.02.01-14.43.51:810][  0]LogMaterial: Missing cached shader map for material WorldGridMaterial, compiling. Is special engine material.
[2018.02.01-14.45.48:321][  0]LogMaterial: Missing cached shader map for material DefaultDeferredDecalMaterial, compiling. 
[2018.02.01-14.45.56:902][  0]LogMaterial: Missing cached shader map for material DefaultLightFunctionMaterial, compiling. 
[2018.02.01-14.45.57:839][  0]LogMaterial: Missing cached shader map for material DefaultPostProcessMaterial, compiling. 
[2018.02.01-14.45.58:495][  0]LogMaterial: Missing cached shader map for material MatineeCam_mat, compiling. 
[2018.02.01-14.45.58:871][  0]LogSimplygon: Simplygon DLL not present - disabling.
[2018.02.01-14.45.58:945][  0]LogMeshReduction: Using SimplygonSwarm for distributed automatic mesh merging
[2018.02.01-14.45.58:945][  0]LogMeshReduction: Using QuadricMeshReduction for automatic static mesh reduction
[2018.02.01-14.45.58:945][  0]LogMeshReduction: No automatic skeletal mesh reduction module available
[2018.02.01-14.45.58:945][  0]LogMeshReduction: No automatic mesh merging module available
[2018.02.01-14.45.58:945][  0]LogMeshMerging: No automatic mesh merging module available
[2018.02.01-14.45.58:978][  0]LogNetVersion: ThirdPersonVR , NetCL: 3709383, EngineNetVer: 2, GameNetVer: 0 (Checksum: 1927482392)
[2018.02.01-14.45.59:012][  0]LogMaterial: Missing cached shader map for material HelpActorMaterial, compiling. 
[2018.02.01-14.45.59:138][  0]LogMaterial: Missing cached shader map for material DefaultTextMaterialOpaque, compiling. 
[2018.02.01-14.45.59:319][  0]LogAssetRegistry: FAssetRegistry took 0.0291 seconds to start up
[2018.02.01-14.45.59:377][  0]LogMaterial: Missing cached shader map for material Xray, compiling. 
[2018.02.01-14.45.59:409][  0]LogMaterial: Missing cached shader map for material Main, compiling. 
[2018.02.01-14.45.59:540][  0]LogMaterial: Missing cached shader map for material SnapGridMaterial, compiling. 
[2018.02.01-14.45.59:574][  0]LogMaterial: Missing cached shader map for material TranslucentTransformGizmoMaterial, compiling. 
[2018.02.01-14.45.59:612][  0]LogMaterial: Missing cached shader map for material TransformGizmoMaterial, compiling. 
[2018.02.01-14.45.59:651][  0]LogMaterial: Missing cached shader map for material CineMat, compiling. 
[2018.02.01-14.45.59:740][  0]LogMaterial: Missing cached shader map for material M_SimpleOpaque, compiling. 
[2018.02.01-14.45.59:783][  0]LogMaterial: Missing cached shader map for material M_SimpleTranslucent, compiling. 
[2018.02.01-14.45.59:888][  0]LogMaterial: Missing cached shader map for material Widget3DPassThrough, compiling. 
[2018.02.01-14.45.59:906][  0]LogMaterial: Missing cached shader map for material Widget3DPassThrough, compiling. 
[2018.02.01-14.45.59:933][  0]LogMaterial: Missing cached shader map for material Widget3DPassThrough, compiling. 
[2018.02.01-14.45.59:955][  0]LogMaterial: Missing cached shader map for material Widget3DPassThrough, compiling. 
[2018.02.01-14.45.59:968][  0]LogMaterial: Missing cached shader map for material Widget3DPassThrough, compiling. 
[2018.02.01-14.45.59:996][  0]LogMaterial: Missing cached shader map for material Widget3DPassThrough, compiling. 
[2018.02.01-14.46.00:145][  0]LogMaterial: Missing cached shader map for material SkySphereMaterial, compiling. 
[2018.02.01-14.46.00:163][  0]LogMaterial: Missing cached shader map for material FloorPlaneMaterial, compiling. 
[2018.02.01-14.46.00:273][  0]LogMaterial: Missing cached shader map for material LandscapeGizmo_Mat, compiling. 
[2018.02.01-14.46.00:313][  0]LogMaterial: Missing cached shader map for material LandscapeGizmoHeight_Mat, compiling. 
[2018.02.01-14.46.00:400][  0]LogMaterial: Missing cached shader map for material SplineEditorMeshMat, compiling. 
[2018.02.01-14.46.00:434][  0]LogMaterial: Missing cached shader map for material ARKitCameraMaterial, compiling. 
[2018.02.01-14.46.00:459][  0]LogMaterial: Missing cached shader map for material GearVRControllerMaterial, compiling. 
[2018.02.01-14.46.00:632][  0]LogPackageLocalizationCache: Processed 7 localized package path(s) for 2 prioritized culture(s) in 0.103800 seconds
[2018.02.01-14.46.00:641][  0]LogUObjectArray: 35870 objects as part of root set at end of initial load.
[2018.02.01-14.46.00:641][  0]LogUObjectAllocator: 7363704 out of 0 bytes used by permanent object pool.
[2018.02.01-14.46.00:641][  0]LogUObjectArray: CloseDisregardForGC: 0/0 objects in disregard for GC pool
[2018.02.01-14.46.00:754][  0]LogInit: WinSock: version 1.1 (2.2), MaxSocks=32767, MaxUdp=65467
[2018.02.01-14.46.03:071][  0]LogMaterial: Missing cached shader map for material GridPostProcess, compiling. 
[2018.02.01-14.46.03:086][  0]LogMaterial: Missing cached shader map for material FlattenHeightMat, compiling. 
[2018.02.01-14.46.03:111][  0]LogMaterial: Missing cached shader map for material ArrowMaterial, compiling. 
[2018.02.01-14.46.03:154][  0]LogMaterial: Missing cached shader map for material KeyDiskMaterial, compiling. 
[2018.02.01-14.46.03:172][  0]LogMaterial: Missing cached shader map for material LaserPointerMaterial, compiling. 
[2018.02.01-14.46.03:203][  0]LogMaterial: Missing cached shader map for material LaserPointerMaterial, compiling. 
[2018.02.01-14.46.03:255][  0]LogMaterial: Missing cached shader map for material GridMaterial, compiling. 
[2018.02.01-14.46.03:275][  0]LogMaterial: Missing cached shader map for material VRTextMaterial, compiling. 
[2018.02.01-14.46.03:306][  0]LogMaterial: Missing cached shader map for material M_ContentWindow, compiling. 
[2018.02.01-14.46.03:371][  0]LogMaterial: Missing cached shader map for material VivePreControllerMaterial, compiling. 
[2018.02.01-14.46.03:405][  0]LogMaterial: Missing cached shader map for material OculusControllerMaterial, compiling. 
[2018.02.01-14.46.03:445][  0]LogMaterial: Missing cached shader map for material GenericHMDMaterial, compiling. 
[2018.02.01-14.46.03:480][  0]LogMaterial: Missing cached shader map for material TeleportDirectionMaterial, compiling. 
[2018.02.01-14.46.03:534][  0]LogMaterial: Missing cached shader map for material LineMaterial, compiling. 
[2018.02.01-14.46.03:549][  0]LogMaterial: Missing cached shader map for material VRTextMaterial, compiling. 
[2018.02.01-14.46.05:095][  0]LogMaterial: Missing cached shader map for material DefaultSpriteMaterial, compiling. 
[2018.02.01-14.46.05:123][  0]LogMaterial: Missing cached shader map for material DefaultSpriteMaterial, compiling. 
[2018.02.01-14.46.05:897][  0]LogTcpMessaging: Initializing TcpMessaging bridge
[2018.02.01-14.46.05:971][  0]LogUdpMessaging: Initializing bridge on interface 0.0.0.0:0 to multicast group 230.0.0.1:6666.
[2018.02.01-14.46.06:563][  0]LogMaterial: Missing cached shader map for material DefaultMaterial, compiling. 
[2018.02.01-14.46.07:320][  0]LogMaterial: Missing cached shader map for material BaseColor, compiling. 
[2018.02.01-14.46.07:335][  0]LogMaterial: Missing cached shader map for material CustomDepth, compiling. 
[2018.02.01-14.46.07:375][  0]LogMaterial: Uniform references updated for custom material expression Custom.
[2018.02.01-14.46.07:378][  0]LogMaterial: Missing cached shader map for material CustomStencil, compiling. 
[2018.02.01-14.46.07:393][  0]LogMaterial: Missing cached shader map for material FinalImage, compiling. 
[2018.02.01-14.46.07:409][  0]LogMaterial: Missing cached shader map for material LightingModel, compiling. 
[2018.02.01-14.46.07:421][  0]LogMaterial: Missing cached shader map for material MaterialAO, compiling. 
[2018.02.01-14.46.07:436][  0]LogMaterial: Missing cached shader map for material Metallic, compiling. 
[2018.02.01-14.46.07:450][  0]LogMaterial: Missing cached shader map for material Opacity, compiling. 
[2018.02.01-14.46.07:464][  0]LogMaterial: Missing cached shader map for material Roughness, compiling. 
[2018.02.01-14.46.07:479][  0]LogMaterial: Missing cached shader map for material SceneColor, compiling. 
[2018.02.01-14.46.07:493][  0]LogMaterial: Missing cached shader map for material SceneDepth, compiling. 
[2018.02.01-14.46.07:509][  0]LogMaterial: Missing cached shader map for material SeparateTranslucencyRGB, compiling. 
[2018.02.01-14.46.07:524][  0]LogMaterial: Missing cached shader map for material SeparateTranslucencyA, compiling. 
[2018.02.01-14.46.07:539][  0]LogMaterial: Missing cached shader map for material Specular, compiling. 
[2018.02.01-14.46.07:553][  0]LogMaterial: Missing cached shader map for material SubsurfaceColor, compiling. 
[2018.02.01-14.46.07:568][  0]LogMaterial: Missing cached shader map for material WorldNormal, compiling. 
[2018.02.01-14.46.07:586][  0]LogMaterial: Missing cached shader map for material AmbientOcclusion, compiling. 
[2018.02.01-14.46.07:614][  0]LogMaterial: Missing cached shader map for material CustomDepthWorldUnits, compiling. 
[2018.02.01-14.46.07:631][  0]LogMaterial: Missing cached shader map for material SceneDepthWorldUnits, compiling. 
[2018.02.01-14.46.07:646][  0]LogMaterial: Missing cached shader map for material PreTonemapHDRColor, compiling. 
[2018.02.01-14.46.07:661][  0]LogMaterial: Missing cached shader map for material PostTonemapHDRColor, compiling. 
[2018.02.01-14.46.08:357][  0]SourceControl: Source control is disabled
[2018.02.01-14.46.08:358][  0]SourceControl: Source control is disabled
[2018.02.01-14.46.08:461][  0]SourceControl: Source control is disabled
[2018.02.01-14.46.08:566][  0]SourceControl: Source control is disabled
[2018.02.01-14.46.09:621][  0]LogMaterial: Missing cached shader map for material DefaultMediaPlaneMaterial, compiling. 
[2018.02.01-14.46.10:163][  0]LogAndroidPermission: UAndroidPermissionCallbackProxy::GetInstance
[2018.02.01-14.46.10:685][  0]LogOcInput: OculusInput pre-init called
[2018.02.01-14.46.11:142][  0]LogMaterial: Missing cached shader map for material HighResScreenshot, compiling. 
[2018.02.01-14.46.11:166][  0]LogMaterial: Missing cached shader map for material HighResScreenshotMask, compiling. 
[2018.02.01-14.46.11:196][  0]LogMaterial: Missing cached shader map for material HighResScreenshotCaptureRegion, compiling. 
[2018.02.01-14.46.11:277][  0]LogEngine: Initializing Engine...
[2018.02.01-14.46.11:281][  0]LogHMD: Failed to initialize OpenVR with code 110
[2018.02.01-14.46.11:286][  0]LogMaterial: Missing cached shader map for material WireframeMaterial, compiling. Is special engine material.
[2018.02.01-14.46.11:613][  0]LogMaterial: Missing cached shader map for material LevelColorationLitMaterial, compiling. Is special engine material.
[2018.02.01-14.46.12:526][  0]LogMaterial: Missing cached shader map for material LevelColorationUnlitMaterial, compiling. Is special engine material.
[2018.02.01-14.46.12:802][  0]LogMaterial: Missing cached shader map for material MAT_LevelColorationLitLightmapUV, compiling. Is special engine material.
[2018.02.01-14.46.13:721][  0]LogMaterial: Missing cached shader map for material ShadedLevelColorationLitMaterial, compiling. Is special engine material.
[2018.02.01-14.46.14:642][  0]LogMaterial: Missing cached shader map for material ShadedLevelColorationUnlitMateri, compiling. Is special engine material.
[2018.02.01-14.46.14:909][  0]LogMaterial: Missing cached shader map for material VertexColorMaterial, compiling. 
[2018.02.01-14.46.15:051][  0]LogMaterial: Missing cached shader map for material VertexColorViewMode_ColorOnly, compiling. 
[2018.02.01-14.46.15:084][  0]LogMaterial: Missing cached shader map for material VertexColorViewMode_AlphaAsColor, compiling. 
[2018.02.01-14.46.15:109][  0]LogMaterial: Missing cached shader map for material VertexColorViewMode_RedOnly, compiling. 
[2018.02.01-14.46.15:136][  0]LogMaterial: Missing cached shader map for material VertexColorViewMode_GreenOnly, compiling. 
[2018.02.01-14.46.15:162][  0]LogMaterial: Missing cached shader map for material VertexColorViewMode_BlueOnly, compiling. 
[2018.02.01-14.46.15:187][  0]LogMaterial: Missing cached shader map for material RemoveSurfaceMaterial, compiling. 
[2018.02.01-14.46.15:199][  0]LogMaterial: Missing cached shader map for material DebugMeshMaterial, compiling. 
[2018.02.01-14.46.15:225][  0]LogMaterial: Missing cached shader map for material M_InvalidLightmapSettings, compiling. 
[2018.02.01-14.46.15:290][  0]LogMaterial: Missing cached shader map for material GizmoMaterial, compiling. 
[2018.02.01-14.46.15:316][  0]LogMaterial: Missing cached shader map for material PhAT_JointLimitMaterial, compiling. 
[2018.02.01-14.46.15:351][  0]LogMaterial: Missing cached shader map for material GeomMaterial, compiling. 
[2018.02.01-14.46.15:373][  0]LogMaterial: Missing cached shader map for material EditorBrushMaterial, compiling. 
[2018.02.01-14.46.15:396][  0]LogMaterial: Missing cached shader map for material BoneWeightMaterial, compiling. 
[2018.02.01-14.46.15:538][  0]LogMaterial: Missing cached shader map for material ClothMaterial, compiling. 
[2018.02.01-14.46.15:564][  0]LogMaterial: Missing cached shader map for material ClothMaterial_WF, compiling. 
[2018.02.01-14.46.15:597][  0]LogMaterial: Missing cached shader map for material DebugEditorMaterial, compiling. 
[2018.02.01-14.46.15:621][  0]LogMaterial: Missing cached shader map for material PreviewShadowIndicatorMaterial, compiling. 
[2018.02.01-14.46.15:747][  0]LogStats: UGameplayTagsManager::ConstructGameplayTagTree: Construct from data asset -  0.000 s
[2018.02.01-14.46.15:747][  0]LogStats: UGameplayTagsManager::ConstructGameplayTagTree: GameplayTagTreeChangedEvent.Broadcast -  0.000 s
[2018.02.01-14.46.15:990][  0]LogAIModule: Creating AISystem for world Untitled
[2018.02.01-14.46.15:997][  0]LogInit: XAudio2 using 'Speakers (Realtek High Definition Audio)' : 2 channels at 48 kHz using 32 bits per sample (channel mask 0x3)
[2018.02.01-14.46.16:046][  0]LogInit: FAudioDevice initialized.
[2018.02.01-14.46.16:116][  0]LogDerivedDataCache: Saved boot cache 0.07s 80MB C:/Users/martynooo/AppData/Local/UnrealEngine/4.18/DerivedDataCache/Boot.ddc.
[2018.02.01-14.46.16:133][  0]LogInit: Texture streaming: Enabled
[2018.02.01-14.46.16:337][  0]LogEngineSessionManager: EngineSessionManager initialized
[2018.02.01-14.46.16:594][  0]LogInit: Transaction tracking system initialized
[2018.02.01-14.46.17:230][  0]BlueprintLog: New page: Editor Load
[2018.02.01-14.46.19:036][  0]LocalizationService: Localization service is disabled
[2018.02.01-14.46.20:507][  0]LogConsoleResponse: Display: 
[2018.02.01-14.46.20:562][  0]LogMaterial: Missing cached shader map for material Cross_Mat, compiling. 
[2018.02.01-14.46.20:594][  0]LogMaterial: Missing cached shader map for material PhAT_BoneSelectedMaterial, compiling. 
[2018.02.01-14.46.20:621][  0]LogMaterial: Missing cached shader map for material PhAT_ElemSelectedMaterial, compiling. 
[2018.02.01-14.46.20:644][  0]LogMaterial: Missing cached shader map for material PhAT_NoCollisionMaterial, compiling. 
[2018.02.01-14.46.20:666][  0]LogMaterial: Missing cached shader map for material PhAT_UnselectedMaterial, compiling. 
[2018.02.01-14.46.20:692][  0]LogMaterial: Missing cached shader map for material Tick_Mat, compiling. 
[2018.02.01-14.46.20:727][  0]LogMaterial: Missing cached shader map for material WidgetGridVertexColorMaterial_Ma, compiling. 
[2018.02.01-14.46.20:752][  0]LogMaterial: Missing cached shader map for material WidgetMaterial, compiling. 
[2018.02.01-14.46.20:776][  0]LogMaterial: Missing cached shader map for material WidgetMaterial_Current, compiling. 
[2018.02.01-14.46.20:799][  0]LogMaterial: Missing cached shader map for material WidgetMaterial_X, compiling. 
[2018.02.01-14.46.20:822][  0]LogMaterial: Missing cached shader map for material WidgetMaterial_Y, compiling. 
[2018.02.01-14.46.20:846][  0]LogMaterial: Missing cached shader map for material WidgetMaterial_Z, compiling. 
[2018.02.01-14.46.20:869][  0]LogMaterial: Missing cached shader map for material WidgetVertexColorMaterial, compiling. 
[2018.02.01-14.46.20:939][  0]LogMaterial: Missing cached shader map for material LevelGridMaterial, compiling. 
[2018.02.01-14.46.21:005][  0]LogMaterial: Missing cached shader map for material BlinkingCaret, compiling. 
[2018.02.01-14.46.21:055][  0]LogMaterial: Missing cached shader map for material M_StreamingPause, compiling. 
[2018.02.01-14.46.21:098][  0]LogCook: Display: Max memory allowance for cook 16384mb min free memory 0mb
[2018.02.01-14.46.21:099][  0]LogCook: Display: Mobile HDR setting 1
[2018.02.01-14.46.21:099][  0]LogGameplayTags: Display: UGameplayTagsManager::DoneAddingNativeTags. DelegateIsBound: 0
[2018.02.01-14.46.21:147][  0]LogFileCache: Scanning file cache for directory 'C:/FYP/vr_project/ThirdPersonVR/Content/' took 0.02s
[2018.02.01-14.46.23:415][  0]SourceControl: Source control is disabled
[2018.02.01-14.46.23:415][  0]Cmd: MAP LOAD FILE="../../../../../FYP/vr_project/ThirdPersonVR/Content/ThirdPersonBP/Maps/ThirdPersonExampleMap.umap" TEMPLATE=0 SHOWPROGRESS=1 FEATURELEVEL=3
[2018.02.01-14.46.23:416][  0]LightingResults: New page: Lighting Build
[2018.02.01-14.46.23:496][  0]MapCheck: New page: Map Check
[2018.02.01-14.46.23:496][  0]LightingResults: New page: Lighting Build
[2018.02.01-14.46.23:902][  0]LogMaterial: Missing cached shader map for material CubeMaterial, compiling. 
[2018.02.01-14.46.23:950][  0]LogMaterial: Missing cached shader map for material M_UE4Man_Body, compiling. 
[2018.02.01-14.46.24:126][  0]LogMaterial: Missing cached shader map for material M_UE4Man_Body, compiling. 
[2018.02.01-14.46.24:358][  0]LogMaterial: Missing cached shader map for material M_Sky_Panning_Clouds2, compiling. 
[2018.02.01-14.46.24:433][  0]LogMaterial: Missing cached shader map for material RampMaterial, compiling. 
[2018.02.01-14.46.24:480][  0]LogMaterial: Missing cached shader map for material M_Basic_Wall, compiling. 
[2018.02.01-14.46.24:530][  0]LogMaterial: Missing cached shader map for material M_ChromeBall, compiling. 
[2018.02.01-14.46.24:576][  0]LogMaterial: Missing cached shader map for material reflection, compiling. 
[2018.02.01-14.46.24:655][  0]LogAIModule: Creating AISystem for world ThirdPersonExampleMap
[2018.02.01-14.46.25:353][  0]LogEditorServer: Finished looking for orphan Actors (0.000 secs)
[2018.02.01-14.46.25:371][  0]Cmd: MAP CHECKDEP NOCLEARLOG
[2018.02.01-14.46.25:455][  0]MapCheck: Map check complete: 0 Error(s), 0 Warning(s), took 83.212ms to complete.
[2018.02.01-14.46.25:455][  0]LogFileHelpers: Loading map 'ThirdPersonExampleMap' took 2.040
[2018.02.01-14.46.25:512][  0]LogWindowsTextInputMethodSystem: Display: IME system now deactivated.
[2018.02.01-14.46.25:639][  0]LogCollectionManager: Loaded 0 collections in 0.003013 seconds
[2018.02.01-14.46.25:759][  0]LogFileCache: Scanning file cache for directory 'C:/FYP/vr_project/ThirdPersonVR/Saved/Collections/' took 0.01s
[2018.02.01-14.46.25:759][  0]LogFileCache: Scanning file cache for directory 'C:/FYP/vr_project/ThirdPersonVR/Content/Developers/martynooo/Collections/' took 0.01s
[2018.02.01-14.46.25:760][  0]LogFileCache: Scanning file cache for directory 'C:/FYP/vr_project/ThirdPersonVR/Content/Collections/' took 0.01s
[2018.02.01-14.46.25:760][  0]LogCollectionManager: Rebuilt the GUID cache for 0 collections in 0.000001 seconds
[2018.02.01-14.46.25:774][  0]LogContentBrowser: Native class hierarchy populated in 0.0142 seconds. Added 2363 classes and 519 folders.
[2018.02.01-14.46.25:909][  0]LogContentBrowser: Native class hierarchy updated for 'WidgetCarousel' in 0.0003 seconds. Added 0 classes and 0 folders.
[2018.02.01-14.46.25:970][  0]LogContentBrowser: Native class hierarchy updated for 'AddContentDialog' in 0.0003 seconds. Added 0 classes and 0 folders.
[2018.02.01-14.46.26:054][  0]LogContentBrowser: Native class hierarchy updated for 'SceneOutliner' in 0.0004 seconds. Added 1 classes and 2 folders.
[2018.02.01-14.46.27:535][  0]LogSlate: Only BGRA pngs, bmps or icos are supported in by External Image Picker
[2018.02.01-14.46.27:563][  0]LogSlate: Took 0.000260 seconds to synchronously load lazily loaded font '../../../Engine/Content/Slate/Fonts/Roboto-Regular.ttf' (155K)
[2018.02.01-14.46.27:567][  0]LogSlate: Took 0.000228 seconds to synchronously load lazily loaded font '../../../Engine/Content/Slate/Fonts/Roboto-Bold.ttf' (160K)
[2018.02.01-14.46.27:575][  0]LogSlate: Took 0.000298 seconds to synchronously load lazily loaded font '../../../Engine/Content/Editor/Slate/Fonts/FontAwesome.ttf' (139K)
[2018.02.01-14.46.27:635][  0]LogTemp: Executing iPhonePackager certificates Engine -bundlename com.YourCompany.ThirdPersonVR
[2018.02.01-14.46.27:635][  0]LogTemp: CWD: C:\Unreal\UE_4.18\Engine\Binaries\DotNET\IOS
[2018.02.01-14.46.27:635][  0]LogTemp: Initial Dir: C:\Unreal\UE_4.18
[2018.02.01-14.46.27:635][  0]LogTemp: Env CWD: C:\Unreal\UE_4.18\Engine\Binaries\DotNET\IOS
[2018.02.01-14.46.27:635][  0]LogTemp: BranchPath = DESKTOP-13UT98C/C/Unreal/UE_4.18/Engine/Binaries --- GameBranchPath = DESKTOP-13UT98C/C/Unreal/UE_4.18/Engine/Binaries
[2018.02.01-14.46.27:635][  0]LogTemp: IPP ERROR: Could not find provision directory 'C:\Users\martynooo\AppData\Local/Apple Computer/MobileDevice/Provisioning Profiles/'.
[2018.02.01-14.46.27:635][  0]LogMaterial: Missing cached shader map for material LevelGridMaterial2, compiling. 
[2018.02.01-14.46.27:754][  0]LogRenderer: Reallocating scene render targets to support 484x220 Format 10 NumSamples 1 (Frame:1).
[2018.02.01-14.46.27:775][  0]LogRenderer: Reallocating scene render targets to support 964x436 Format 10 NumSamples 1 (Frame:1).
[2018.02.01-14.46.28:014][  0]LogContentBrowser: Native class hierarchy updated for 'HierarchicalLODOutliner' in 0.0004 seconds. Added 1 classes and 2 folders.
[2018.02.01-14.46.28:015][  0]LogLoad: (Engine Initialization) Total time: 164.46 seconds
[2018.02.01-14.46.28:015][  0]LogLoad: (Engine Initialization) Total Blueprint compile time: 0.00 seconds
[2018.02.01-14.46.28:015][  0]LogExternalProfiler: No external profilers were discovered.  External profiling features will not be available.
[2018.02.01-14.46.28:067][  0]LogContentStreaming: Texture pool size now 1000 MB
[2018.02.01-14.46.28:135][  0]LogSlate: Took 0.000232 seconds to synchronously load lazily loaded font '../../../Engine/Content/Slate/Fonts/Roboto-Light.ttf' (159K)
[2018.02.01-14.46.28:178][  1]LogAssetRegistry: Asset discovery search completed in 28.8814 seconds
[2018.02.01-14.46.28:181][  1]LogCollectionManager: Rebuilt the object cache for 0 collections in 0.000000 seconds (found 0 objects)
[2018.02.01-14.46.28:182][  1]LogCollectionManager: Fixed up redirectors for 0 collections in 0.000100 seconds (updated 0 objects)
[2018.02.01-14.46.29:700][ 11]LogSlate: Took 0.000417 seconds to synchronously load lazily loaded font '../../../Engine/Content/Slate/Fonts/Roboto-Light.ttf' (159K)
[2018.02.01-14.50.36:508][ 49]LogSlate: Took 0.000144 seconds to synchronously load lazily loaded font '../../../Engine/Content/Slate/Fonts/Roboto-Light.ttf' (159K)
[2018.02.01-14.50.36:793][ 49]LogMaterial: Missing cached shader map for material M_SkyBox, compiling. 
[2018.02.01-14.50.36:807][ 49]LogMaterial: Missing cached shader map for material GridMaterial, compiling. 
[2018.02.01-14.50.37:143][ 49]LogContentBrowser: Native class hierarchy updated for 'MaterialEditor' in 0.0004 seconds. Added 1 classes and 0 folders.
[2018.02.01-14.50.37:147][ 49]LogMaterial: Missing cached shader map for material reflection, compiling. 
[2018.02.01-14.50.37:254][ 49]LogMaterial: Missing cached shader map for material reflection, compiling. 
[2018.02.01-14.50.37:278][ 49]LogMaterial: Missing cached shader map for material reflection, compiling. 
[2018.02.01-14.50.37:324][ 49]LogMaterial: Missing cached shader map for material FMatExpressionPreview MaterialExpressionConstant3Vector_0, compiling. 
[2018.02.01-14.50.37:334][ 49]LogSlate: Took 0.000220 seconds to synchronously load lazily loaded font '../../../Engine/Content/Editor/Slate/Fonts/Roboto-BoldCondensed.ttf' (158K)
[2018.02.01-14.50.39:387][102]MaterialEditorStats: Base pass shader: 105 instructions
[2018.02.01-14.50.39:387][102]MaterialEditorStats: Base pass shader with Volumetric Lightmap: 179 instructions
[2018.02.01-14.50.39:387][102]MaterialEditorStats: Vertex shader: 32 instructions
[2018.02.01-14.50.39:387][102]MaterialEditorStats: Texture samplers: 2/16
[2018.02.01-14.50.41:389][139]LogRenderer: Reallocating scene render targets to support 1144x708 Format 10 NumSamples 1 (Frame:1).
[2018.02.01-14.50.52:230][578]LogTemp: Repeating last play command: Standalone Game
[2018.02.01-14.51.57:222][681]LogSlate: Took 0.000193 seconds to synchronously load lazily loaded font '../../../Engine/Content/Editor/Slate/Fonts/Roboto-Italic.ttf' (157K)
[2018.02.01-14.52.11:865][353]LogEditorViewport: Clicking on Actor (context menu): StaticMeshActor (Wall11)
[2018.02.01-14.52.13:670][427]Cmd: SELECT NONE
[2018.02.01-14.52.17:334][617]LogEditorViewport: Clicking on Actor (LMB): StaticMeshActor (Mirror)
[2018.02.01-14.53.12:038][723]LogEditorViewport: Clicking on Actor (LMB): PlanarReflection (PlanarReflection)
[2018.02.01-14.53.51:033][591]LogSavePackage: Save=131.21ms
[2018.02.01-14.53.51:033][591]LogSavePackage: Moving '../../../../../FYP/vr_project/ThirdPersonVR/Saved/ThirdPersonExampleMapB6732E134086CAE47A9D80A03354D812.tmp' to '../../../../../FYP/vr_project/ThirdPersonVR/Content/ThirdPersonBP/Maps/ThirdPersonExampleMap.umap'
[2018.02.01-14.53.51:040][591]LogSavePackage: Display: Finished SavePackage ../../../../../FYP/vr_project/ThirdPersonVR/Content/ThirdPersonBP/Maps/ThirdPersonExampleMap.umap
[2018.02.01-14.53.51:274][591]LogSavePackage: Save=199.53ms
[2018.02.01-14.53.51:274][591]LogSavePackage: Moving '../../../../../FYP/vr_project/ThirdPersonVR/Saved/ThirdPersonExampleMap_BuiltData90FA7F8B4554EF4C56D5B581D53CFB67.tmp' to '../../../../../FYP/vr_project/ThirdPersonVR/Content/ThirdPersonBP/Maps/ThirdPersonExampleMap_BuiltData.uasset'
[2018.02.01-14.53.51:275][591]LogSavePackage: Display: Finished SavePackage ../../../../../FYP/vr_project/ThirdPersonVR/Content/ThirdPersonBP/Maps/ThirdPersonExampleMap_BuiltData.uasset
[2018.02.01-14.53.52:971][655]LogTemp: Repeating last play command: Standalone Game
[2018.02.01-14.55.25:386][413]Cmd: DELETE
[2018.02.01-14.55.25:386][413]Cmd: ACTOR DELETE
[2018.02.01-14.55.25:389][413]LogEditorActor: Deleted Actor: PlanarReflection
[2018.02.01-14.55.25:398][413]LogEditorActor: Deleted 1 Actors (0.012 secs)
[2018.02.01-14.56.19:723][116]Cmd: TRANSACTION UNDO
[2018.02.01-14.56.19:723][116]LogEditorTransaction: Undo Reset Scale
[2018.02.01-14.56.39:742][880]LogEditorViewport: Clicking on Actor (LMB): StaticMeshActor (Floor)
[2018.02.01-14.56.41:271][968]Cmd: TRANSACTION UNDO
[2018.02.01-14.56.41:271][968]LogEditorTransaction: Undo Clicking on Actors
[2018.02.01-14.58.50:364][821]LogEditorViewport: Clicking on Actor (LMB): PlanarReflection (PlanarReflection)
[2018.02.01-14.58.57:427][ 54]LogWindows: Windows GetLastError: The operation completed successfully. (0)
[2018.02.01-14.58.58:390][ 54]LogWindows: Error: === Critical error: ===
[2018.02.01-14.58.58:390][ 54]LogWindows: Error: 
[2018.02.01-14.58.58:390][ 54]LogWindows: Error: Assertion failed: FVector::Distance(InitOptions.ViewRotationMatrix.GetScaleVector(), FVector::OneVector) < KINDA_SMALL_NUMBER [File:D:\Build\++UE4+Release-4.18+Compile\Sync\Engine\Source\Runtime\Engine\Private\SceneView.cpp] [Line: 471] 
[2018.02.01-14.58.58:390][ 54]LogWindows: Error: 
[2018.02.01-14.58.58:390][ 54]LogWindows: Error: 
[2018.02.01-14.58.58:390][ 54]LogWindows: Error: 
[2018.02.01-14.58.58:390][ 54]LogWindows: Error: [Callstack] 0x00000000C22C3FB8 KERNELBASE.dll!UnknownFunction []
[2018.02.01-14.58.58:390][ 54]LogWindows: Error: [Callstack] 0x00000000A27A76D4 UE4Editor-ApplicationCore.dll!UnknownFunction []
[2018.02.01-14.58.58:390][ 54]LogWindows: Error: [Callstack] 0x00000000A2CD330B UE4Editor-Core.dll!UnknownFunction []
[2018.02.01-14.58.58:390][ 54]LogWindows: Error: [Callstack] 0x00000000A2C647F9 UE4Editor-Core.dll!UnknownFunction []
[2018.02.01-14.58.58:390][ 54]LogWindows: Error: [Callstack] 0x000000007536BE34 UE4Editor-Engine.dll!UnknownFunction []
[2018.02.01-14.58.58:390][ 54]LogWindows: Error: [Callstack] 0x0000000075369F35 UE4Editor-Engine.dll!UnknownFunction []
[2018.02.01-14.58.58:390][ 54]LogWindows: Error: [Callstack] 0x0000000071CE1C49 UE4Editor-Renderer.dll!UnknownFunction []
[2018.02.01-14.58.58:390][ 54]LogWindows: Error: [Callstack] 0x0000000071A762D3 UE4Editor-Renderer.dll!UnknownFunction []
[2018.02.01-14.58.58:390][ 54]LogWindows: Error: [Callstack] 0x0000000071D957A6 UE4Editor-Renderer.dll!UnknownFunction []
[2018.02.01-14.58.58:390][ 54]LogWindows: Error: [Callstack] 0x000000008D410D5E UE4Editor-UnrealEd.dll!UnknownFunction []
[2018.02.01-14.58.58:390][ 54]LogWindows: Error: [Callstack] 0x00000000756E09D2 UE4Editor-Engine.dll!UnknownFunction []
[2018.02.01-14.58.58:390][ 54]LogWindows: Error: [Callstack] 0x000000008D369243 UE4Editor-UnrealEd.dll!UnknownFunction []
[2018.02.01-14.58.58:390][ 54]LogWindows: Error: [Callstack] 0x000000008D3670CD UE4Editor-UnrealEd.dll!UnknownFunction []
[2018.02.01-14.58.58:390][ 54]LogWindows: Error: [Callstack] 0x000000008DC14AC6 UE4Editor-UnrealEd.dll!UnknownFunction []
[2018.02.01-14.58.58:390][ 54]LogWindows: Error: [Callstack] 0x00000000FDC35A26 UE4Editor.exe!UnknownFunction []
[2018.02.01-14.58.58:390][ 54]LogWindows: Error: [Callstack] 0x00000000FDC45430 UE4Editor.exe!UnknownFunction []
[2018.02.01-14.58.58:390][ 54]LogWindows: Error: [Callstack] 0x00000000FDC454AA UE4Editor.exe!UnknownFunction []
[2018.02.01-14.58.58:390][ 54]LogWindows: Error: [Callstack] 0x00000000FDC52379 UE4Editor.exe!UnknownFunction []
[2018.02.01-14.58.58:390][ 54]LogWindows: Error: [Callstack] 0x00000000FDC53D57 UE4Editor.exe!UnknownFunction []
[2018.02.01-14.58.58:390][ 54]LogWindows: Error: [Callstack] 0x00000000C3291FE4 KERNEL32.DLL!UnknownFunction []
[2018.02.01-14.58.58:390][ 54]LogWindows: Error: [Callstack] 0x00000000C5E1EFB1 ntdll.dll!UnknownFunction []
[2018.02.01-14.58.58:390][ 54]LogWindows: Error: [Callstack] 0x00000000C5E1EFB1 ntdll.dll!UnknownFunction []
[2018.02.01-14.58.58:390][ 54]LogWindows: Error: 
[2018.02.01-14.58.58:403][ 54]LogExit: Executing StaticShutdownAfterError
[2018.02.01-14.58.58:406][ 54]LogWindows: FPlatformMisc::RequestExit(1)
[2018.02.01-14.58.58:407][ 54]Log file closed, 02/01/18 14:58:58
