Log file open, 02/08/18 13:00:04
LogWindows: Failed to load 'aqProf.dll' (GetLastError=126)
LogWindows: File 'aqProf.dll' does not exist
LogWindows: Failed to load 'VSPerf140.dll' (GetLastError=126)
LogWindows: File 'VSPerf140.dll' does not exist
LogWindows: Failed to load 'VtuneApi.dll' (GetLastError=126)
LogWindows: File 'VtuneApi.dll' does not exist
LogWindows: Failed to load 'VtuneApi32e.dll' (GetLastError=126)
LogWindows: File 'VtuneApi32e.dll' does not exist
LogInit: Display: Running engine for game: ThirdPersonVR
LogPlatformFile: Not using cached read wrapper
LogInit: Display: RandInit(1437687318) SRandInit(1437687318).
LogInit: Read version file with build ID '3709383'
LogInit: Overriding engine version to CL 3832480, compatible CL 3709383
LogInit: Registered custom module enumerator with build ID '3709383'
LogTaskGraph: Started task graph with 5 named threads and 14 total threads with 3 sets of task threads.
LogStats: Stats thread started at 0.176695
LogD3D11RHI: Aftermath initialized
LogModuleManager: Display: Found up-to-date module file ../../../Engine/Plugins/2D/Paper2D/Binaries/Win64/UE4Editor-Paper2D.dll (API version 3709383).
LogModuleManager: Display: Found up-to-date module file ../../../Engine/Plugins/2D/Paper2D/Binaries/Win64/UE4Editor-Paper2DEditor.dll (API version 3709383).
LogModuleManager: Display: Found up-to-date module file ../../../Engine/Plugins/2D/Paper2D/Binaries/Win64/UE4Editor-PaperSpriteSheetImporter.dll (API version 3709383).
LogModuleManager: Display: Found up-to-date module file ../../../Engine/Plugins/2D/Paper2D/Binaries/Win64/UE4Editor-PaperTiledImporter.dll (API version 3709383).
LogModuleManager: Display: Found up-to-date module file ../../../Engine/Plugins/2D/Paper2D/Binaries/Win64/UE4Editor-SmartSnapping.dll (API version 3709383).
LogModuleManager: Display: Found up-to-date module file ../../../Engine/Plugins/Blendables/LightPropagationVolume/Binaries/Win64/UE4Editor-LightPropagationVolumeRuntime.dll (API version 3709383).
LogModuleManager: Display: Found up-to-date module file ../../../Engine/Plugins/Blendables/LightPropagationVolume/Binaries/Win64/UE4Editor-LightPropagationVolumeEditor.dll (API version 3709383).
LogModuleManager: Display: Found up-to-date module file ../../../Engine/Plugins/Developer/GitSourceControl/Binaries/Win64/UE4Editor-GitSourceControl.dll (API version 3709383).
LogModuleManager: Display: Found up-to-date module file ../../../Engine/Plugins/Developer/PerforceSourceControl/Binaries/Win64/UE4Editor-PerforceSourceControl.dll (API version 3709383).
LogModuleManager: Display: Found up-to-date module file ../../../Engine/Plugins/Developer/SubversionSourceControl/Binaries/Win64/UE4Editor-SubversionSourceControl.dll (API version 3709383).
LogModuleManager: Display: Found up-to-date module file ../../../Engine/Plugins/Developer/UObjectPlugin/Binaries/Win64/UE4Editor-UObjectPlugin.dll (API version 3709383).
LogModuleManager: Display: Found up-to-date module file ../../../Engine/Plugins/Developer/VisualStudioCodeSourceCodeAccess/Binaries/Win64/UE4Editor-VisualStudioCodeSourceCodeAccess.dll (API version 3709383).
LogModuleManager: Display: Found up-to-date module file ../../../Engine/Plugins/Developer/VisualStudioSourceCodeAccess/Binaries/Win64/UE4Editor-VisualStudioSourceCodeAccess.dll (API version 3709383).
LogModuleManager: Display: Found up-to-date module file ../../../Engine/Plugins/Editor/AssetManagerEditor/Binaries/Win64/UE4Editor-AssetManagerEditor.dll (API version 3709383).
LogModuleManager: Display: Found up-to-date module file ../../../Engine/Plugins/Editor/AudioCapture/Binaries/Win64/UE4Editor-AudioCapture.dll (API version 3709383).
LogModuleManager: Display: Found up-to-date module file ../../../Engine/Plugins/Editor/FacialAnimation/Binaries/Win64/UE4Editor-FacialAnimation.dll (API version 3709383).
LogModuleManager: Display: Found up-to-date module file ../../../Engine/Plugins/Editor/FacialAnimation/Binaries/Win64/UE4Editor-FacialAnimationEditor.dll (API version 3709383).
LogModuleManager: Display: Found up-to-date module file ../../../Engine/Plugins/Editor/GameplayTagsEditor/Binaries/Win64/UE4Editor-GameplayTagsEditor.dll (API version 3709383).
LogModuleManager: Display: Found up-to-date module file ../../../Engine/Plugins/Editor/MobileLauncherProfileWizard/Binaries/Win64/UE4Editor-MobileLauncherProfileWizard.dll (API version 3709383).
LogModuleManager: Display: Found up-to-date module file ../../../Engine/Plugins/Editor/PluginBrowser/Binaries/Win64/UE4Editor-PluginBrowser.dll (API version 3709383).
LogModuleManager: Display: Found up-to-date module file ../../../Engine/Plugins/Editor/SpeedTreeImporter/Binaries/Win64/UE4Editor-SpeedTreeImporter.dll (API version 3709383).
LogModuleManager: Display: Found up-to-date module file ../../../Engine/Plugins/Experimental/AlembicImporter/Binaries/Win64/UE4Editor-AlembicImporter.dll (API version 3709383).
LogModuleManager: Display: Found up-to-date module file ../../../Engine/Plugins/Experimental/AlembicImporter/Binaries/Win64/UE4Editor-AlembicLibrary.dll (API version 3709383).
LogModuleManager: Display: Found up-to-date module file ../../../Engine/Plugins/Experimental/CharacterAI/Binaries/Win64/UE4Editor-CharacterAI.dll (API version 3709383).
LogModuleManager: Display: Found up-to-date module file ../../../Engine/Plugins/Experimental/HTML5Networking/Binaries/Win64/UE4Editor-HTML5Networking.dll (API version 3709383).
LogModuleManager: Display: Found up-to-date module file ../../../Engine/Plugins/Media/AndroidMedia/Binaries/Win64/UE4Editor-AndroidMediaEditor.dll (API version 3709383).
LogModuleManager: Display: Found up-to-date module file ../../../Engine/Plugins/Media/AndroidMedia/Binaries/Win64/UE4Editor-AndroidMediaFactory.dll (API version 3709383).
LogModuleManager: Display: Found up-to-date module file ../../../Engine/Plugins/Media/AvfMedia/Binaries/Win64/UE4Editor-AvfMediaEditor.dll (API version 3709383).
LogModuleManager: Display: Found up-to-date module file ../../../Engine/Plugins/Media/AvfMedia/Binaries/Win64/UE4Editor-AvfMediaFactory.dll (API version 3709383).
LogModuleManager: Display: Found up-to-date module file ../../../Engine/Plugins/Media/AvfMedia/Binaries/Win64/UE4Editor-AvfMediaFactory.dll (API version 3709383).
LogModuleManager: Display: Found up-to-date module file ../../../Engine/Plugins/Media/ImgMedia/Binaries/Win64/UE4Editor-ImgMedia.dll (API version 3709383).
LogModuleManager: Display: Found up-to-date module file ../../../Engine/Plugins/Media/ImgMedia/Binaries/Win64/UE4Editor-ImgMediaEditor.dll (API version 3709383).
LogModuleManager: Display: Found up-to-date module file ../../../Engine/Plugins/Media/ImgMedia/Binaries/Win64/UE4Editor-ImgMediaFactory.dll (API version 3709383).
LogModuleManager: Display: Found up-to-date module file ../../../Engine/Plugins/Media/ImgMedia/Binaries/Win64/UE4Editor-ImgMediaFactory.dll (API version 3709383).
LogModuleManager: Display: Found up-to-date module file ../../../Engine/Plugins/Media/ImgMedia/Binaries/Win64/UE4Editor-OpenExrWrapper.dll (API version 3709383).
LogModuleManager: Display: Found up-to-date module file ../../../Engine/Plugins/Media/MediaCompositing/Binaries/Win64/UE4Editor-MediaCompositing.dll (API version 3709383).
LogModuleManager: Display: Found up-to-date module file ../../../Engine/Plugins/Media/MediaCompositing/Binaries/Win64/UE4Editor-MediaCompositingEditor.dll (API version 3709383).
LogModuleManager: Display: Found up-to-date module file ../../../Engine/Plugins/Media/MediaPlayerEditor/Binaries/Win64/UE4Editor-MediaPlayerEditor.dll (API version 3709383).
LogModuleManager: Display: Found up-to-date module file ../../../Engine/Plugins/Media/WmfMedia/Binaries/Win64/UE4Editor-WmfMedia.dll (API version 3709383).
LogModuleManager: Display: Found up-to-date module file ../../../Engine/Plugins/Media/WmfMedia/Binaries/Win64/UE4Editor-WmfMediaEditor.dll (API version 3709383).
LogModuleManager: Display: Found up-to-date module file ../../../Engine/Plugins/Media/WmfMedia/Binaries/Win64/UE4Editor-WmfMediaFactory.dll (API version 3709383).
LogModuleManager: Display: Found up-to-date module file ../../../Engine/Plugins/Media/WmfMedia/Binaries/Win64/UE4Editor-WmfMediaFactory.dll (API version 3709383).
LogModuleManager: Display: Found up-to-date module file ../../../Engine/Plugins/Messaging/TcpMessaging/Binaries/Win64/UE4Editor-TcpMessaging.dll (API version 3709383).
LogModuleManager: Display: Found up-to-date module file ../../../Engine/Plugins/Messaging/UdpMessaging/Binaries/Win64/UE4Editor-UdpMessaging.dll (API version 3709383).
LogModuleManager: Display: Found up-to-date module file ../../../Engine/Plugins/MovieScene/ActorSequence/Binaries/Win64/UE4Editor-ActorSequence.dll (API version 3709383).
LogModuleManager: Display: Found up-to-date module file ../../../Engine/Plugins/MovieScene/LevelSequenceEditor/Binaries/Win64/UE4Editor-LevelSequenceEditor.dll (API version 3709383).
LogModuleManager: Display: Found up-to-date module file ../../../Engine/Plugins/MovieScene/MatineeToLevelSequence/Binaries/Win64/UE4Editor-MatineeToLevelSequence.dll (API version 3709383).
LogModuleManager: Display: Found up-to-date module file ../../../Engine/Plugins/Online/OnlineSubsystem/Binaries/Win64/UE4Editor-OnlineSubsystem.dll (API version 3709383).
LogModuleManager: Display: Found up-to-date module file ../../../Engine/Plugins/Runtime/AndroidPermission/Binaries/Win64/UE4Editor-AndroidPermission.dll (API version 3709383).
LogModuleManager: Display: Found up-to-date module file ../../../Engine/Plugins/Online/OnlineSubsystemNull/Binaries/Win64/UE4Editor-OnlineSubsystemNull.dll (API version 3709383).
LogModuleManager: Display: Found up-to-date module file ../../../Engine/Plugins/Online/OnlineSubsystemUtils/Binaries/Win64/UE4Editor-OnlineSubsystemUtils.dll (API version 3709383).
LogModuleManager: Display: Found up-to-date module file ../../../Engine/Plugins/Online/OnlineSubsystemUtils/Binaries/Win64/UE4Editor-OnlineBlueprintSupport.dll (API version 3709383).
LogModuleManager: Display: Found up-to-date module file ../../../Engine/Plugins/Runtime/AndroidDeviceProfileSelector/Binaries/Win64/UE4Editor-AndroidDeviceProfileSelector.dll (API version 3709383).
LogModuleManager: Display: Found up-to-date module file ../../../Engine/Plugins/Runtime/AppleARKit/Binaries/Win64/UE4Editor-AppleARKit.dll (API version 3709383).
LogModuleManager: Display: Found up-to-date module file ../../../Engine/Plugins/Runtime/ArchVisCharacter/Binaries/Win64/UE4Editor-ArchVisCharacter.dll (API version 3709383).
LogModuleManager: Display: Found up-to-date module file ../../../Engine/Plugins/Runtime/CableComponent/Binaries/Win64/UE4Editor-CableComponent.dll (API version 3709383).
LogModuleManager: Display: Found up-to-date module file ../../../Engine/Plugins/Runtime/CustomMeshComponent/Binaries/Win64/UE4Editor-CustomMeshComponent.dll (API version 3709383).
LogModuleManager: Display: Found up-to-date module file ../../../Engine/Plugins/Runtime/ExampleDeviceProfileSelector/Binaries/Win64/UE4Editor-ExampleDeviceProfileSelector.dll (API version 3709383).
LogModuleManager: Display: Found up-to-date module file ../../../Engine/Plugins/Runtime/ImmediatePhysics/Binaries/Win64/UE4Editor-ImmediatePhysics.dll (API version 3709383).
LogModuleManager: Display: Found up-to-date module file ../../../Engine/Plugins/Runtime/ImmediatePhysics/Binaries/Win64/UE4Editor-ImmediatePhysicsEditor.dll (API version 3709383).
LogModuleManager: Display: Found up-to-date module file ../../../Engine/Plugins/Runtime/LocationServicesBPLibrary/Binaries/Win64/UE4Editor-LocationServicesBPLibrary.dll (API version 3709383).
LogModuleManager: Display: Found up-to-date module file ../../../Engine/Plugins/Runtime/MobilePatchingUtils/Binaries/Win64/UE4Editor-MobilePatchingUtils.dll (API version 3709383).
LogModuleManager: Display: Found up-to-date module file ../../../Engine/Plugins/Runtime/Oculus/OculusVR/Binaries/Win64/UE4Editor-OculusHMD.dll (API version 3709383).
LogModuleManager: Display: Found up-to-date module file ../../../Engine/Plugins/Runtime/Oculus/OculusVR/Binaries/Win64/UE4Editor-OculusInput.dll (API version 3709383).
LogModuleManager: Display: Found up-to-date module file ../../../Engine/Plugins/Runtime/Oculus/OculusVR/Binaries/Win64/UE4Editor-OculusEditor.dll (API version 3709383).
LogModuleManager: Display: Found up-to-date module file ../../../Engine/Plugins/Runtime/PhysXVehicles/Binaries/Win64/UE4Editor-PhysXVehicles.dll (API version 3709383).
LogModuleManager: Display: Found up-to-date module file ../../../Engine/Plugins/Runtime/PhysXVehicles/Binaries/Win64/UE4Editor-PhysXVehiclesEditor.dll (API version 3709383).
LogModuleManager: Display: Found up-to-date module file ../../../Engine/Plugins/Runtime/ProceduralMeshComponent/Binaries/Win64/UE4Editor-ProceduralMeshComponent.dll (API version 3709383).
LogModuleManager: Display: Found up-to-date module file ../../../Engine/Plugins/Runtime/ProceduralMeshComponent/Binaries/Win64/UE4Editor-ProceduralMeshComponentEditor.dll (API version 3709383).
LogModuleManager: Display: Found up-to-date module file ../../../Engine/Plugins/Runtime/RuntimePhysXCooking/Binaries/Win64/UE4Editor-RuntimePhysXCooking.dll (API version 3709383).
LogModuleManager: Display: Found up-to-date module file ../../../Engine/Plugins/Runtime/Steam/SteamVR/Binaries/Win64/UE4Editor-SteamVR.dll (API version 3709383).
LogModuleManager: Display: Found up-to-date module file ../../../Engine/Plugins/Runtime/Steam/SteamVR/Binaries/Win64/UE4Editor-SteamVRController.dll (API version 3709383).
LogModuleManager: Display: Found up-to-date module file ../../../Engine/Plugins/Runtime/WindowsMoviePlayer/Binaries/Win64/UE4Editor-WindowsMoviePlayer.dll (API version 3709383).
LogPluginManager: Mounting plugin Paper2D
LogPluginManager: Mounting plugin LightPropagationVolume
LogPluginManager: Mounting plugin CodeLiteSourceCodeAccess
LogPluginManager: Mounting plugin GitSourceControl
LogPluginManager: Mounting plugin KDevelopSourceCodeAccess
LogPluginManager: Mounting plugin NullSourceCodeAccess
LogPluginManager: Mounting plugin PerforceSourceControl
LogPluginManager: Mounting plugin SubversionSourceControl
LogPluginManager: Mounting plugin UObjectPlugin
LogPluginManager: Mounting plugin VisualStudioCodeSourceCodeAccess
LogPluginManager: Mounting plugin VisualStudioSourceCodeAccess
LogPluginManager: Mounting plugin XCodeSourceCodeAccess
LogPluginManager: Mounting plugin AssetManagerEditor
LogPluginManager: Mounting plugin AudioCapture
LogPluginManager: Mounting plugin FacialAnimation
LogPluginManager: Mounting plugin GameplayTagsEditor
LogPluginManager: Mounting plugin MobileLauncherProfileWizard
LogPluginManager: Mounting plugin PluginBrowser
LogPluginManager: Mounting plugin SpeedTreeImporter
LogPluginManager: Mounting plugin AlembicImporter
LogPluginManager: Mounting plugin CharacterAI
LogPluginManager: Mounting plugin HTML5Networking
LogPluginManager: Mounting plugin AndroidMedia
LogPluginManager: Mounting plugin AvfMedia
LogPluginManager: Mounting plugin ImgMedia
LogPluginManager: Mounting plugin MediaCompositing
LogPluginManager: Mounting plugin MediaPlayerEditor
LogPluginManager: Mounting plugin WmfMedia
LogPluginManager: Mounting plugin TcpMessaging
LogPluginManager: Mounting plugin UdpMessaging
LogPluginManager: Mounting plugin ActorSequence
LogPluginManager: Mounting plugin LevelSequenceEditor
LogPluginManager: Mounting plugin MatineeToLevelSequence
LogPluginManager: Mounting plugin OnlineSubsystemGooglePlay
LogPluginManager: Mounting plugin OnlineSubsystemIOS
LogPluginManager: Mounting plugin OnlineSubsystem
LogPluginManager: Mounting plugin OnlineSubsystemNull
LogPluginManager: Mounting plugin OnlineSubsystemUtils
LogPluginManager: Mounting plugin AndroidDeviceProfileSelector
LogPluginManager: Mounting plugin AndroidMoviePlayer
LogPluginManager: Mounting plugin AndroidPermission
LogPluginManager: Mounting plugin AppleARKit
LogPluginManager: Mounting plugin AppleMoviePlayer
LogPluginManager: Mounting plugin ArchVisCharacter
LogPluginManager: Mounting plugin CableComponent
LogPluginManager: Mounting plugin CustomMeshComponent
LogPluginManager: Mounting plugin ExampleDeviceProfileSelector
LogPluginManager: Mounting plugin GoogleCloudMessaging
LogPluginManager: Mounting plugin ImmediatePhysics
LogPluginManager: Mounting plugin IOSDeviceProfileSelector
LogPluginManager: Mounting plugin LinuxDeviceProfileSelector
LogPluginManager: Mounting plugin LocationServicesBPLibrary
LogPluginManager: Mounting plugin MobilePatchingUtils
LogPluginManager: Mounting plugin OculusVR
LogPluginManager: Plugin shader directory ../../../Engine/Plugins/Runtime/Oculus/OculusVR/Shaders found
LogPluginManager: Mapping shader source directory ../../../Engine/Plugins/Runtime/Oculus/OculusVR/Shaders to virtual directory /Plugin/OculusVR
LogPluginManager: Mounting plugin PhysXVehicles
LogPluginManager: Mounting plugin ProceduralMeshComponent
LogPluginManager: Mounting plugin RuntimePhysXCooking
LogPluginManager: Mounting plugin SteamVR
LogPluginManager: Mounting plugin WindowsMoviePlayer
LogInit: Using libcurl 7.47.1
LogInit:  - built for x86_64-pc-win32
LogInit:  - supports SSL with OpenSSL/1.0.2g
LogInit:  - supports HTTP deflate (compression) using libz 1.2.8
LogInit:  - other features:
LogInit:      CURL_VERSION_SSL
LogInit:      CURL_VERSION_LIBZ
LogInit:      CURL_VERSION_IPV6
LogInit:      CURL_VERSION_ASYNCHDNS
LogInit:      CURL_VERSION_LARGEFILE
LogInit:      CURL_VERSION_IDN
LogInit:  CurlRequestOptions (configurable via config and command line):
LogInit:  - bVerifyPeer = false  - Libcurl will NOT verify peer certificate
LogInit:  - bUseHttpProxy = false  - Libcurl will NOT use HTTP proxy
LogInit:  - bDontReuseConnections = false  - Libcurl will reuse connections
LogInit:  - CertBundlePath = nullptr  - Libcurl will use whatever was configured at build time.
LogInit: Build: ++UE4+Release-4.18-CL-3832480
LogInit: Engine Version: 4.18.3-3832480+++UE4+Release-4.18
LogInit: Compatible Engine Version: 4.18.0-3709383+++UE4+Release-4.18
LogInit: Net CL: 3709383
LogDevObjectVersion: Number of dev versions registered: 16
LogDevObjectVersion:   Dev-Blueprints (B0D832E4-1F89-4F0D-ACCF-7EB736FD4AA2): 10
LogDevObjectVersion:   Dev-Build (E1C64328-A22C-4D53-A36C-8E866417BD8C): 0
LogDevObjectVersion:   Dev-Core (375EC13C-06E4-48FB-B500-84F0262A717E): 2
LogDevObjectVersion:   Dev-Editor (E4B068ED-F494-42E9-A231-DA0B2E46BB41): 20
LogDevObjectVersion:   Dev-Framework (CFFC743F-43B0-4480-9391-14DF171D2073): 30
LogDevObjectVersion:   Dev-Mobile (B02B49B5-BB20-44E9-A304-32B752E40360): 0
LogDevObjectVersion:   Dev-Networking (A4E4105C-59A1-49B5-A7C5-40C4547EDFEE): 0
LogDevObjectVersion:   Dev-Online (39C831C9-5AE6-47DC-9A44-9C173E1C8E7C): 0
LogDevObjectVersion:   Dev-Physics (78F01B33-EBEA-4F98-B9B4-84EACCB95AA2): 0
LogDevObjectVersion:   Dev-Platform (6631380F-2D4D-43E0-8009-CF276956A95A): 0
LogDevObjectVersion:   Dev-Rendering (12F88B9F-8875-4AFC-A67C-D90C383ABD29): 20
LogDevObjectVersion:   Dev-Sequencer (7B5AE74C-D270-4C10-A958-57980B212A5A): 4
LogDevObjectVersion:   Dev-VR (D7296918-1DD6-4BDD-9DE2-64A83CC13884): 0
LogDevObjectVersion:   Dev-LoadTimes (C2A15278-BFE7-4AFE-6C17-90FF531DF755): 1
LogDevObjectVersion:   Private-Geometry (6EACA3D4-40EC-4CC1-B786-8BED09428FC5): 1
LogDevObjectVersion:   Dev-AnimPhys (29E575DD-E0A3-4627-9D10-D276232CDCEA): 12
LogInit: Compiled (64-bit): Jan 12 2018 02:04:55
LogInit: Compiled with Visual C++: 19.00.24215.01
LogInit: Build Configuration: Development
LogInit: Branch Name: ++UE4+Release-4.18
LogInit: Command line: -EpicPortal 
LogInit: Base directory: C:/Unreal/UE_4.18/Engine/Binaries/Win64/
LogInit: Installed Engine Build: 1
LogInit: Presizing for max 8388607 objects, including 0 objects not considered by GC, pre-allocating 0 bytes for permanent pool.
LogInit: Object subsystem initialized
[2018.02.08-13.00.05:618][  0]LogInit: Selected Device Profile: [Windows]
[2018.02.08-13.00.05:618][  0]LogInit: Applying CVar settings loaded from the selected device profile: [Windows]
[2018.02.08-13.00.05:635][  0]LogInit: Computer: DESKTOP-13UT98C
[2018.02.08-13.00.05:635][  0]LogInit: User: martynooo
[2018.02.08-13.00.05:635][  0]LogInit: CPU Page size=4096, Cores=4
[2018.02.08-13.00.05:635][  0]LogInit: High frequency timer resolution =2.531251 MHz
[2018.02.08-13.00.05:635][  0]LogMemory: Memory total: Physical=15.9GB (16GB approx)
[2018.02.08-13.00.05:635][  0]LogMemory: Platform Memory Stats for Windows
[2018.02.08-13.00.05:635][  0]LogMemory: Process Physical Memory: 275.95 MB used, 275.95 MB peak
[2018.02.08-13.00.05:635][  0]LogMemory: Process Virtual Memory: 269.86 MB used, 269.86 MB peak
[2018.02.08-13.00.05:635][  0]LogMemory: Physical Memory: 5947.07 MB used,  10372.72 MB free, 16319.79 MB total
[2018.02.08-13.00.05:635][  0]LogMemory: Virtual Memory: 677.91 MB used,  10372.72 MB free, 134217728.00 MB total
[2018.02.08-13.00.05:839][  0]LogInit: Using OS detected language (en-US).
[2018.02.08-13.00.05:839][  0]LogInit: Using OS detected locale (en-GB).
[2018.02.08-13.00.05:843][  0]LogTextLocalizationManager: No specific localization for 'en-US' exists, so the 'en' localization will be used.
[2018.02.08-13.00.06:496][  0]LogD3D11RHI: D3D11 adapters:
[2018.02.08-13.00.06:540][  0]LogD3D11RHI:    0. 'NVIDIA GeForce GTX 1060' (Feature Level 11_0)
[2018.02.08-13.00.06:540][  0]LogD3D11RHI:       6052/0/8159 MB DedicatedVideo/DedicatedSystem/SharedSystem, Outputs:1, VendorId:0x10de
[2018.02.08-13.00.06:542][  0]LogD3D11RHI:    1. 'Microsoft Basic Render Driver' (Feature Level 11_0)
[2018.02.08-13.00.06:542][  0]LogD3D11RHI:       0/0/8159 MB DedicatedVideo/DedicatedSystem/SharedSystem, Outputs:0, VendorId:0x1414
[2018.02.08-13.00.06:542][  0]LogD3D11RHI: Chosen D3D11 Adapter: 0
[2018.02.08-13.00.06:548][  0]LogD3D11RHI: Creating new Direct3DDevice
[2018.02.08-13.00.06:548][  0]LogD3D11RHI:     GPU DeviceId: 0x1c60 (for the marketing name, search the web for "GPU Device Id")
[2018.02.08-13.00.06:548][  0]LogWindows: EnumDisplayDevices:
[2018.02.08-13.00.06:548][  0]LogWindows:    0. 'NVIDIA GeForce GTX 1060' (P:1 D:1)
[2018.02.08-13.00.06:549][  0]LogWindows:    1. 'NVIDIA GeForce GTX 1060' (P:0 D:0)
[2018.02.08-13.00.06:549][  0]LogWindows:    2. 'NVIDIA GeForce GTX 1060' (P:0 D:0)
[2018.02.08-13.00.06:549][  0]LogWindows:    3. 'NVIDIA GeForce GTX 1060' (P:0 D:0)
[2018.02.08-13.00.06:549][  0]LogWindows: DebugString: GetVideoDriverDetailsInvalid PrimaryIsNotTheChoosenAdapter GetVideoDriverDetailsInvalid PrimaryIsNotTheChoosenAdapter GetVideoDriverDetailsInvalid PrimaryIsNotTheChoosenAdapter GetVideoDriverDetailsInvalid PrimaryIsNotTheChoosenAdapter FoundDriverCount:0 
[2018.02.08-13.00.06:549][  0]LogD3D11RHI:     Adapter Name: NVIDIA GeForce GTX 1060
[2018.02.08-13.00.06:549][  0]LogD3D11RHI:   Driver Version: Unknown (internal:Unknown, unified:Unknown)
[2018.02.08-13.00.06:549][  0]LogD3D11RHI:      Driver Date: Unknown
[2018.02.08-13.00.06:549][  0]LogRHI: Texture pool is 4236 MB (70% of 6052 MB)
[2018.02.08-13.00.06:574][  0]LogD3D11RHI: Async texture creation enabled
[2018.02.08-13.00.06:591][  0]LogD3D11RHI: GPU Timing Frequency: 1000.000000 (Debug: 2 2)
[2018.02.08-13.00.06:634][  0]LogShaderCompilers: Guid format shader working directory is 7 characters bigger than the processId version (../../../../../FYP/vr_project/ThirdPersonVR/Intermediate/Shaders/WorkingDirectory/8348/).
[2018.02.08-13.00.06:634][  0]LogShaderCompilers: Cleaned the shader compiler working directory 'C:/Users/martynooo/AppData/Local/Temp/UnrealShaderWorkingDir/2AA96251462DBE840C768F8981FFA468/'.
[2018.02.08-13.00.06:634][  0]LogShaderCompilers: Display: Using Local Shader Compiler.
[2018.02.08-13.00.07:568][  0]LogTemp: Display: Loaded TP AllDesktopTargetPlatform
[2018.02.08-13.00.07:628][  0]LogTemp: Display: Loaded TP MacClientTargetPlatform
[2018.02.08-13.00.07:686][  0]LogTemp: Display: Loaded TP MacNoEditorTargetPlatform
[2018.02.08-13.00.07:744][  0]LogTemp: Display: Loaded TP MacServerTargetPlatform
[2018.02.08-13.00.07:803][  0]LogTemp: Display: Loaded TP MacTargetPlatform
[2018.02.08-13.00.07:859][  0]LogTemp: Display: Loaded TP WindowsClientTargetPlatform
[2018.02.08-13.00.07:919][  0]LogTemp: Display: Loaded TP WindowsNoEditorTargetPlatform
[2018.02.08-13.00.07:980][  0]LogTemp: Display: Loaded TP WindowsServerTargetPlatform
[2018.02.08-13.00.08:032][  0]LogTemp: Display: Loaded TP WindowsTargetPlatform
[2018.02.08-13.00.08:087][  0]LogTemp: Display: Loaded TP Android_ASTCTargetPlatform
[2018.02.08-13.00.08:142][  0]LogTemp: Display: Loaded TP Android_ATCTargetPlatform
[2018.02.08-13.00.08:196][  0]LogTemp: Display: Loaded TP Android_DXTTargetPlatform
[2018.02.08-13.00.08:254][  0]LogTemp: Display: Loaded TP Android_ETC1TargetPlatform
[2018.02.08-13.00.08:311][  0]LogTemp: Display: Loaded TP Android_ETC2TargetPlatform
[2018.02.08-13.00.08:419][  0]LogTemp: Display: Loaded TP Android_MultiTargetPlatform
[2018.02.08-13.00.08:419][  0]LogTemp: Display: Loaded TP Android_PVRTCTargetPlatform
[2018.02.08-13.00.08:474][  0]LogTemp: Display: Loaded TP AndroidTargetPlatform
[2018.02.08-13.00.08:522][  0]LogTemp: Display: Loaded TP HTML5TargetPlatform
[2018.02.08-13.00.08:621][  0]LogTemp: Display: Loaded TP IOSTargetPlatform
[2018.02.08-13.00.08:651][  0]LogTemp: Display: Loaded TP TVOSTargetPlatform
[2018.02.08-13.00.08:708][  0]LogTemp: Display: Loaded TP LinuxClientTargetPlatform
[2018.02.08-13.00.08:764][  0]LogTemp: Display: Loaded TP LinuxNoEditorTargetPlatform
[2018.02.08-13.00.08:824][  0]LogTemp: Display: Loaded TP LinuxServerTargetPlatform
[2018.02.08-13.00.08:881][  0]LogTemp: Display: Loaded TP LinuxTargetPlatform
[2018.02.08-13.00.08:881][  0]LogTargetPlatformManager: Display: Building Assets For Windows
[2018.02.08-13.00.09:424][  0]LogDerivedDataCache: Display: Max Cache Size: 512 MB
[2018.02.08-13.00.09:491][  0]LogDerivedDataCache: Loaded boot cache 0.07s 91MB C:/Users/martynooo/AppData/Local/UnrealEngine/4.18/DerivedDataCache/Boot.ddc.
[2018.02.08-13.00.09:491][  0]LogDerivedDataCache: Display: Loaded Boot cache: C:/Users/martynooo/AppData/Local/UnrealEngine/4.18/DerivedDataCache/Boot.ddc
[2018.02.08-13.00.09:491][  0]LogDerivedDataCache: FDerivedDataBackendGraph:  Pak pak cache file ../../../../../FYP/vr_project/ThirdPersonVR/DerivedDataCache/DDC.ddp not found, will not use a pak cache.
[2018.02.08-13.00.09:491][  0]LogDerivedDataCache: Unable to find inner node Pak for hierarchical cache Hierarchy.
[2018.02.08-13.00.09:491][  0]LogDerivedDataCache: FDerivedDataBackendGraph:  CompressedPak pak cache file ../../../../../FYP/vr_project/ThirdPersonVR/DerivedDataCache/Compressed.ddp not found, will not use a pak cache.
[2018.02.08-13.00.09:491][  0]LogDerivedDataCache: Unable to find inner node CompressedPak for hierarchical cache Hierarchy.
[2018.02.08-13.00.09:507][  0]LogDerivedDataCache: Display: Pak cache opened for reading ../../../Engine/DerivedDataCache/Compressed.ddp.
[2018.02.08-13.00.09:520][  0]LogDerivedDataCache: Using Local data cache path C:/Users/martynooo/AppData/Local/UnrealEngine/Common/DerivedDataCache: Writable
[2018.02.08-13.00.09:555][  0]LogMaterial: Verifying Global Shaders for PCD3D_SM5
[2018.02.08-13.00.09:555][  0]LogSlate: Using Freetype 2.6.0
[2018.02.08-13.00.09:556][  0]LogSlate: SlateFontCache - WITH_FREETYPE: 1, WITH_HARFBUZZ: 1
[2018.02.08-13.00.09:556][  0]LogSlate: SlateFontCache - WITH_FREETYPE: 1, WITH_HARFBUZZ: 1
[2018.02.08-13.00.09:916][  0]LogInit: Selected Device Profile: [Windows]
[2018.02.08-13.00.10:329][  0]LogSimplygon: Simplygon DLL not present - disabling.
[2018.02.08-13.00.10:377][  0]LogMeshReduction: Using SimplygonSwarm for distributed automatic mesh merging
[2018.02.08-13.00.10:378][  0]LogMeshReduction: Using QuadricMeshReduction for automatic static mesh reduction
[2018.02.08-13.00.10:378][  0]LogMeshReduction: No automatic skeletal mesh reduction module available
[2018.02.08-13.00.10:378][  0]LogMeshReduction: No automatic mesh merging module available
[2018.02.08-13.00.10:378][  0]LogMeshMerging: No automatic mesh merging module available
[2018.02.08-13.00.10:410][  0]LogNetVersion: ThirdPersonVR , NetCL: 3709383, EngineNetVer: 2, GameNetVer: 0 (Checksum: 1927482392)
[2018.02.08-13.00.10:618][  0]LogAssetRegistry: FAssetRegistry took 0.0262 seconds to start up
[2018.02.08-13.00.11:326][  0]LogPackageLocalizationCache: Processed 7 localized package path(s) for 2 prioritized culture(s) in 0.077486 seconds
[2018.02.08-13.00.11:332][  0]LogUObjectArray: 35870 objects as part of root set at end of initial load.
[2018.02.08-13.00.11:332][  0]LogUObjectAllocator: 7363704 out of 0 bytes used by permanent object pool.
[2018.02.08-13.00.11:332][  0]LogUObjectArray: CloseDisregardForGC: 0/0 objects in disregard for GC pool
[2018.02.08-13.00.11:404][  0]LogInit: WinSock: version 1.1 (2.2), MaxSocks=32767, MaxUdp=65467
[2018.02.08-13.00.14:578][  0]LogTcpMessaging: Initializing TcpMessaging bridge
[2018.02.08-13.00.14:624][  0]LogUdpMessaging: Initializing bridge on interface 0.0.0.0:0 to multicast group 230.0.0.1:6666.
[2018.02.08-13.00.15:429][  0]LogMaterial: Uniform references updated for custom material expression Custom.
[2018.02.08-13.00.16:029][  0]SourceControl: Source control is disabled
[2018.02.08-13.00.16:029][  0]SourceControl: Source control is disabled
[2018.02.08-13.00.16:093][  0]SourceControl: Source control is disabled
[2018.02.08-13.00.16:156][  0]SourceControl: Source control is disabled
[2018.02.08-13.00.17:098][  0]LogAndroidPermission: UAndroidPermissionCallbackProxy::GetInstance
[2018.02.08-13.00.17:407][  0]LogOcInput: OculusInput pre-init called
[2018.02.08-13.00.17:755][  0]LogEngine: Initializing Engine...
[2018.02.08-13.00.17:757][  0]LogHMD: Failed to initialize OpenVR with code 110
[2018.02.08-13.00.18:155][  0]LogStats: UGameplayTagsManager::ConstructGameplayTagTree: Construct from data asset -  0.000 s
[2018.02.08-13.00.18:155][  0]LogStats: UGameplayTagsManager::ConstructGameplayTagTree: GameplayTagTreeChangedEvent.Broadcast -  0.000 s
[2018.02.08-13.00.18:306][  0]LogAIModule: Creating AISystem for world Untitled
[2018.02.08-13.00.18:311][  0]LogInit: XAudio2 using 'Speakers (Realtek High Definition Audio)' : 2 channels at 48 kHz using 32 bits per sample (channel mask 0x3)
[2018.02.08-13.00.18:346][  0]LogInit: FAudioDevice initialized.
[2018.02.08-13.00.18:396][  0]LogDerivedDataCache: Saved boot cache 0.05s 91MB C:/Users/martynooo/AppData/Local/UnrealEngine/4.18/DerivedDataCache/Boot.ddc.
[2018.02.08-13.00.18:411][  0]LogInit: Texture streaming: Enabled
[2018.02.08-13.00.18:527][  0]LogEngineSessionManager: EngineSessionManager initialized
[2018.02.08-13.00.18:675][  0]LogInit: Transaction tracking system initialized
[2018.02.08-13.00.19:042][  0]BlueprintLog: New page: Editor Load
[2018.02.08-13.00.20:065][  0]LocalizationService: Localization service is disabled
[2018.02.08-13.00.20:935][  0]LogConsoleResponse: Display: 
[2018.02.08-13.00.21:232][  0]LogCook: Display: Max memory allowance for cook 16384mb min free memory 0mb
[2018.02.08-13.00.21:232][  0]LogCook: Display: Mobile HDR setting 1
[2018.02.08-13.00.21:232][  0]LogGameplayTags: Display: UGameplayTagsManager::DoneAddingNativeTags. DelegateIsBound: 0
[2018.02.08-13.00.22:065][  0]LogFileCache: Scanning file cache for directory 'C:/FYP/vr_project/ThirdPersonVR/Content/' took 0.02s
[2018.02.08-13.00.22:608][  0]SourceControl: Source control is disabled
[2018.02.08-13.00.22:608][  0]Cmd: MAP LOAD FILE="../../../../../FYP/vr_project/ThirdPersonVR/Content/ThirdPersonBP/Maps/ThirdPersonExampleMap.umap" TEMPLATE=0 SHOWPROGRESS=1 FEATURELEVEL=3
[2018.02.08-13.00.22:616][  0]LightingResults: New page: Lighting Build
[2018.02.08-13.00.22:666][  0]MapCheck: New page: Map Check
[2018.02.08-13.00.22:666][  0]LightingResults: New page: Lighting Build
[2018.02.08-13.00.23:721][  0]LogAIModule: Creating AISystem for world ThirdPersonExampleMap
[2018.02.08-13.00.23:738][  0]LogEditorServer: Finished looking for orphan Actors (0.000 secs)
[2018.02.08-13.00.23:751][  0]Cmd: MAP CHECKDEP NOCLEARLOG
[2018.02.08-13.00.23:805][  0]MapCheck: Map check complete: 0 Error(s), 0 Warning(s), took 54.187ms to complete.
[2018.02.08-13.00.23:805][  0]LogFileHelpers: Loading map 'ThirdPersonExampleMap' took 1.197
[2018.02.08-13.00.23:864][  0]LogWindowsTextInputMethodSystem: Display: IME system now deactivated.
[2018.02.08-13.00.24:003][  0]LogCollectionManager: Loaded 0 collections in 0.002013 seconds
[2018.02.08-13.00.24:107][  0]LogFileCache: Scanning file cache for directory 'C:/FYP/vr_project/ThirdPersonVR/Saved/Collections/' took 0.01s
[2018.02.08-13.00.24:107][  0]LogFileCache: Scanning file cache for directory 'C:/FYP/vr_project/ThirdPersonVR/Content/Developers/martynooo/Collections/' took 0.01s
[2018.02.08-13.00.24:107][  0]LogFileCache: Scanning file cache for directory 'C:/FYP/vr_project/ThirdPersonVR/Content/Collections/' took 0.01s
[2018.02.08-13.00.24:107][  0]LogCollectionManager: Rebuilt the GUID cache for 0 collections in 0.000000 seconds
[2018.02.08-13.00.24:118][  0]LogContentBrowser: Native class hierarchy populated in 0.0099 seconds. Added 2363 classes and 519 folders.
[2018.02.08-13.00.24:199][  0]LogContentBrowser: Native class hierarchy updated for 'WidgetCarousel' in 0.0002 seconds. Added 0 classes and 0 folders.
[2018.02.08-13.00.24:630][  0]LogContentBrowser: Native class hierarchy updated for 'AddContentDialog' in 0.0002 seconds. Added 0 classes and 0 folders.
[2018.02.08-13.00.24:692][  0]LogContentBrowser: Native class hierarchy updated for 'SceneOutliner' in 0.0002 seconds. Added 1 classes and 2 folders.
[2018.02.08-13.00.24:885][  0]LogSlate: Took 0.000236 seconds to synchronously load lazily loaded font '../../../Engine/Content/Slate/Fonts/Roboto-Regular.ttf' (155K)
[2018.02.08-13.00.24:889][  0]LogSlate: Took 0.000298 seconds to synchronously load lazily loaded font '../../../Engine/Content/Slate/Fonts/Roboto-Bold.ttf' (160K)
[2018.02.08-13.00.24:901][  0]LogSlate: Took 0.005335 seconds to synchronously load lazily loaded font '../../../Engine/Content/Editor/Slate/Fonts/FontAwesome.ttf' (139K)
[2018.02.08-13.00.25:067][  0]LogRenderer: Reallocating scene render targets to support 964x436 Format 10 NumSamples 1 (Frame:1).
[2018.02.08-13.00.25:244][  0]LogContentBrowser: Native class hierarchy updated for 'HierarchicalLODOutliner' in 0.0002 seconds. Added 1 classes and 2 folders.
[2018.02.08-13.00.25:244][  0]LogLoad: (Engine Initialization) Total time: 22.26 seconds
[2018.02.08-13.00.25:244][  0]LogLoad: (Engine Initialization) Total Blueprint compile time: 0.00 seconds
[2018.02.08-13.00.25:244][  0]LogExternalProfiler: No external profilers were discovered.  External profiling features will not be available.
[2018.02.08-13.00.25:284][  0]LogContentStreaming: Texture pool size now 1000 MB
[2018.02.08-13.00.25:341][  0]LogSlate: Took 0.006312 seconds to synchronously load lazily loaded font '../../../Engine/Content/Slate/Fonts/Roboto-Light.ttf' (159K)
[2018.02.08-13.00.25:354][  1]LogAssetRegistry: Asset discovery search completed in 14.7584 seconds
[2018.02.08-13.00.25:356][  1]LogCollectionManager: Rebuilt the object cache for 0 collections in 0.000000 seconds (found 0 objects)
[2018.02.08-13.00.25:356][  1]LogCollectionManager: Fixed up redirectors for 0 collections in 0.000079 seconds (updated 0 objects)
[2018.02.08-13.00.54:425][345]LogMaterial: Missing cached shader map for material Material_0, compiling. 
[2018.02.08-13.00.54:532][346]LogMaterial: Missing cached shader map for material Material_1, compiling. 
[2018.02.08-13.00.54:603][347]LogMaterial: Missing cached shader map for material Material_2, compiling. 
[2018.02.08-13.00.54:678][348]LogMaterial: Missing cached shader map for material Material_3, compiling. 
[2018.02.08-13.01.37:090][ 33]LogEditorViewport: Clicking on Actor (LMB): Character_C (ThirdPersonCharacter)
[2018.02.08-13.01.39:830][ 96]LogSlate: Took 0.004702 seconds to synchronously load lazily loaded font '../../../Engine/Content/Editor/Slate/Fonts/Roboto-Italic.ttf' (157K)
[2018.02.08-13.02.25:285][170]LogMaterial: Missing cached shader map for material BasicShapeMaterial, compiling. 
[2018.02.08-13.03.13:117][536]Cmd: MODE SCALEGRID=0
[2018.02.08-13.03.25:567][972]LogEditorViewport: Clicking on Actor (LMB): StaticMeshActor (Floor)
[2018.02.08-13.03.39:463][633]LogEditorViewport: Clicking on Actor (LMB): Character_C (ThirdPersonCharacter)
[2018.02.08-13.03.57:825][ 69]Cmd: MODE SCALEGRID=1
[2018.02.08-13.03.58:940][102]Cmd: MODE SCALEGRID=0
[2018.02.08-13.04.04:671][231]Cmd: MODE ROTGRID=0
[2018.02.08-13.04.07:906][386]Cmd: MODE SCALEGRID=1
[2018.02.08-13.04.08:558][400]Cmd: MODE ROTGRID=1
[2018.02.08-13.04.24:534][737]Cmd: MODE SCALEGRID=0
[2018.02.08-13.04.29:166][855]Cmd: MODE SCALEGRID=1
[2018.02.08-13.05.00:167][654]LogEditorViewport: Clicking on Component (LMB): StaticMeshComponent (BeamStartActor)
[2018.02.08-13.05.47:596][553]Cmd: MODE GRID=0
[2018.02.08-13.06.20:358][368]LogSlate: Took 0.000292 seconds to synchronously load lazily loaded font '../../../Engine/Content/Slate/Fonts/Roboto-Light.ttf' (159K)
[2018.02.08-13.06.20:615][368]LogSavePackage: Save=123.31ms
[2018.02.08-13.06.20:615][368]LogSavePackage: Moving '../../../../../FYP/vr_project/ThirdPersonVR/Saved/ThirdPersonExampleMap8297AD114C8910836DDA008CE25FE479.tmp' to '../../../../../FYP/vr_project/ThirdPersonVR/Content/ThirdPersonBP/Maps/ThirdPersonExampleMap.umap'
[2018.02.08-13.06.20:621][368]LogSavePackage: Display: Finished SavePackage ../../../../../FYP/vr_project/ThirdPersonVR/Content/ThirdPersonBP/Maps/ThirdPersonExampleMap.umap
[2018.02.08-13.06.20:879][368]LogSavePackage: Save=198.96ms
[2018.02.08-13.06.20:879][368]LogSavePackage: Moving '../../../../../FYP/vr_project/ThirdPersonVR/Saved/ThirdPersonExampleMap_BuiltData29A7A9394E9CF1E4766E379FDC234B46.tmp' to '../../../../../FYP/vr_project/ThirdPersonVR/Content/ThirdPersonBP/Maps/ThirdPersonExampleMap_BuiltData.uasset'
[2018.02.08-13.06.20:880][368]LogSavePackage: Display: Finished SavePackage ../../../../../FYP/vr_project/ThirdPersonVR/Content/ThirdPersonBP/Maps/ThirdPersonExampleMap_BuiltData.uasset
[2018.02.08-13.06.27:703][519]LogTemp: Repeating last play command: Standalone Game
[2018.02.08-13.08.06:539][248]Cmd: TRANSACTION UNDO
[2018.02.08-13.08.06:539][248]LogEditorTransaction: Undo Move Components
[2018.02.08-13.08.06:584][248]LogActorComponent: ~FComponentReregisterContext: (/Game/ThirdPersonBP/Maps/ThirdPersonExampleMap.ThirdPersonExampleMap:PersistentLevel.ThirdPersonCharacter_167.CollisionCylinder) Component already registered.
[2018.02.08-13.08.06:631][248]LogSlate: Took 0.000205 seconds to synchronously load lazily loaded font '../../../Engine/Content/Slate/Fonts/Roboto-Light.ttf' (159K)
[2018.02.08-13.08.09:270][318]Cmd: TRANSACTION UNDO
[2018.02.08-13.08.09:270][318]LogEditorTransaction: Undo Move Components
[2018.02.08-13.08.09:306][318]LogActorComponent: ~FComponentReregisterContext: (/Game/ThirdPersonBP/Maps/ThirdPersonExampleMap.ThirdPersonExampleMap:PersistentLevel.ThirdPersonCharacter_167.CollisionCylinder) Component already registered.
[2018.02.08-13.08.46:596][389]Cmd: TRANSACTION UNDO
[2018.02.08-13.08.46:596][389]LogEditorTransaction: Undo Edit Name
[2018.02.08-13.10.41:406][571]LogTemp: Repeating last play command: Standalone Game
[2018.02.08-13.10.43:427][571]LogSavePackage: Save=121.51ms
[2018.02.08-13.10.43:427][571]LogSavePackage: Moving '../../../../../FYP/vr_project/ThirdPersonVR/Saved/ThirdPersonExampleMap5F349E5648CFBC5CF03854A10C1E8F97.tmp' to '../../../../../FYP/vr_project/ThirdPersonVR/Content/ThirdPersonBP/Maps/ThirdPersonExampleMap.umap'
[2018.02.08-13.10.43:430][571]LogSavePackage: Display: Finished SavePackage ../../../../../FYP/vr_project/ThirdPersonVR/Content/ThirdPersonBP/Maps/ThirdPersonExampleMap.umap
[2018.02.08-13.10.43:460][571]LogFileHelpers: Saving map 'ThirdPersonExampleMap' took 0.228
[2018.02.08-13.11.26:828][153]LogEditorViewport: Clicking on Actor (LMB): StaticMeshActor (Floor)
[2018.02.08-13.11.27:190][170]Cmd: TRANSACTION UNDO
[2018.02.08-13.11.27:190][170]LogEditorTransaction: Undo Clicking on Actors
[2018.02.08-13.11.33:217][386]LogTemp: Repeating last play command: Standalone Game
[2018.02.08-13.12.05:438][200]Cmd: SELECT NONE
[2018.02.08-13.12.33:444][ 34]LogTemp: Repeating last play command: Standalone Game
[2018.02.08-13.12.35:111][ 34]LogSavePackage: Save=120.32ms
[2018.02.08-13.12.35:111][ 34]LogSavePackage: Moving '../../../../../FYP/vr_project/ThirdPersonVR/Saved/ThirdPersonExampleMap7CF20A274F29EEE74C6DD8BD8D089DD8.tmp' to '../../../../../FYP/vr_project/ThirdPersonVR/Content/ThirdPersonBP/Maps/ThirdPersonExampleMap.umap'
[2018.02.08-13.12.35:115][ 34]LogSavePackage: Display: Finished SavePackage ../../../../../FYP/vr_project/ThirdPersonVR/Content/ThirdPersonBP/Maps/ThirdPersonExampleMap.umap
[2018.02.08-13.12.35:143][ 34]LogFileHelpers: Saving map 'ThirdPersonExampleMap' took 0.234
[2018.02.08-13.25.07:275][296]LogContentBrowser: Native class hierarchy updated for 'Cascade' in 0.0003 seconds. Added 2 classes and 2 folders.
[2018.02.08-13.25.07:695][296]LogSlate: Took 0.000193 seconds to synchronously load lazily loaded font '../../../Engine/Content/Slate/Fonts/Roboto-Regular.ttf' (155K)
[2018.02.08-13.25.14:199][442]LogCascade: Quitting Cascade. FXSystem=0x00000140FC8A31A0
[2018.02.08-13.25.28:220][722]LogContentBrowser: Native class hierarchy updated for 'MaterialEditor' in 0.0002 seconds. Added 1 classes and 0 folders.
[2018.02.08-13.25.28:224][722]LogMaterial: Missing cached shader map for material BeamMat, compiling. 
[2018.02.08-13.25.28:819][722]LogMaterial: Missing cached shader map for material BeamMat, compiling. 
[2018.02.08-13.25.28:831][722]LogMaterial: Missing cached shader map for material BeamMat, compiling. 
[2018.02.08-13.25.28:868][722]LogMaterial: Missing cached shader map for material FMatExpressionPreview MaterialExpressionTextureCoordinate_0, compiling. 
[2018.02.08-13.25.28:873][722]LogMaterial: Missing cached shader map for material FMatExpressionPreview MaterialExpressionComponentMask_0, compiling. 
[2018.02.08-13.25.28:880][722]LogMaterial: Missing cached shader map for material FMatExpressionPreview MaterialExpressionSine_0, compiling. 
[2018.02.08-13.25.28:887][722]LogMaterial: Missing cached shader map for material FMatExpressionPreview MaterialExpressionPower_0, compiling. 
[2018.02.08-13.25.28:906][722]LogSlate: Took 0.006438 seconds to synchronously load lazily loaded font '../../../Engine/Content/Editor/Slate/Fonts/Roboto-BoldCondensed.ttf' (158K)
[2018.02.08-13.25.29:963][742]MaterialEditorStats: Base pass shader without light map: 33 instructions
[2018.02.08-13.25.29:963][742]MaterialEditorStats: Vertex shader: 141 instructions
[2018.02.08-13.25.29:963][742]MaterialEditorStats: Texture samplers: 3/16
[2018.02.08-13.25.29:963][742]MaterialEditorStats: User interpolators: 2/4 Scalars (1/4 Vectors) (TexCoords: 2, Custom: 0)
[2018.02.08-13.26.07:267][104]LogSavePackage: Save=118.89ms
[2018.02.08-13.26.07:267][104]LogSavePackage: Moving '../../../../../FYP/vr_project/ThirdPersonVR/Saved/ThirdPersonExampleMap_Auto1BDA92F60437D3D7EFDA20792B16EB52C.tmp' to '../../../../../FYP/vr_project/ThirdPersonVR/Saved/Autosaves/Game/ThirdPersonBP/Maps/ThirdPersonExampleMap_Auto1.umap'
[2018.02.08-13.26.07:268][104]LogSavePackage: Display: Finished SavePackage ../../../../../FYP/vr_project/ThirdPersonVR/Saved/Autosaves/Game/ThirdPersonBP/Maps/ThirdPersonExampleMap_Auto1.umap
[2018.02.08-13.26.07:271][104]LogFileHelpers: Editor autosave (incl. sublevels) for '/Game/ThirdPersonBP/Maps/ThirdPersonExampleMap' took 0.155
[2018.02.08-13.26.07:271][104]LogFileHelpers: Editor autosave (incl. sublevels) for all levels took 0.155
[2018.02.08-13.27.45:641][748]LogContentBrowser: Native class hierarchy updated for 'BlueprintGraph' in 0.0006 seconds. Added 116 classes and 0 folders.
[2018.02.08-13.40.35:825][ 20]LogSavePackage: Save=145.95ms
[2018.02.08-13.40.35:825][ 20]LogSavePackage: Moving '../../../../../FYP/vr_project/ThirdPersonVR/Saved/ThirdPersonExampleMap_Auto2A5FF810741A7FD9F6AF88BA0BA9405F4.tmp' to '../../../../../FYP/vr_project/ThirdPersonVR/Saved/Autosaves/Game/ThirdPersonBP/Maps/ThirdPersonExampleMap_Auto2.umap'
[2018.02.08-13.40.35:826][ 20]LogSavePackage: Display: Finished SavePackage ../../../../../FYP/vr_project/ThirdPersonVR/Saved/Autosaves/Game/ThirdPersonBP/Maps/ThirdPersonExampleMap_Auto2.umap
[2018.02.08-13.40.35:829][ 20]LogFileHelpers: Editor autosave (incl. sublevels) for '/Game/ThirdPersonBP/Maps/ThirdPersonExampleMap' took 0.185
[2018.02.08-13.40.35:829][ 20]LogFileHelpers: Editor autosave (incl. sublevels) for all levels took 0.185
[2018.02.08-13.41.42:050][143]LogTemp: Repeating last play command: Standalone Game
[2018.02.08-13.41.44:701][143]LogSavePackage: Save=148.80ms
[2018.02.08-13.41.44:701][143]LogSavePackage: Moving '../../../../../FYP/vr_project/ThirdPersonVR/Saved/ThirdPersonExampleMapB03A66844CCF80C3C2FE638BCCE150C2.tmp' to '../../../../../FYP/vr_project/ThirdPersonVR/Content/ThirdPersonBP/Maps/ThirdPersonExampleMap.umap'
[2018.02.08-13.41.44:705][143]LogSavePackage: Display: Finished SavePackage ../../../../../FYP/vr_project/ThirdPersonVR/Content/ThirdPersonBP/Maps/ThirdPersonExampleMap.umap
[2018.02.08-13.41.44:732][143]LogFileHelpers: Saving map 'ThirdPersonExampleMap' took 0.262
[2018.02.08-13.51.42:923][238]LogSavePackage: Save=165.82ms
[2018.02.08-13.51.42:924][238]LogSavePackage: Moving '../../../../../FYP/vr_project/ThirdPersonVR/Saved/ThirdPersonExampleMap_Auto31DE64C0A4CCCBF735B2FAE9D3C3BE5FD.tmp' to '../../../../../FYP/vr_project/ThirdPersonVR/Saved/Autosaves/Game/ThirdPersonBP/Maps/ThirdPersonExampleMap_Auto3.umap'
[2018.02.08-13.51.42:925][238]LogSavePackage: Display: Finished SavePackage ../../../../../FYP/vr_project/ThirdPersonVR/Saved/Autosaves/Game/ThirdPersonBP/Maps/ThirdPersonExampleMap_Auto3.umap
[2018.02.08-13.51.42:928][238]LogFileHelpers: Editor autosave (incl. sublevels) for '/Game/ThirdPersonBP/Maps/ThirdPersonExampleMap' took 0.207
[2018.02.08-13.51.42:928][238]LogFileHelpers: Editor autosave (incl. sublevels) for all levels took 0.207
[2018.02.08-13.54.36:313][680]LogRenderer: Reallocating scene render targets to support 964x540 Format 10 NumSamples 1 (Frame:1).
[2018.02.08-13.54.57:012][214]Cmd: MODE SCALEGRID=0
[2018.02.08-13.57.19:570][ 52]Cmd: OBJ SAVEPACKAGE PACKAGE="/Game/ThirdPersonBP/Blueprints/Character" FILE="../../../../../FYP/vr_project/ThirdPersonVR/Content/ThirdPersonBP/Blueprints/Character.uasset" SILENT=true
[2018.02.08-13.57.19:657][ 52]LogSavePackage: Save=75.63ms
[2018.02.08-13.57.19:657][ 52]LogSavePackage: Moving '../../../../../FYP/vr_project/ThirdPersonVR/Saved/CharacterEA95E55E40165442ED4CCCB5871FB01D.tmp' to '../../../../../FYP/vr_project/ThirdPersonVR/Content/ThirdPersonBP/Blueprints/Character.uasset'
[2018.02.08-13.57.19:660][ 52]LogSavePackage: Display: Finished SavePackage ../../../../../FYP/vr_project/ThirdPersonVR/Content/ThirdPersonBP/Blueprints/Character.uasset
[2018.02.08-13.57.37:130][464]LogTemp: Repeating last play command: Standalone Game
[2018.02.08-13.57.39:221][464]LogSavePackage: Save=153.75ms
[2018.02.08-13.57.39:221][464]LogSavePackage: Moving '../../../../../FYP/vr_project/ThirdPersonVR/Saved/ThirdPersonExampleMapB0C11E084AE6BF8950C32E86368135FF.tmp' to '../../../../../FYP/vr_project/ThirdPersonVR/Content/ThirdPersonBP/Maps/ThirdPersonExampleMap.umap'
[2018.02.08-13.57.39:225][464]LogSavePackage: Display: Finished SavePackage ../../../../../FYP/vr_project/ThirdPersonVR/Content/ThirdPersonBP/Maps/ThirdPersonExampleMap.umap
[2018.02.08-13.57.39:255][464]LogFileHelpers: Saving map 'ThirdPersonExampleMap' took 0.279
[2018.02.08-14.03.38:320][131]LogProperty: Warning: Illegal TEXT reference to a private object in external package (Character_C /Game/ThirdPersonBP/Maps/ThirdPersonExampleMap.ThirdPersonExampleMap:PersistentLevel.ThirdPersonCharacter_167) from referencer (ParticleSystemComponent /Game/ThirdPersonBP/Blueprints/Character.Character_C:BeamParticle_GEN_VARIABLE).  Import failed...
[2018.02.08-14.03.38:320][131]LogProperty: Warning: Illegal TEXT reference to a private object in external package (Character_C /Game/ThirdPersonBP/Maps/ThirdPersonExampleMap.ThirdPersonExampleMap:PersistentLevel.ThirdPersonCharacter_167) from referencer (ParticleSystemComponent /Engine/Transient.World_9:PersistentLevel.Character_C_3566.BeamParticle).  Import failed...
[2018.02.08-14.03.38:320][131]LogProperty: Warning: Illegal TEXT reference to a private object in external package (Character_C /Game/ThirdPersonBP/Maps/ThirdPersonExampleMap.ThirdPersonExampleMap:PersistentLevel.ThirdPersonCharacter_167) from referencer (ParticleSystemComponent /Engine/Transient.World_10:PersistentLevel.Character_C_3567.BeamParticle).  Import failed...
[2018.02.08-14.04.33:088][441]LogEditorTransaction: Undo Modify Component(s)
[2018.02.08-14.04.53:244][908]BlueprintLog: New page: Compile Character
[2018.02.08-14.04.58:300][ 24]Cmd: OBJ SAVEPACKAGE PACKAGE="/Game/ThirdPersonBP/Blueprints/Character" FILE="../../../../../FYP/vr_project/ThirdPersonVR/Content/ThirdPersonBP/Blueprints/Character.uasset" SILENT=true
[2018.02.08-14.04.58:390][ 24]LogSavePackage: Save=76.82ms
[2018.02.08-14.04.58:390][ 24]LogSavePackage: Moving '../../../../../FYP/vr_project/ThirdPersonVR/Saved/Character74A471F44AAAAE14995F6CB8D8F52569.tmp' to '../../../../../FYP/vr_project/ThirdPersonVR/Content/ThirdPersonBP/Blueprints/Character.uasset'
[2018.02.08-14.04.58:393][ 24]LogSavePackage: Display: Finished SavePackage ../../../../../FYP/vr_project/ThirdPersonVR/Content/ThirdPersonBP/Blueprints/Character.uasset
[2018.02.08-14.05.18:077][673]LogTemp: Repeating last play command: Standalone Game
[2018.02.08-14.05.19:875][673]LogSavePackage: Save=150.94ms
[2018.02.08-14.05.19:875][673]LogSavePackage: Moving '../../../../../FYP/vr_project/ThirdPersonVR/Saved/ThirdPersonExampleMap526A2092406EC5996E75C090A44DF443.tmp' to '../../../../../FYP/vr_project/ThirdPersonVR/Content/ThirdPersonBP/Maps/ThirdPersonExampleMap.umap'
[2018.02.08-14.05.19:878][673]LogSavePackage: Display: Finished SavePackage ../../../../../FYP/vr_project/ThirdPersonVR/Content/ThirdPersonBP/Maps/ThirdPersonExampleMap.umap
[2018.02.08-14.05.19:906][673]LogFileHelpers: Saving map 'ThirdPersonExampleMap' took 0.274
[2018.02.08-14.08.12:151][638]Cmd: OBJ SAVEPACKAGE PACKAGE="/Game/ThirdPersonBP/Blueprints/Character" FILE="../../../../../FYP/vr_project/ThirdPersonVR/Content/ThirdPersonBP/Blueprints/Character.uasset" SILENT=true
[2018.02.08-14.08.12:231][638]LogSavePackage: Save=73.87ms
[2018.02.08-14.08.12:231][638]LogSavePackage: Moving '../../../../../FYP/vr_project/ThirdPersonVR/Saved/CharacterFA31B9864F557EC19668ED9BD69F5E82.tmp' to '../../../../../FYP/vr_project/ThirdPersonVR/Content/ThirdPersonBP/Blueprints/Character.uasset'
[2018.02.08-14.08.12:234][638]LogSavePackage: Display: Finished SavePackage ../../../../../FYP/vr_project/ThirdPersonVR/Content/ThirdPersonBP/Blueprints/Character.uasset
[2018.02.08-14.08.12:694][647]BlueprintLog: New page: Compile Character
[2018.02.08-14.08.17:458][740]LogTemp: Repeating last play command: Standalone Game
[2018.02.08-14.08.19:537][740]LogSavePackage: Save=152.44ms
[2018.02.08-14.08.19:537][740]LogSavePackage: Moving '../../../../../FYP/vr_project/ThirdPersonVR/Saved/ThirdPersonExampleMap5E11322E4EFD9153CB0EBEA5E68F9B67.tmp' to '../../../../../FYP/vr_project/ThirdPersonVR/Content/ThirdPersonBP/Maps/ThirdPersonExampleMap.umap'
[2018.02.08-14.08.19:541][740]LogSavePackage: Display: Finished SavePackage ../../../../../FYP/vr_project/ThirdPersonVR/Content/ThirdPersonBP/Maps/ThirdPersonExampleMap.umap
[2018.02.08-14.08.19:569][740]LogFileHelpers: Saving map 'ThirdPersonExampleMap' took 0.268
[2018.02.08-14.10.13:076][169]Cmd: OBJ SAVEPACKAGE PACKAGE="/Game/Particles/Beam/Beam" FILE="../../../../../FYP/vr_project/ThirdPersonVR/Content/Particles/Beam/Beam.uasset" SILENT=true
[2018.02.08-14.10.13:103][169]LogSavePackage: Save=14.79ms
[2018.02.08-14.10.13:103][169]LogSavePackage: Moving '../../../../../FYP/vr_project/ThirdPersonVR/Saved/Beam208680084DEDD111238911BAC945567C.tmp' to '../../../../../FYP/vr_project/ThirdPersonVR/Content/Particles/Beam/Beam.uasset'
[2018.02.08-14.10.13:106][169]LogSavePackage: Display: Finished SavePackage ../../../../../FYP/vr_project/ThirdPersonVR/Content/Particles/Beam/Beam.uasset
[2018.02.08-14.10.14:164][191]LogCascade: Quitting Cascade. FXSystem=0x00000140DFE46160
[2018.02.08-14.10.16:043][230]LogTemp: Repeating last play command: Standalone Game
[2018.02.08-14.36.52:318][615]LogTemp: Repeating last play command: Standalone Game
[2018.02.08-14.37.58:153][895]LogTemp: Repeating last play command: Standalone Game
[2018.02.08-14.42.15:387][374]LogTemp: Repeating last play command: Standalone Game
[2018.02.08-15.03.47:678][377]LogCascade: Quitting Cascade. FXSystem=0x0000014106E93A60
[2018.02.08-15.08.03:864][415]LogTemp: Repeating last play command: Standalone Game
[2018.02.08-15.08.05:624][415]Cmd: OBJ SAVEPACKAGE PACKAGE="/Game/ThirdPersonBP/Blueprints/Character" FILE="../../../../../FYP/vr_project/ThirdPersonVR/Content/ThirdPersonBP/Blueprints/Character.uasset" SILENT=true
[2018.02.08-15.08.05:711][415]LogSavePackage: Save=75.73ms
[2018.02.08-15.08.05:711][415]LogSavePackage: Moving '../../../../../FYP/vr_project/ThirdPersonVR/Saved/Character6B0D88B14DA37F09CA3E2F9610FA17A7.tmp' to '../../../../../FYP/vr_project/ThirdPersonVR/Content/ThirdPersonBP/Blueprints/Character.uasset'
[2018.02.08-15.08.05:715][415]LogSavePackage: Display: Finished SavePackage ../../../../../FYP/vr_project/ThirdPersonVR/Content/ThirdPersonBP/Blueprints/Character.uasset
[2018.02.08-15.08.06:041][415]LogSavePackage: Save=148.56ms
[2018.02.08-15.08.06:041][415]LogSavePackage: Moving '../../../../../FYP/vr_project/ThirdPersonVR/Saved/ThirdPersonExampleMap8ADD58854F02D755EAF84AA36908129F.tmp' to '../../../../../FYP/vr_project/ThirdPersonVR/Content/ThirdPersonBP/Maps/ThirdPersonExampleMap.umap'
[2018.02.08-15.08.06:044][415]LogSavePackage: Display: Finished SavePackage ../../../../../FYP/vr_project/ThirdPersonVR/Content/ThirdPersonBP/Maps/ThirdPersonExampleMap.umap
[2018.02.08-15.08.06:071][415]LogFileHelpers: Saving map 'ThirdPersonExampleMap' took 0.273
[2018.02.08-15.14.30:636][414]LogEditorTransaction: Undo Attach Component
[2018.02.08-15.14.30:691][414]LogActorComponent: ~FComponentReregisterContext: (/Game/ThirdPersonBP/Maps/ThirdPersonExampleMap.ThirdPersonExampleMap:PersistentLevel.ThirdPersonCharacter_167.CollisionCylinder) Component already registered.
[2018.02.08-15.14.30:697][414]LogActorComponent: ~FComponentReregisterContext: (/Engine/Transient.World_15:PersistentLevel.Character_C_21.CollisionCylinder) Component already registered.
[2018.02.08-15.14.30:697][414]LogActorComponent: ~FComponentReregisterContext: (/Engine/Transient.World_15:PersistentLevel.Character_C_21.CharacterMesh0) Component already registered.
[2018.02.08-15.14.30:698][414]LogActorComponent: ~FComponentReregisterContext: (/Engine/Transient.World_15:PersistentLevel.Character_C_21.Arrow) Component already registered.
[2018.02.08-15.14.30:699][414]LogActorComponent: ~FComponentReregisterContext: (/Engine/Transient.World_15:PersistentLevel.Character_C_21.CharMoveComp) Component already registered.
[2018.02.08-15.18.04:645][964]LogSavePackage: Save=158.96ms
[2018.02.08-15.18.04:645][964]LogSavePackage: Moving '../../../../../FYP/vr_project/ThirdPersonVR/Saved/ThirdPersonExampleMap_Auto48C9C475D49AA3A730D395980119DB1AF.tmp' to '../../../../../FYP/vr_project/ThirdPersonVR/Saved/Autosaves/Game/ThirdPersonBP/Maps/ThirdPersonExampleMap_Auto4.umap'
[2018.02.08-15.18.04:646][964]LogSavePackage: Display: Finished SavePackage ../../../../../FYP/vr_project/ThirdPersonVR/Saved/Autosaves/Game/ThirdPersonBP/Maps/ThirdPersonExampleMap_Auto4.umap
[2018.02.08-15.18.04:651][964]LogFileHelpers: Editor autosave (incl. sublevels) for '/Game/ThirdPersonBP/Maps/ThirdPersonExampleMap' took 0.203
[2018.02.08-15.18.04:651][964]LogFileHelpers: Editor autosave (incl. sublevels) for all levels took 0.203
[2018.02.08-15.18.49:198][609]LogCascade: Quitting Cascade. FXSystem=0x00000141094954E0
[2018.02.08-15.20.09:893][275]LogClass: Warning: In asset 'None', there is an enum property of type 'ParticleSystemLODMethod' with an invalid value of ''
[2018.02.08-15.20.09:893][275]LogClass: Warning: In asset 'None', there is an enum property of type 'ParticleSystemLODMethod' with an invalid value of ''
[2018.02.08-15.20.09:893][275]LogClass: Warning: In asset 'None', there is an enum property of type 'ParticleSystemLODMethod' with an invalid value of ''
[2018.02.08-15.22.08:843][201]LogEditorTransaction: Undo Delete current selection
[2018.02.08-15.28.05:643][966]LogSavePackage: Save=147.28ms
[2018.02.08-15.28.05:643][966]LogSavePackage: Moving '../../../../../FYP/vr_project/ThirdPersonVR/Saved/ThirdPersonExampleMap_Auto5000582E64783300B23FD82A4B2CABEDB.tmp' to '../../../../../FYP/vr_project/ThirdPersonVR/Saved/Autosaves/Game/ThirdPersonBP/Maps/ThirdPersonExampleMap_Auto5.umap'
[2018.02.08-15.28.05:645][966]LogSavePackage: Display: Finished SavePackage ../../../../../FYP/vr_project/ThirdPersonVR/Saved/Autosaves/Game/ThirdPersonBP/Maps/ThirdPersonExampleMap_Auto5.umap
[2018.02.08-15.28.05:647][966]LogFileHelpers: Editor autosave (incl. sublevels) for '/Game/ThirdPersonBP/Maps/ThirdPersonExampleMap' took 0.189
[2018.02.08-15.28.05:647][966]LogFileHelpers: Editor autosave (incl. sublevels) for all levels took 0.189
[2018.02.08-15.28.05:651][966]OBJ SavePackage: Generating thumbnails for [1] asset(s) in package [/Game/ThirdPersonBP/Blueprints/Character] ([1] browsable assets)...
[2018.02.08-15.28.05:671][966]OBJ SavePackage:     Rendered thumbnail for [Blueprint /Game/ThirdPersonBP/Blueprints/Character.Character]
[2018.02.08-15.28.05:671][966]OBJ SavePackage: Finished generating thumbnails for package [/Game/ThirdPersonBP/Blueprints/Character]
[2018.02.08-15.28.05:766][966]LogSavePackage: Save=86.34ms
[2018.02.08-15.28.05:767][966]LogSavePackage: Moving '../../../../../FYP/vr_project/ThirdPersonVR/Saved/Character_Auto5DD9FD0A94D424690BDAB7298E1773D6A.tmp' to '../../../../../FYP/vr_project/ThirdPersonVR/Saved/Autosaves/Game/ThirdPersonBP/Blueprints/Character_Auto5.uasset'
[2018.02.08-15.28.05:768][966]LogSavePackage: Display: Finished SavePackage ../../../../../FYP/vr_project/ThirdPersonVR/Saved/Autosaves/Game/ThirdPersonBP/Blueprints/Character_Auto5.uasset
[2018.02.08-15.28.05:768][966]LogFileHelpers: Auto-saving content packages took 0.119
[2018.02.08-15.34.30:075][926]BlueprintLog: New page: Compile Character
[2018.02.08-15.34.31:844][948]Cmd: OBJ SAVEPACKAGE PACKAGE="/Game/ThirdPersonBP/Blueprints/Character" FILE="../../../../../FYP/vr_project/ThirdPersonVR/Content/ThirdPersonBP/Blueprints/Character.uasset" SILENT=true
[2018.02.08-15.34.31:950][948]LogSavePackage: Save=93.89ms
[2018.02.08-15.34.31:951][948]LogSavePackage: Moving '../../../../../FYP/vr_project/ThirdPersonVR/Saved/CharacterD199C7A6403E5FBA727EC6A5994D103F.tmp' to '../../../../../FYP/vr_project/ThirdPersonVR/Content/ThirdPersonBP/Blueprints/Character.uasset'
[2018.02.08-15.34.31:957][948]LogSavePackage: Display: Finished SavePackage ../../../../../FYP/vr_project/ThirdPersonVR/Content/ThirdPersonBP/Blueprints/Character.uasset
[2018.02.08-15.34.54:515][726]LogTemp: Repeating last play command: Standalone Game
[2018.02.08-15.34.56:227][726]LogSavePackage: Save=163.90ms
[2018.02.08-15.34.56:227][726]LogSavePackage: Moving '../../../../../FYP/vr_project/ThirdPersonVR/Saved/ThirdPersonExampleMap3D821B50471ADA2BD03E9CAE31EE9B4F.tmp' to '../../../../../FYP/vr_project/ThirdPersonVR/Content/ThirdPersonBP/Maps/ThirdPersonExampleMap.umap'
[2018.02.08-15.34.56:231][726]LogSavePackage: Display: Finished SavePackage ../../../../../FYP/vr_project/ThirdPersonVR/Content/ThirdPersonBP/Maps/ThirdPersonExampleMap.umap
[2018.02.08-15.34.56:259][726]LogFileHelpers: Saving map 'ThirdPersonExampleMap' took 0.290
[2018.02.08-15.36.11:524][ 45]BlueprintLog: New page: Compile Character
[2018.02.08-15.36.12:501][ 51]Cmd: OBJ SAVEPACKAGE PACKAGE="/Game/ThirdPersonBP/Blueprints/Character" FILE="../../../../../FYP/vr_project/ThirdPersonVR/Content/ThirdPersonBP/Blueprints/Character.uasset" SILENT=true
[2018.02.08-15.36.12:610][ 51]LogSavePackage: Save=102.57ms
[2018.02.08-15.36.12:611][ 51]LogSavePackage: Moving '../../../../../FYP/vr_project/ThirdPersonVR/Saved/Character4CB62B5C4F83E11238DF4E859E829F80.tmp' to '../../../../../FYP/vr_project/ThirdPersonVR/Content/ThirdPersonBP/Blueprints/Character.uasset'
[2018.02.08-15.36.12:612][ 51]LogFileManager: Warning: DeleteFile was unable to delete '../../../../../FYP/vr_project/ThirdPersonVR/Content/ThirdPersonBP/Blueprints/Character.uasset', retrying in .5s...
[2018.02.08-15.36.13:112][ 51]LogFileManager: Error: Error deleting file '../../../../../FYP/vr_project/ThirdPersonVR/Content/ThirdPersonBP/Blueprints/Character.uasset'.
[2018.02.08-15.36.13:112][ 51]LogSavePackage: Error: Error saving '../../../../../FYP/vr_project/ThirdPersonVR/Content/ThirdPersonBP/Blueprints/Character.uasset'
[2018.02.08-15.36.13:114][ 51]LogSavePackage: Display: Finished SavePackage ../../../../../FYP/vr_project/ThirdPersonVR/Content/ThirdPersonBP/Blueprints/Character.uasset
[2018.02.08-15.36.18:840][ 51]Cmd: OBJ SAVEPACKAGE PACKAGE="/Game/ThirdPersonBP/Blueprints/Character" FILE="../../../../../FYP/vr_project/ThirdPersonVR/Content/ThirdPersonBP/Blueprints/Character.uasset" SILENT=true
[2018.02.08-15.36.18:935][ 51]LogSavePackage: Save=86.91ms
[2018.02.08-15.36.18:935][ 51]LogSavePackage: Moving '../../../../../FYP/vr_project/ThirdPersonVR/Saved/Character7ABE2C2C438F1B3CD6C73AB984719005.tmp' to '../../../../../FYP/vr_project/ThirdPersonVR/Content/ThirdPersonBP/Blueprints/Character.uasset'
[2018.02.08-15.36.18:938][ 51]LogSavePackage: Display: Finished SavePackage ../../../../../FYP/vr_project/ThirdPersonVR/Content/ThirdPersonBP/Blueprints/Character.uasset
[2018.02.08-15.36.18:944][ 51]EditorErrors: New page: Save Output
[2018.02.08-15.36.18:945][ 51]EditorErrors: Warning: Error saving '../../../../../FYP/vr_project/ThirdPersonVR/Content/ThirdPersonBP/Blueprints/Character.uasset'
[2018.02.08-15.36.22:086][114]Cmd: OBJ SAVEPACKAGE PACKAGE="/Game/ThirdPersonBP/Blueprints/Character" FILE="../../../../../FYP/vr_project/ThirdPersonVR/Content/ThirdPersonBP/Blueprints/Character.uasset" SILENT=true
[2018.02.08-15.36.22:176][114]LogSavePackage: Save=84.04ms
[2018.02.08-15.36.22:176][114]LogSavePackage: Moving '../../../../../FYP/vr_project/ThirdPersonVR/Saved/Character11F36FBC4ACCB5B9F72E7AB6E5CBBD86.tmp' to '../../../../../FYP/vr_project/ThirdPersonVR/Content/ThirdPersonBP/Blueprints/Character.uasset'
[2018.02.08-15.36.22:177][114]LogSavePackage: Display: Finished SavePackage ../../../../../FYP/vr_project/ThirdPersonVR/Content/ThirdPersonBP/Blueprints/Character.uasset
[2018.02.08-15.36.31:922][369]LogSavePackage: Save=157.47ms
[2018.02.08-15.36.31:922][369]LogSavePackage: Moving '../../../../../FYP/vr_project/ThirdPersonVR/Saved/ThirdPersonExampleMapB222D9904B46705E866CED874011F6ED.tmp' to '../../../../../FYP/vr_project/ThirdPersonVR/Content/ThirdPersonBP/Maps/ThirdPersonExampleMap.umap'
[2018.02.08-15.36.31:925][369]LogSavePackage: Display: Finished SavePackage ../../../../../FYP/vr_project/ThirdPersonVR/Content/ThirdPersonBP/Maps/ThirdPersonExampleMap.umap
[2018.02.08-15.36.32:121][369]LogSavePackage: Save=155.12ms
[2018.02.08-15.36.32:121][369]LogSavePackage: Moving '../../../../../FYP/vr_project/ThirdPersonVR/Saved/ThirdPersonExampleMap_BuiltDataF4858BC64F26BB56EED1CBBCE84D2733.tmp' to '../../../../../FYP/vr_project/ThirdPersonVR/Content/ThirdPersonBP/Maps/ThirdPersonExampleMap_BuiltData.uasset'
[2018.02.08-15.36.32:123][369]LogSavePackage: Display: Finished SavePackage ../../../../../FYP/vr_project/ThirdPersonVR/Content/ThirdPersonBP/Maps/ThirdPersonExampleMap_BuiltData.uasset
[2018.02.08-15.36.34:344][450]LogTemp: Repeating last play command: Standalone Game
[2018.02.08-15.37.10:324][641]LogSavePackage: Save=155.95ms
[2018.02.08-15.37.10:324][641]LogSavePackage: Moving '../../../../../FYP/vr_project/ThirdPersonVR/Saved/ThirdPersonExampleMap90C860704BDCF1D3AD18A29C36D7F2DA.tmp' to '../../../../../FYP/vr_project/ThirdPersonVR/Content/ThirdPersonBP/Maps/ThirdPersonExampleMap.umap'
[2018.02.08-15.37.10:327][641]LogSavePackage: Display: Finished SavePackage ../../../../../FYP/vr_project/ThirdPersonVR/Content/ThirdPersonBP/Maps/ThirdPersonExampleMap.umap
[2018.02.08-15.37.10:501][641]LogSavePackage: Save=138.81ms
[2018.02.08-15.37.10:501][641]LogSavePackage: Moving '../../../../../FYP/vr_project/ThirdPersonVR/Saved/ThirdPersonExampleMap_BuiltData5E9CDB2341F3EC5284C692A7878D9A7A.tmp' to '../../../../../FYP/vr_project/ThirdPersonVR/Content/ThirdPersonBP/Maps/ThirdPersonExampleMap_BuiltData.uasset'
[2018.02.08-15.37.10:503][641]LogSavePackage: Display: Finished SavePackage ../../../../../FYP/vr_project/ThirdPersonVR/Content/ThirdPersonBP/Maps/ThirdPersonExampleMap_BuiltData.uasset
[2018.02.08-15.50.31:997][121]LogTemp: Repeating last play command: Standalone Game
[2018.02.08-15.54.35:684][ 69]LogCascade: Quitting Cascade. FXSystem=0x00000140E1AB9A80
[2018.02.08-15.54.38:951][200]LogSelectionDetails: Warning: NavigateToFunctionSource:  Unable to find symbols for 'UKismetMathLibrary::Multiply_VectorFloat' [Element not found.]
[2018.02.08-15.54.44:210][343]BlueprintLog: New page: Compile Character
[2018.02.08-15.54.45:893][378]Cmd: OBJ SAVEPACKAGE PACKAGE="/Game/ThirdPersonBP/Blueprints/Character" FILE="../../../../../FYP/vr_project/ThirdPersonVR/Content/ThirdPersonBP/Blueprints/Character.uasset" SILENT=true
[2018.02.08-15.54.45:998][378]LogSavePackage: Save=93.27ms
[2018.02.08-15.54.45:998][378]LogSavePackage: Moving '../../../../../FYP/vr_project/ThirdPersonVR/Saved/CharacterCE5ED83247A1C8745F3181978ADE0E77.tmp' to '../../../../../FYP/vr_project/ThirdPersonVR/Content/ThirdPersonBP/Blueprints/Character.uasset'
[2018.02.08-15.54.46:001][378]LogSavePackage: Display: Finished SavePackage ../../../../../FYP/vr_project/ThirdPersonVR/Content/ThirdPersonBP/Blueprints/Character.uasset
[2018.02.08-15.54.48:063][455]LogSavePackage: Save=152.81ms
[2018.02.08-15.54.48:063][455]LogSavePackage: Moving '../../../../../FYP/vr_project/ThirdPersonVR/Saved/ThirdPersonExampleMapBD5458B44432F0DA1030BEAA6EE84A77.tmp' to '../../../../../FYP/vr_project/ThirdPersonVR/Content/ThirdPersonBP/Maps/ThirdPersonExampleMap.umap'
[2018.02.08-15.54.48:068][455]LogSavePackage: Display: Finished SavePackage ../../../../../FYP/vr_project/ThirdPersonVR/Content/ThirdPersonBP/Maps/ThirdPersonExampleMap.umap
[2018.02.08-15.54.48:253][455]LogSavePackage: Save=138.39ms
[2018.02.08-15.54.48:253][455]LogSavePackage: Moving '../../../../../FYP/vr_project/ThirdPersonVR/Saved/ThirdPersonExampleMap_BuiltDataE09596784A5B216D2DE830AC19758DAD.tmp' to '../../../../../FYP/vr_project/ThirdPersonVR/Content/ThirdPersonBP/Maps/ThirdPersonExampleMap_BuiltData.uasset'
[2018.02.08-15.54.48:255][455]LogSavePackage: Display: Finished SavePackage ../../../../../FYP/vr_project/ThirdPersonVR/Content/ThirdPersonBP/Maps/ThirdPersonExampleMap_BuiltData.uasset
[2018.02.08-15.54.49:848][509]LogTemp: Repeating last play command: Standalone Game
