Log file open, 05/01/18 16:09:00
LogWindows: Failed to load 'aqProf.dll' (GetLastError=126)
LogWindows: File 'aqProf.dll' does not exist
LogWindows: Failed to load 'VSPerf140.dll' (GetLastError=126)
LogWindows: File 'VSPerf140.dll' does not exist
LogWindows: Failed to load 'VtuneApi.dll' (GetLastError=126)
LogWindows: File 'VtuneApi.dll' does not exist
LogWindows: Failed to load 'VtuneApi32e.dll' (GetLastError=126)
LogWindows: File 'VtuneApi32e.dll' does not exist
LogInit: Display: Running engine for game: ThirdPersonVR
LogPlatformFile: Not using cached read wrapper
LogInit: Display: RandInit(1149983124) SRandInit(1149983124).
LogInit: Read version file with build ID '3944462'
LogInit: Overriding engine version to CL 3944462, compatible CL 3944462
LogInit: Registered custom module enumerator with build ID '3944462'
LogTaskGraph: Started task graph with 5 named threads and 23 total threads with 3 sets of task threads.
LogStats: Stats thread started at 0.281509
LogD3D11RHI: Aftermath initialized
LogICUInternationalization: Display: ICU TimeZone Detection - Raw Offset: +0:00, Platform Override: ''
LogModuleManager: Display: Found up-to-date module file ../../../Engine/Plugins/2D/Paper2D/Binaries/Win64/UE4Editor-Paper2D.dll (API version 3944462).
LogModuleManager: Display: Found up-to-date module file ../../../Engine/Plugins/2D/Paper2D/Binaries/Win64/UE4Editor-Paper2DEditor.dll (API version 3944462).
LogModuleManager: Display: Found up-to-date module file ../../../Engine/Plugins/2D/Paper2D/Binaries/Win64/UE4Editor-PaperSpriteSheetImporter.dll (API version 3944462).
LogModuleManager: Display: Found up-to-date module file ../../../Engine/Plugins/2D/Paper2D/Binaries/Win64/UE4Editor-PaperTiledImporter.dll (API version 3944462).
LogModuleManager: Display: Found up-to-date module file ../../../Engine/Plugins/2D/Paper2D/Binaries/Win64/UE4Editor-SmartSnapping.dll (API version 3944462).
LogModuleManager: Display: Found up-to-date module file ../../../Engine/Plugins/Blendables/LightPropagationVolume/Binaries/Win64/UE4Editor-LightPropagationVolumeRuntime.dll (API version 3944462).
LogModuleManager: Display: Found up-to-date module file ../../../Engine/Plugins/Blendables/LightPropagationVolume/Binaries/Win64/UE4Editor-LightPropagationVolumeEditor.dll (API version 3944462).
LogModuleManager: Display: Found up-to-date module file ../../../Engine/Plugins/Developer/CLionSourceCodeAccess/Binaries/Win64/UE4Editor-CLionSourceCodeAccess.dll (API version 3944462).
LogModuleManager: Display: Found up-to-date module file ../../../Engine/Plugins/Developer/GitSourceControl/Binaries/Win64/UE4Editor-GitSourceControl.dll (API version 3944462).
LogModuleManager: Display: Found up-to-date module file ../../../Engine/Plugins/Developer/PerforceSourceControl/Binaries/Win64/UE4Editor-PerforceSourceControl.dll (API version 3944462).
LogModuleManager: Display: Found up-to-date module file ../../../Engine/Plugins/Developer/SubversionSourceControl/Binaries/Win64/UE4Editor-SubversionSourceControl.dll (API version 3944462).
LogModuleManager: Display: Found up-to-date module file ../../../Engine/Plugins/Developer/UObjectPlugin/Binaries/Win64/UE4Editor-UObjectPlugin.dll (API version 3944462).
LogModuleManager: Display: Found up-to-date module file ../../../Engine/Plugins/Developer/VisualStudioCodeSourceCodeAccess/Binaries/Win64/UE4Editor-VisualStudioCodeSourceCodeAccess.dll (API version 3944462).
LogModuleManager: Display: Found up-to-date module file ../../../Engine/Plugins/Developer/VisualStudioSourceCodeAccess/Binaries/Win64/UE4Editor-VisualStudioSourceCodeAccess.dll (API version 3944462).
LogModuleManager: Display: Found up-to-date module file ../../../Engine/Plugins/Editor/AssetManagerEditor/Binaries/Win64/UE4Editor-AssetManagerEditor.dll (API version 3944462).
LogModuleManager: Display: Found up-to-date module file ../../../Engine/Plugins/Editor/CryptoKeys/Binaries/Win64/UE4Editor-CryptoKeys.dll (API version 3944462).
LogModuleManager: Display: Found up-to-date module file ../../../Engine/Plugins/Editor/CryptoKeys/Binaries/Win64/UE4Editor-CryptoKeysOpenSSL.dll (API version 3944462).
LogModuleManager: Display: Found up-to-date module file ../../../Engine/Plugins/Editor/DataValidation/Binaries/Win64/UE4Editor-DataValidation.dll (API version 3944462).
LogModuleManager: Display: Found up-to-date module file ../../../Engine/Plugins/Editor/FacialAnimation/Binaries/Win64/UE4Editor-FacialAnimation.dll (API version 3944462).
LogModuleManager: Display: Found up-to-date module file ../../../Engine/Plugins/Editor/FacialAnimation/Binaries/Win64/UE4Editor-FacialAnimationEditor.dll (API version 3944462).
LogModuleManager: Display: Found up-to-date module file ../../../Engine/Plugins/Editor/GameplayTagsEditor/Binaries/Win64/UE4Editor-GameplayTagsEditor.dll (API version 3944462).
LogModuleManager: Display: Found up-to-date module file ../../../Engine/Plugins/Editor/MobileLauncherProfileWizard/Binaries/Win64/UE4Editor-MobileLauncherProfileWizard.dll (API version 3944462).
LogModuleManager: Display: Found up-to-date module file ../../../Engine/Plugins/Editor/PluginBrowser/Binaries/Win64/UE4Editor-PluginBrowser.dll (API version 3944462).
LogModuleManager: Display: Found up-to-date module file ../../../Engine/Plugins/Editor/SpeedTreeImporter/Binaries/Win64/UE4Editor-SpeedTreeImporter.dll (API version 3944462).
LogModuleManager: Display: Found up-to-date module file ../../../Engine/Plugins/Enterprise/DatasmithContent/Binaries/Win64/UE4Editor-DatasmithContent.dll (API version 3944462).
LogModuleManager: Display: Found up-to-date module file ../../../Engine/Plugins/Experimental/AlembicImporter/Binaries/Win64/UE4Editor-AlembicImporter.dll (API version 3944462).
LogModuleManager: Display: Found up-to-date module file ../../../Engine/Plugins/Experimental/AlembicImporter/Binaries/Win64/UE4Editor-AlembicLibrary.dll (API version 3944462).
LogModuleManager: Display: Found up-to-date module file ../../../Engine/Plugins/Experimental/CharacterAI/Binaries/Win64/UE4Editor-CharacterAI.dll (API version 3944462).
LogModuleManager: Display: Found up-to-date module file ../../../Engine/Plugins/Experimental/HTML5Networking/Binaries/Win64/UE4Editor-HTML5Networking.dll (API version 3944462).
LogModuleManager: Display: Found up-to-date module file ../../../Engine/Plugins/Media/AndroidMedia/Binaries/Win64/UE4Editor-AndroidMediaEditor.dll (API version 3944462).
LogModuleManager: Display: Found up-to-date module file ../../../Engine/Plugins/Media/AndroidMedia/Binaries/Win64/UE4Editor-AndroidMediaFactory.dll (API version 3944462).
LogModuleManager: Display: Found up-to-date module file ../../../Engine/Plugins/Media/AvfMedia/Binaries/Win64/UE4Editor-AvfMediaEditor.dll (API version 3944462).
LogModuleManager: Display: Found up-to-date module file ../../../Engine/Plugins/Media/AvfMedia/Binaries/Win64/UE4Editor-AvfMediaFactory.dll (API version 3944462).
LogModuleManager: Display: Found up-to-date module file ../../../Engine/Plugins/Media/AvfMedia/Binaries/Win64/UE4Editor-AvfMediaFactory.dll (API version 3944462).
LogModuleManager: Display: Found up-to-date module file ../../../Engine/Plugins/Media/ImgMedia/Binaries/Win64/UE4Editor-ImgMedia.dll (API version 3944462).
LogModuleManager: Display: Found up-to-date module file ../../../Engine/Plugins/Media/ImgMedia/Binaries/Win64/UE4Editor-ImgMediaEditor.dll (API version 3944462).
LogModuleManager: Display: Found up-to-date module file ../../../Engine/Plugins/Media/ImgMedia/Binaries/Win64/UE4Editor-ImgMediaFactory.dll (API version 3944462).
LogModuleManager: Display: Found up-to-date module file ../../../Engine/Plugins/Media/ImgMedia/Binaries/Win64/UE4Editor-ImgMediaFactory.dll (API version 3944462).
LogModuleManager: Display: Found up-to-date module file ../../../Engine/Plugins/Media/ImgMedia/Binaries/Win64/UE4Editor-OpenExrWrapper.dll (API version 3944462).
LogModuleManager: Display: Found up-to-date module file ../../../Engine/Plugins/Media/LinearTimecode/Binaries/Win64/UE4Editor-LinearTimecode.dll (API version 3944462).
LogModuleManager: Display: Found up-to-date module file ../../../Engine/Plugins/Media/MediaCompositing/Binaries/Win64/UE4Editor-MediaCompositing.dll (API version 3944462).
LogModuleManager: Display: Found up-to-date module file ../../../Engine/Plugins/Media/MediaCompositing/Binaries/Win64/UE4Editor-MediaCompositingEditor.dll (API version 3944462).
LogModuleManager: Display: Found up-to-date module file ../../../Engine/Plugins/Media/MediaPlayerEditor/Binaries/Win64/UE4Editor-MediaPlayerEditor.dll (API version 3944462).
LogModuleManager: Display: Found up-to-date module file ../../../Engine/Plugins/Media/WmfMedia/Binaries/Win64/UE4Editor-WmfMedia.dll (API version 3944462).
LogModuleManager: Display: Found up-to-date module file ../../../Engine/Plugins/Media/WmfMedia/Binaries/Win64/UE4Editor-WmfMediaEditor.dll (API version 3944462).
LogModuleManager: Display: Found up-to-date module file ../../../Engine/Plugins/Media/WmfMedia/Binaries/Win64/UE4Editor-WmfMediaFactory.dll (API version 3944462).
LogModuleManager: Display: Found up-to-date module file ../../../Engine/Plugins/Media/WmfMedia/Binaries/Win64/UE4Editor-WmfMediaFactory.dll (API version 3944462).
LogModuleManager: Display: Found up-to-date module file ../../../Engine/Plugins/Messaging/TcpMessaging/Binaries/Win64/UE4Editor-TcpMessaging.dll (API version 3944462).
LogModuleManager: Display: Found up-to-date module file ../../../Engine/Plugins/Messaging/UdpMessaging/Binaries/Win64/UE4Editor-UdpMessaging.dll (API version 3944462).
LogModuleManager: Display: Found up-to-date module file ../../../Engine/Plugins/MovieScene/ActorSequence/Binaries/Win64/UE4Editor-ActorSequence.dll (API version 3944462).
LogModuleManager: Display: Found up-to-date module file ../../../Engine/Plugins/MovieScene/LevelSequenceEditor/Binaries/Win64/UE4Editor-LevelSequenceEditor.dll (API version 3944462).
LogModuleManager: Display: Found up-to-date module file ../../../Engine/Plugins/MovieScene/MatineeToLevelSequence/Binaries/Win64/UE4Editor-MatineeToLevelSequence.dll (API version 3944462).
LogModuleManager: Display: Found up-to-date module file ../../../Engine/Plugins/NetcodeUnitTest/NetcodeUnitTest/Binaries/Win64/UE4Editor-NetcodeUnitTest.dll (API version 3944462).
LogModuleManager: Display: Found up-to-date module file ../../../Engine/Plugins/NetcodeUnitTest/NUTUnrealEngine4/Binaries/Win64/UE4Editor-NUTUnrealEngine4.dll (API version 3944462).
LogModuleManager: Display: Found up-to-date module file ../../../Engine/Plugins/Online/OnlineSubsystem/Binaries/Win64/UE4Editor-OnlineSubsystem.dll (API version 3944462).
LogModuleManager: Display: Found up-to-date module file ../../../Engine/Plugins/Runtime/AndroidPermission/Binaries/Win64/UE4Editor-AndroidPermission.dll (API version 3944462).
LogModuleManager: Display: Found up-to-date module file ../../../Engine/Plugins/Online/OnlineSubsystemNull/Binaries/Win64/UE4Editor-OnlineSubsystemNull.dll (API version 3944462).
LogModuleManager: Display: Found up-to-date module file ../../../Engine/Plugins/Online/OnlineSubsystemUtils/Binaries/Win64/UE4Editor-OnlineSubsystemUtils.dll (API version 3944462).
LogModuleManager: Display: Found up-to-date module file ../../../Engine/Plugins/Online/OnlineSubsystemUtils/Binaries/Win64/UE4Editor-OnlineBlueprintSupport.dll (API version 3944462).
LogModuleManager: Display: Found up-to-date module file ../../../Engine/Plugins/Runtime/AndroidDeviceProfileSelector/Binaries/Win64/UE4Editor-AndroidDeviceProfileSelector.dll (API version 3944462).
LogModuleManager: Display: Found up-to-date module file ../../../Engine/Plugins/Runtime/AppleARKit/Binaries/Win64/UE4Editor-AppleARKit.dll (API version 3944462).
LogModuleManager: Display: Found up-to-date module file ../../../Engine/Plugins/Runtime/ProceduralMeshComponent/Binaries/Win64/UE4Editor-ProceduralMeshComponent.dll (API version 3944462).
LogModuleManager: Display: Found up-to-date module file ../../../Engine/Plugins/Runtime/ProceduralMeshComponent/Binaries/Win64/UE4Editor-ProceduralMeshComponentEditor.dll (API version 3944462).
LogModuleManager: Display: Found up-to-date module file ../../../Engine/Plugins/Animation/LiveLink/Binaries/Win64/UE4Editor-LiveLink.dll (API version 3944462).
LogModuleManager: Display: Found up-to-date module file ../../../Engine/Plugins/Animation/LiveLink/Binaries/Win64/UE4Editor-LiveLinkEditor.dll (API version 3944462).
LogModuleManager: Display: Found up-to-date module file ../../../Engine/Plugins/Runtime/ArchVisCharacter/Binaries/Win64/UE4Editor-ArchVisCharacter.dll (API version 3944462).
LogModuleManager: Display: Found up-to-date module file ../../../Engine/Plugins/Runtime/AudioCapture/Binaries/Win64/UE4Editor-AudioCapture.dll (API version 3944462).
LogModuleManager: Display: Found up-to-date module file ../../../Engine/Plugins/Runtime/AudioCapture/Binaries/Win64/UE4Editor-AudioCaptureEditor.dll (API version 3944462).
LogModuleManager: Display: Found up-to-date module file ../../../Engine/Plugins/Runtime/CableComponent/Binaries/Win64/UE4Editor-CableComponent.dll (API version 3944462).
LogModuleManager: Display: Found up-to-date module file ../../../Engine/Plugins/Runtime/CustomMeshComponent/Binaries/Win64/UE4Editor-CustomMeshComponent.dll (API version 3944462).
LogModuleManager: Display: Found up-to-date module file ../../../Engine/Plugins/Runtime/ExampleDeviceProfileSelector/Binaries/Win64/UE4Editor-ExampleDeviceProfileSelector.dll (API version 3944462).
LogModuleManager: Display: Found up-to-date module file ../../../Engine/Plugins/Runtime/ImmediatePhysics/Binaries/Win64/UE4Editor-ImmediatePhysics.dll (API version 3944462).
LogModuleManager: Display: Found up-to-date module file ../../../Engine/Plugins/Runtime/ImmediatePhysics/Binaries/Win64/UE4Editor-ImmediatePhysicsEditor.dll (API version 3944462).
LogModuleManager: Display: Found up-to-date module file ../../../Engine/Plugins/Runtime/LocationServicesBPLibrary/Binaries/Win64/UE4Editor-LocationServicesBPLibrary.dll (API version 3944462).
LogModuleManager: Display: Found up-to-date module file ../../../Engine/Plugins/Runtime/MobilePatchingUtils/Binaries/Win64/UE4Editor-MobilePatchingUtils.dll (API version 3944462).
LogModuleManager: Display: Found up-to-date module file ../../../Engine/Plugins/Runtime/Oculus/OculusVR/Binaries/Win64/UE4Editor-OculusHMD.dll (API version 3944462).
LogModuleManager: Display: Found up-to-date module file ../../../Engine/Plugins/Runtime/Oculus/OculusVR/Binaries/Win64/UE4Editor-OculusInput.dll (API version 3944462).
LogModuleManager: Display: Found up-to-date module file ../../../Engine/Plugins/Runtime/Oculus/OculusVR/Binaries/Win64/UE4Editor-OculusEditor.dll (API version 3944462).
LogModuleManager: Display: Found up-to-date module file ../../../Engine/Plugins/Runtime/PhysXVehicles/Binaries/Win64/UE4Editor-PhysXVehicles.dll (API version 3944462).
LogModuleManager: Display: Found up-to-date module file ../../../Engine/Plugins/Runtime/PhysXVehicles/Binaries/Win64/UE4Editor-PhysXVehiclesEditor.dll (API version 3944462).
LogModuleManager: Display: Found up-to-date module file ../../../Engine/Plugins/Runtime/RuntimePhysXCooking/Binaries/Win64/UE4Editor-RuntimePhysXCooking.dll (API version 3944462).
LogModuleManager: Display: Found up-to-date module file ../../../Engine/Plugins/Runtime/Steam/SteamVR/Binaries/Win64/UE4Editor-SteamVR.dll (API version 3944462).
LogModuleManager: Display: Found up-to-date module file ../../../Engine/Plugins/Runtime/Steam/SteamVR/Binaries/Win64/UE4Editor-SteamVRController.dll (API version 3944462).
LogModuleManager: Display: Found up-to-date module file ../../../Engine/Plugins/Runtime/WindowsMoviePlayer/Binaries/Win64/UE4Editor-WindowsMoviePlayer.dll (API version 3944462).
LogPluginManager: Mounting plugin Paper2D
LogPluginManager: Mounting plugin LiveLink
LogPluginManager: Mounting plugin LightPropagationVolume
LogPluginManager: Mounting plugin CLionSourceCodeAccess
LogPluginManager: Mounting plugin CodeLiteSourceCodeAccess
LogPluginManager: Mounting plugin GitSourceControl
LogPluginManager: Mounting plugin KDevelopSourceCodeAccess
LogPluginManager: Mounting plugin NullSourceCodeAccess
LogPluginManager: Mounting plugin PerforceSourceControl
LogPluginManager: Mounting plugin SubversionSourceControl
LogPluginManager: Mounting plugin UObjectPlugin
LogPluginManager: Mounting plugin VisualStudioCodeSourceCodeAccess
LogPluginManager: Mounting plugin VisualStudioSourceCodeAccess
LogPluginManager: Mounting plugin XCodeSourceCodeAccess
LogPluginManager: Mounting plugin AssetManagerEditor
LogPluginManager: Mounting plugin CryptoKeys
LogPluginManager: Mounting plugin DataValidation
LogPluginManager: Mounting plugin FacialAnimation
LogPluginManager: Mounting plugin GameplayTagsEditor
LogPluginManager: Mounting plugin MobileLauncherProfileWizard
LogPluginManager: Mounting plugin PluginBrowser
LogPluginManager: Mounting plugin SpeedTreeImporter
LogPluginManager: Mounting plugin DatasmithContent
LogPluginManager: Mounting plugin AlembicImporter
LogPluginManager: Mounting plugin CharacterAI
LogPluginManager: Mounting plugin HTML5Networking
LogPluginManager: Mounting plugin AndroidMedia
LogPluginManager: Mounting plugin AvfMedia
LogPluginManager: Mounting plugin ImgMedia
LogPluginManager: Mounting plugin LinearTimecode
LogPluginManager: Mounting plugin MediaCompositing
LogPluginManager: Mounting plugin MediaPlayerEditor
LogPluginManager: Mounting plugin WmfMedia
LogPluginManager: Mounting plugin TcpMessaging
LogPluginManager: Mounting plugin UdpMessaging
LogPluginManager: Mounting plugin ActorSequence
LogPluginManager: Mounting plugin LevelSequenceEditor
LogPluginManager: Mounting plugin MatineeToLevelSequence
LogPluginManager: Mounting plugin NetcodeUnitTest
LogPluginManager: Mounting plugin NUTUnrealEngine4
LogPluginManager: Mounting plugin OnlineSubsystemGooglePlay
LogPluginManager: Mounting plugin OnlineSubsystemIOS
LogPluginManager: Mounting plugin OnlineSubsystem
LogPluginManager: Mounting plugin OnlineSubsystemNull
LogPluginManager: Mounting plugin OnlineSubsystemUtils
LogPluginManager: Mounting plugin AndroidDeviceProfileSelector
LogPluginManager: Mounting plugin AndroidMoviePlayer
LogPluginManager: Mounting plugin AndroidPermission
LogPluginManager: Mounting plugin AppleARKit
LogPluginManager: Mounting plugin AppleMoviePlayer
LogPluginManager: Mounting plugin ArchVisCharacter
LogPluginManager: Mounting plugin AudioCapture
LogPluginManager: Mounting plugin CableComponent
LogPluginManager: Mounting plugin CustomMeshComponent
LogPluginManager: Mounting plugin ExampleDeviceProfileSelector
LogPluginManager: Mounting plugin GoogleCloudMessaging
LogPluginManager: Mounting plugin ImmediatePhysics
LogPluginManager: Mounting plugin IOSDeviceProfileSelector
LogPluginManager: Mounting plugin LinuxDeviceProfileSelector
LogPluginManager: Mounting plugin LocationServicesBPLibrary
LogPluginManager: Mounting plugin MobilePatchingUtils
LogPluginManager: Mounting plugin OculusVR
LogPluginManager: Plugin shader directory ../../../Engine/Plugins/Runtime/Oculus/OculusVR/Shaders found
LogPluginManager: Mapping shader source directory ../../../Engine/Plugins/Runtime/Oculus/OculusVR/Shaders to virtual directory /Plugin/OculusVR
LogPluginManager: Mounting plugin PhysXVehicles
LogPluginManager: Mounting plugin ProceduralMeshComponent
LogPluginManager: Mounting plugin RuntimePhysXCooking
LogPluginManager: Mounting plugin SteamVR
LogPluginManager: Mounting plugin WindowsMoviePlayer
LogStreaming: Display: Took  2.166s to configure plugins.
LogInit: Using libcurl 7.47.1
LogInit:  - built for x86_64-pc-win32
LogInit:  - supports SSL with OpenSSL/1.0.2g
LogInit:  - supports HTTP deflate (compression) using libz 1.2.8
LogInit:  - other features:
LogInit:      CURL_VERSION_SSL
LogInit:      CURL_VERSION_LIBZ
LogInit:      CURL_VERSION_IPV6
LogInit:      CURL_VERSION_ASYNCHDNS
LogInit:      CURL_VERSION_LARGEFILE
LogInit:      CURL_VERSION_IDN
LogInit:  CurlRequestOptions (configurable via config and command line):
LogInit:  - bVerifyPeer = false  - Libcurl will NOT verify peer certificate
LogInit:  - bUseHttpProxy = false  - Libcurl will NOT use HTTP proxy
LogInit:  - bDontReuseConnections = false  - Libcurl will reuse connections
LogInit:  - CertBundlePath = nullptr  - Libcurl will use whatever was configured at build time.
LogInit:  - MaxHostConnections = 16  - Libcurl will limit the number of connections to a host
LogInit:  - LocalHostAddr = Default
LogInit: WinSock: version 1.1 (2.2), MaxSocks=32767, MaxUdp=65467
LogInit: WinSock: I am COMP-PC6040 (129.11.146.113:0)
LogInit: Build: ++UE4+Release-4.19-CL-3944462
LogInit: Engine Version: 4.19.0-3944462+++UE4+Release-4.19
LogInit: Compatible Engine Version: 4.19.0-3944462+++UE4+Release-4.19
LogInit: Net CL: 3944462
LogDevObjectVersion: Number of dev versions registered: 18
LogDevObjectVersion:   Dev-Blueprints (B0D832E4-1F89-4F0D-ACCF-7EB736FD4AA2): 10
LogDevObjectVersion:   Dev-Build (E1C64328-A22C-4D53-A36C-8E866417BD8C): 0
LogDevObjectVersion:   Dev-Core (375EC13C-06E4-48FB-B500-84F0262A717E): 2
LogDevObjectVersion:   Dev-Editor (E4B068ED-F494-42E9-A231-DA0B2E46BB41): 23
LogDevObjectVersion:   Dev-Framework (CFFC743F-43B0-4480-9391-14DF171D2073): 33
LogDevObjectVersion:   Dev-Mobile (B02B49B5-BB20-44E9-A304-32B752E40360): 2
LogDevObjectVersion:   Dev-Networking (A4E4105C-59A1-49B5-A7C5-40C4547EDFEE): 0
LogDevObjectVersion:   Dev-Online (39C831C9-5AE6-47DC-9A44-9C173E1C8E7C): 0
LogDevObjectVersion:   Dev-Physics (78F01B33-EBEA-4F98-B9B4-84EACCB95AA2): 0
LogDevObjectVersion:   Dev-Platform (6631380F-2D4D-43E0-8009-CF276956A95A): 0
LogDevObjectVersion:   Dev-Rendering (12F88B9F-8875-4AFC-A67C-D90C383ABD29): 25
LogDevObjectVersion:   Dev-Sequencer (7B5AE74C-D270-4C10-A958-57980B212A5A): 6
LogDevObjectVersion:   Dev-VR (D7296918-1DD6-4BDD-9DE2-64A83CC13884): 1
LogDevObjectVersion:   Dev-LoadTimes (C2A15278-BFE7-4AFE-6C17-90FF531DF755): 1
LogDevObjectVersion:   Private-Geometry (6EACA3D4-40EC-4CC1-B786-8BED09428FC5): 2
LogDevObjectVersion:   Dev-AnimPhys (29E575DD-E0A3-4627-9D10-D276232CDCEA): 16
LogDevObjectVersion:   Dev-ReflectionCapture (6B266CEC-1EC7-4B8F-A30B-E4D90942FC07): 1
LogDevObjectVersion:   Dev-Automation (0DF73D61-A23F-47EA-B727-89E90C41499A): 1
LogInit: Compiled (64-bit): Mar 13 2018 23:12:32
LogInit: Compiled with Visual C++: 19.00.24215.01
LogInit: Build Configuration: Development
LogInit: Branch Name: ++UE4+Release-4.19
LogInit: Command Line: 
LogInit: Base Directory: C:/Program Files/Epic Games/UE_4.19/Engine/Binaries/Win64/
LogInit: Installed Engine Build: 1
LogStreaming: Display: Took  0.125s to delete old logs.
LogInit: Presizing for max 8388607 objects, including 0 objects not considered by GC, pre-allocating 0 bytes for permanent pool.
LogInit: Object subsystem initialized
[2018.05.01-15.09.03:017][  0]LogInit: Selected Device Profile: [Windows]
[2018.05.01-15.09.03:017][  0]LogInit: Applying CVar settings loaded from the selected device profile: [Windows]
[2018.05.01-15.09.03:098][  0]LogInit: Computer: COMP-PC6040
[2018.05.01-15.09.03:098][  0]LogInit: User: sc14mtt
[2018.05.01-15.09.03:098][  0]LogInit: CPU Page size=4096, Cores=4
[2018.05.01-15.09.03:098][  0]LogInit: High frequency timer resolution =3.415989 MHz
[2018.05.01-15.09.03:098][  0]LogMemory: Memory total: Physical=15.9GB (16GB approx)
[2018.05.01-15.09.03:098][  0]LogMemory: Platform Memory Stats for Windows
[2018.05.01-15.09.03:098][  0]LogMemory: Process Physical Memory: 273.75 MB used, 273.75 MB peak
[2018.05.01-15.09.03:098][  0]LogMemory: Process Virtual Memory: 264.50 MB used, 264.50 MB peak
[2018.05.01-15.09.03:098][  0]LogMemory: Physical Memory: 3182.75 MB used,  13111.99 MB free, 16294.74 MB total
[2018.05.01-15.09.03:098][  0]LogMemory: Virtual Memory: 692.77 MB used,  13111.99 MB free, 134217728.00 MB total
[2018.05.01-15.09.03:121][  0]LogInit: Using OS detected language (en-US).
[2018.05.01-15.09.03:121][  0]LogInit: Using OS detected locale (en-GB).
[2018.05.01-15.09.03:125][  0]LogTextLocalizationManager: No specific localization for 'en-US' exists, so the 'en' localization will be used.
[2018.05.01-15.09.03:531][  0]LogStreaming: Display: Took  0.410s to EndInitTextLocalization.
[2018.05.01-15.09.03:531][  0]LogInit: Setting process to per monitor DPI aware
[2018.05.01-15.09.03:556][  0]LogSlate: New Slate User Created.  User Index 0, Is Virtual User: 0
[2018.05.01-15.09.03:556][  0]LogSlate: Slate User Registered.  User Index 0, Is Virtual User: 0
[2018.05.01-15.09.03:847][  0]LogD3D11RHI: D3D11 adapters:
[2018.05.01-15.09.03:906][  0]LogD3D11RHI:    0. 'NVIDIA GeForce GTX 1070' (Feature Level 11_0)
[2018.05.01-15.09.03:906][  0]LogD3D11RHI:       8088/0/8147 MB DedicatedVideo/DedicatedSystem/SharedSystem, Outputs:1, VendorId:0x10de
[2018.05.01-15.09.03:909][  0]LogD3D11RHI:    1. 'Microsoft Basic Render Driver' (Feature Level 11_0)
[2018.05.01-15.09.03:909][  0]LogD3D11RHI:       0/0/8147 MB DedicatedVideo/DedicatedSystem/SharedSystem, Outputs:0, VendorId:0x1414
[2018.05.01-15.09.03:909][  0]LogD3D11RHI: Chosen D3D11 Adapter: 0
[2018.05.01-15.09.03:915][  0]LogD3D11RHI: Creating new Direct3DDevice
[2018.05.01-15.09.03:915][  0]LogD3D11RHI:     GPU DeviceId: 0x1b81 (for the marketing name, search the web for "GPU Device Id")
[2018.05.01-15.09.03:915][  0]LogWindows: EnumDisplayDevices:
[2018.05.01-15.09.03:915][  0]LogWindows:    0. 'NVIDIA GeForce GTX 1070' (P:1 D:1)
[2018.05.01-15.09.03:915][  0]LogWindows:    1. 'NVIDIA GeForce GTX 1070' (P:0 D:0)
[2018.05.01-15.09.03:915][  0]LogWindows:    2. 'NVIDIA GeForce GTX 1070' (P:0 D:0)
[2018.05.01-15.09.03:915][  0]LogWindows:    3. 'NVIDIA GeForce GTX 1070' (P:0 D:0)
[2018.05.01-15.09.03:915][  0]LogWindows: DebugString: GetVideoDriverDetailsInvalid PrimaryIsNotTheChoosenAdapter GetVideoDriverDetailsInvalid PrimaryIsNotTheChoosenAdapter GetVideoDriverDetailsInvalid PrimaryIsNotTheChoosenAdapter GetVideoDriverDetailsInvalid PrimaryIsNotTheChoosenAdapter FoundDriverCount:0 
[2018.05.01-15.09.03:916][  0]LogD3D11RHI:     Adapter Name: NVIDIA GeForce GTX 1070
[2018.05.01-15.09.03:916][  0]LogD3D11RHI:   Driver Version: Unknown (internal:Unknown, unified:Unknown)
[2018.05.01-15.09.03:916][  0]LogD3D11RHI:      Driver Date: Unknown
[2018.05.01-15.09.03:916][  0]LogRHI: Texture pool is 5661 MB (70% of 8088 MB)
[2018.05.01-15.09.03:947][  0]LogD3D11RHI: [Aftermath] Aftermath enabled and primed
[2018.05.01-15.09.03:947][  0]LogD3D11RHI: Async texture creation enabled
[2018.05.01-15.09.03:965][  0]LogD3D11RHI: GPU Timing Frequency: 1000.000000 (Debug: 2 2)
[2018.05.01-15.09.03:966][  0]LogShaderCompilers: Guid format shader working directory is -33 characters bigger than the processId version (../../../../../../Users/sc14mtt/Desktop/VRProject/vr_project/HeatmapInsideVR 4.19/Intermediate/Shaders/WorkingDirectory/6508/).
[2018.05.01-15.09.03:966][  0]LogShaderCompilers: Cleaned the shader compiler working directory 'C:/Users/sc14mtt/AppData/Local/Temp/UnrealShaderWorkingDir/97A6012C46CF7EDD75BDAEBBB23F9CD9/'.
[2018.05.01-15.09.04:279][  0]LogTemp: Display: Loaded TP AllDesktopTargetPlatform
[2018.05.01-15.09.04:293][  0]LogTemp: Display: Loaded TP MacClientTargetPlatform
[2018.05.01-15.09.04:307][  0]LogTemp: Display: Loaded TP MacNoEditorTargetPlatform
[2018.05.01-15.09.04:320][  0]LogTemp: Display: Loaded TP MacServerTargetPlatform
[2018.05.01-15.09.04:335][  0]LogTemp: Display: Loaded TP MacTargetPlatform
[2018.05.01-15.09.04:348][  0]LogTemp: Display: Loaded TP WindowsClientTargetPlatform
[2018.05.01-15.09.04:363][  0]LogTemp: Display: Loaded TP WindowsNoEditorTargetPlatform
[2018.05.01-15.09.04:377][  0]LogTemp: Display: Loaded TP WindowsServerTargetPlatform
[2018.05.01-15.09.04:384][  0]LogTemp: Display: Loaded TP WindowsTargetPlatform
[2018.05.01-15.09.04:396][  0]LogTemp: Display: Loaded TP Android_ASTCTargetPlatform
[2018.05.01-15.09.04:411][  0]LogTemp: Display: Loaded TP Android_ATCTargetPlatform
[2018.05.01-15.09.04:424][  0]LogTemp: Display: Loaded TP Android_DXTTargetPlatform
[2018.05.01-15.09.04:436][  0]LogTemp: Display: Loaded TP Android_ETC1aTargetPlatform
[2018.05.01-15.09.04:448][  0]LogTemp: Display: Loaded TP Android_ETC1TargetPlatform
[2018.05.01-15.09.04:461][  0]LogTemp: Display: Loaded TP Android_ETC2TargetPlatform
[2018.05.01-15.09.04:488][  0]LogTemp: Display: Loaded TP Android_MultiTargetPlatform
[2018.05.01-15.09.04:488][  0]LogTemp: Display: Loaded TP Android_PVRTCTargetPlatform
[2018.05.01-15.09.04:504][  0]LogTemp: Display: Loaded TP AndroidTargetPlatform
[2018.05.01-15.09.04:506][  0]LogTemp: Display: Loaded TP HTML5TargetPlatform
[2018.05.01-15.09.04:544][  0]LogTemp: Display: Loaded TP IOSTargetPlatform
[2018.05.01-15.09.04:556][  0]LogTemp: Display: Loaded TP TVOSTargetPlatform
[2018.05.01-15.09.04:569][  0]LogTemp: Display: Loaded TP LinuxClientTargetPlatform
[2018.05.01-15.09.04:582][  0]LogTemp: Display: Loaded TP LinuxNoEditorTargetPlatform
[2018.05.01-15.09.04:594][  0]LogTemp: Display: Loaded TP LinuxServerTargetPlatform
[2018.05.01-15.09.04:607][  0]LogTemp: Display: Loaded TP LinuxTargetPlatform
[2018.05.01-15.09.04:607][  0]LogTargetPlatformManager: Display: Building Assets For Windows
[2018.05.01-15.09.04:745][  0]LogXGEController: Cannot use XGE Controller as Incredibuild is not installed on this machine.
[2018.05.01-15.09.04:745][  0]LogShaderCompilers: Cannot use XGE Shader Compiler as Incredibuild is not installed on this machine.
[2018.05.01-15.09.04:745][  0]LogShaderCompilers: Display: Using Local Shader Compiler.
[2018.05.01-15.09.05:613][  0]LogDerivedDataCache: Display: Max Cache Size: 512 MB
[2018.05.01-15.09.05:696][  0]LogDerivedDataCache: Loaded boot cache 0.08s 89MB C:/Users/sc14mtt/AppData/Local/UnrealEngine/4.19/DerivedDataCache/Boot.ddc.
[2018.05.01-15.09.05:696][  0]LogDerivedDataCache: Display: Loaded Boot cache: C:/Users/sc14mtt/AppData/Local/UnrealEngine/4.19/DerivedDataCache/Boot.ddc
[2018.05.01-15.09.05:696][  0]LogDerivedDataCache: FDerivedDataBackendGraph:  Pak pak cache file ../../../../../../Users/sc14mtt/Desktop/VRProject/vr_project/HeatmapInsideVR 4.19/DerivedDataCache/DDC.ddp not found, will not use a pak cache.
[2018.05.01-15.09.05:696][  0]LogDerivedDataCache: Unable to find inner node Pak for hierarchical cache Hierarchy.
[2018.05.01-15.09.05:696][  0]LogDerivedDataCache: FDerivedDataBackendGraph:  CompressedPak pak cache file ../../../../../../Users/sc14mtt/Desktop/VRProject/vr_project/HeatmapInsideVR 4.19/DerivedDataCache/Compressed.ddp not found, will not use a pak cache.
[2018.05.01-15.09.05:696][  0]LogDerivedDataCache: Unable to find inner node CompressedPak for hierarchical cache Hierarchy.
[2018.05.01-15.09.05:712][  0]LogDerivedDataCache: Display: Pak cache opened for reading ../../../Engine/DerivedDataCache/Compressed.ddp.
[2018.05.01-15.09.05:725][  0]LogDerivedDataCache: Using Local data cache path C:/Users/sc14mtt/AppData/Local/UnrealEngine/Common/DerivedDataCache: Writable
[2018.05.01-15.09.05:737][  0]LogMaterial: Verifying Global Shaders for PCD3D_SM5
[2018.05.01-15.09.05:737][  0]LogSlate: Using Freetype 2.6.0
[2018.05.01-15.09.05:738][  0]LogSlate: SlateFontCache - WITH_FREETYPE: 1, WITH_HARFBUZZ: 1
[2018.05.01-15.09.05:738][  0]LogSlate: SlateFontCache - WITH_FREETYPE: 1, WITH_HARFBUZZ: 1
[2018.05.01-15.09.05:897][  0]LogAssetRegistry: FAssetRegistry took 0.0264 seconds to start up
[2018.05.01-15.09.06:220][  0]LogInit: Selected Device Profile: [Windows]
[2018.05.01-15.09.06:370][  0]LogSimplygon: Simplygon DLL not present - disabling.
[2018.05.01-15.09.06:374][  0]LogMeshReduction: Using SimplygonSwarm for distributed automatic mesh merging
[2018.05.01-15.09.06:374][  0]LogMeshReduction: Using QuadricMeshReduction for automatic static mesh reduction
[2018.05.01-15.09.06:374][  0]LogMeshReduction: No automatic skeletal mesh reduction module available
[2018.05.01-15.09.06:374][  0]LogMeshReduction: No automatic mesh merging module available
[2018.05.01-15.09.06:374][  0]LogMeshMerging: No automatic mesh merging module available
[2018.05.01-15.09.06:411][  0]LogNetVersion: ThirdPersonVR , NetCL: 3944462, EngineNetVer: 2, GameNetVer: 0 (Checksum: 3116326056)
[2018.05.01-15.09.07:476][  0]LogPackageLocalizationCache: Processed 9 localized package path(s) for 2 prioritized culture(s) in 0.462731 seconds
[2018.05.01-15.09.07:482][  0]LogUObjectArray: 36728 objects as part of root set at end of initial load.
[2018.05.01-15.09.07:482][  0]LogUObjectAllocator: 7314304 out of 0 bytes used by permanent object pool.
[2018.05.01-15.09.07:482][  0]LogUObjectArray: CloseDisregardForGC: 0/0 objects in disregard for GC pool
[2018.05.01-15.09.09:321][  0]LogTcpMessaging: Initializing TcpMessaging bridge
[2018.05.01-15.09.09:357][  0]LogUdpMessaging: Initializing bridge on interface 0.0.0.0:0 to multicast group 230.0.0.1:6666.
[2018.05.01-15.09.09:833][  0]SourceControl: Source control is disabled
[2018.05.01-15.09.09:833][  0]SourceControl: Source control is disabled
[2018.05.01-15.09.09:860][  0]SourceControl: Source control is disabled
[2018.05.01-15.09.09:888][  0]SourceControl: Source control is disabled
[2018.05.01-15.09.10:546][  0]LogAndroidPermission: UAndroidPermissionCallbackProxy::GetInstance
[2018.05.01-15.09.10:736][  0]LogOcInput: OculusInput pre-init called
[2018.05.01-15.09.10:864][  0]LogEngine: Initializing Engine...
[2018.05.01-15.09.10:887][  0]LogHMD: Failed to initialize OpenVR with code 126
[2018.05.01-15.09.10:888][  0]LogStats: UGameplayTagsManager::ConstructGameplayTagTree: Construct from data asset -  0.000 s
[2018.05.01-15.09.10:888][  0]LogStats: UGameplayTagsManager::ConstructGameplayTagTree: GameplayTagTreeChangedEvent.Broadcast -  0.000 s
[2018.05.01-15.09.11:101][  0]LogAIModule: Creating AISystem for world Untitled
[2018.05.01-15.09.11:115][  0]LogInit: XAudio2 using 'Realtek Digital Output(Optical) (Realtek High Definition Audio)' : 2 channels at 48 kHz using 16 bits per sample (channel mask 0x3)
[2018.05.01-15.09.11:143][  0]LogInit: FAudioDevice initialized.
[2018.05.01-15.09.11:869][  0]LogDerivedDataCache: Saved boot cache 0.73s 89MB C:/Users/sc14mtt/AppData/Local/UnrealEngine/4.19/DerivedDataCache/Boot.ddc.
[2018.05.01-15.09.11:881][  0]LogInit: Texture streaming: Enabled
[2018.05.01-15.09.11:899][  0]LogEngineSessionManager: EngineSessionManager initialized
[2018.05.01-15.09.11:915][  0]LogInit: Transaction tracking system initialized
[2018.05.01-15.09.11:939][  0]BlueprintLog: New page: Editor Load
[2018.05.01-15.09.12:030][  0]LocalizationService: Localization service is disabled
[2018.05.01-15.09.12:142][  0]LogConsoleResponse: Display: 
[2018.05.01-15.09.12:784][  0]LogCook: Display: Max memory allowance for cook 16384mb min free memory 0mb
[2018.05.01-15.09.12:784][  0]LogCook: Display: Mobile HDR setting 1
[2018.05.01-15.09.12:784][  0]LogGameplayTags: Display: UGameplayTagsManager::DoneAddingNativeTags. DelegateIsBound: 0
[2018.05.01-15.09.12:784][  0]LogStats: UGameplayTagsManager::ConstructGameplayTagTree: Construct from data asset -  0.000 s
[2018.05.01-15.09.12:785][  0]LogStats: UGameplayTagsManager::ConstructGameplayTagTree: GameplayTagTreeChangedEvent.Broadcast -  0.000 s
[2018.05.01-15.09.13:041][  0]LogFileCache: Scanning file cache for directory 'C:/Users/sc14mtt/Desktop/VRProject/vr_project/HeatmapInsideVR 4.19/Content/' took 0.02s
[2018.05.01-15.09.13:451][  0]SourceControl: Source control is disabled
[2018.05.01-15.09.13:451][  0]Cmd: MAP LOAD FILE="../../../../../../Users/sc14mtt/Desktop/VRProject/vr_project/HeatmapInsideVR 4.19/Content/ThirdPersonBP/Maps/ThirdPersonExampleMap.umap" TEMPLATE=0 SHOWPROGRESS=1 FEATURELEVEL=3
[2018.05.01-15.09.13:451][  0]LightingResults: New page: Lighting Build
[2018.05.01-15.09.13:455][  0]MapCheck: New page: Map Check
[2018.05.01-15.09.13:455][  0]LightingResults: New page: Lighting Build
[2018.05.01-15.09.18:686][  0]LogSkeletalMesh: Skeletal Mesh found in DDC [44.004826ms] /Engine/Tutorial/SubEditors/TutorialAssets/Character/TutorialTPP.TutorialTPP
[2018.05.01-15.09.20:570][  0]LogAIModule: Creating AISystem for world ThirdPersonExampleMap
[2018.05.01-15.09.20:579][  0]LogEditorServer: Finished looking for orphan Actors (0.000 secs)
[2018.05.01-15.09.20:593][  0]Cmd: MAP CHECKDEP NOCLEARLOG
[2018.05.01-15.09.20:680][  0]MapCheck: Map check complete: 0 Error(s), 0 Warning(s), took 86.56ms to complete.
[2018.05.01-15.09.20:680][  0]LogFileHelpers: Loading map 'ThirdPersonExampleMap' took 7.225
[2018.05.01-15.09.21:413][  0]LogCollectionManager: Loaded 0 collections in 0.001815 seconds
[2018.05.01-15.09.21:488][  0]LogFileCache: Scanning file cache for directory 'C:/Users/sc14mtt/Desktop/VRProject/vr_project/HeatmapInsideVR 4.19/Saved/Collections/' took 0.01s
[2018.05.01-15.09.21:488][  0]LogFileCache: Scanning file cache for directory 'C:/Users/sc14mtt/Desktop/VRProject/vr_project/HeatmapInsideVR 4.19/Content/Developers/sc14mtt/Collections/' took 0.01s
[2018.05.01-15.09.21:488][  0]LogFileCache: Scanning file cache for directory 'C:/Users/sc14mtt/Desktop/VRProject/vr_project/HeatmapInsideVR 4.19/Content/Collections/' took 0.01s
[2018.05.01-15.09.21:488][  0]LogCollectionManager: Rebuilt the GUID cache for 0 collections in 0.000000 seconds
[2018.05.01-15.09.21:497][  0]LogContentBrowser: Native class hierarchy populated in 0.0084 seconds. Added 2452 classes and 558 folders.
[2018.05.01-15.09.21:505][  0]LogContentBrowser: Native class hierarchy updated for 'WidgetCarousel' in 0.0003 seconds. Added 0 classes and 0 folders.
[2018.05.01-15.09.24:454][  0]LogContentBrowser: Native class hierarchy updated for 'AddContentDialog' in 0.0003 seconds. Added 0 classes and 0 folders.
[2018.05.01-15.09.24:461][  0]LogContentBrowser: Native class hierarchy updated for 'SceneOutliner' in 0.0003 seconds. Added 1 classes and 2 folders.
[2018.05.01-15.09.24:595][  0]LogSlate: Took 0.000286 seconds to synchronously load lazily loaded font '../../../Engine/Content/Slate/Fonts/Roboto-Regular.ttf' (155K)
[2018.05.01-15.09.24:597][  0]LogSlate: Took 0.000249 seconds to synchronously load lazily loaded font '../../../Engine/Content/Slate/Fonts/Roboto-Bold.ttf' (160K)
[2018.05.01-15.09.24:673][  0]LogSlate: Took 0.038984 seconds to synchronously load lazily loaded font '../../../Engine/Content/Editor/Slate/Fonts/FontAwesome.ttf' (139K)
[2018.05.01-15.09.25:244][  0]LogRenderer: Reallocating scene render targets to support 1616x916 Format 10 NumSamples 1 (Frame:1).
[2018.05.01-15.09.25:599][  0]LogContentBrowser: Native class hierarchy updated for 'HierarchicalLODOutliner' in 0.0003 seconds. Added 0 classes and 0 folders.
[2018.05.01-15.09.25:599][  0]LogLoad: (Engine Initialization) Total time: 27.86 seconds
[2018.05.01-15.09.25:599][  0]LogLoad: (Engine Initialization) Total Blueprint compile time: 0.00 seconds
[2018.05.01-15.09.25:957][  0]LogContentStreaming: Texture pool size now 1000 MB
[2018.05.01-15.09.26:292][  1]LogAssetRegistry: Asset discovery search completed in 20.4086 seconds
[2018.05.01-15.09.26:294][  1]LogCollectionManager: Rebuilt the object cache for 0 collections in 0.000000 seconds (found 0 objects)
[2018.05.01-15.09.26:294][  1]LogCollectionManager: Fixed up redirectors for 0 collections in 0.000049 seconds (updated 0 objects)
[2018.05.01-15.09.26:982][  3]LogSlate: Took 0.016840 seconds to synchronously load lazily loaded font '../../../Engine/Content/Slate/Fonts/Roboto-Light.ttf' (167K)
[2018.05.01-15.10.24:685][153]LogSlate: FSceneViewport::OnFocusLost() reason 0
[2018.05.01-15.10.26:903][316]LogContentBrowser: Native class hierarchy updated for 'BlueprintGraph' in 0.0009 seconds. Added 116 classes and 0 folders.
[2018.05.01-15.10.28:333][316]LogSlate: Took 0.064544 seconds to synchronously load lazily loaded font '../../../Engine/Content/Slate/Fonts/Roboto-BoldCondensed.ttf' (158K)
[2018.05.01-15.10.28:907][317]LogSlate: Took 0.018794 seconds to synchronously load lazily loaded font '../../../Engine/Content/Slate/Fonts/Roboto-Italic.ttf' (157K)
[2018.05.01-15.20.19:143][  1]BlueprintLog: New page: Compile ObjectDrawingLogic
[2018.05.01-15.20.20:497][ 51]LogSavePackage: Save=21.42ms
[2018.05.01-15.20.20:497][ 51]LogSavePackage: Moving '../../../../../../Users/sc14mtt/Desktop/VRProject/vr_project/HeatmapInsideVR 4.19/Saved/ObjectDrawingLogic8DEE57774DFB7476AF8F268BBDA69A15.tmp' to '../../../../../../Users/sc14mtt/Desktop/VRProject/vr_project/HeatmapInsideVR 4.19/Content/Blueprints/ObjectDrawingLogic.uasset'
[2018.05.01-15.20.20:507][ 51]LogSavePackage: Display: Finished SavePackage ../../../../../../Users/sc14mtt/Desktop/VRProject/vr_project/HeatmapInsideVR 4.19/Content/Blueprints/ObjectDrawingLogic.uasset
[2018.05.01-15.21.24:952][905]LogSavePackage: Save=128.19ms
[2018.05.01-15.21.24:952][905]LogSavePackage: Moving '../../../../../../Users/sc14mtt/Desktop/VRProject/vr_project/HeatmapInsideVR 4.19/Saved/ThirdPersonExampleMap_Auto1AF45C60A42554FA7ED96ACBD641ED063.tmp' to '../../../../../../Users/sc14mtt/Desktop/VRProject/vr_project/HeatmapInsideVR 4.19/Saved/Autosaves/Game/ThirdPersonBP/Maps/ThirdPersonExampleMap_Auto1.umap'
[2018.05.01-15.21.24:959][905]LogSavePackage: Display: Finished SavePackage ../../../../../../Users/sc14mtt/Desktop/VRProject/vr_project/HeatmapInsideVR 4.19/Saved/Autosaves/Game/ThirdPersonBP/Maps/ThirdPersonExampleMap_Auto1.umap
[2018.05.01-15.21.24:962][905]LogFileHelpers: Editor autosave (incl. sublevels) for '/Game/ThirdPersonBP/Maps/ThirdPersonExampleMap' took 0.196
[2018.05.01-15.21.24:962][905]LogFileHelpers: Editor autosave (incl. sublevels) for all levels took 0.196
[2018.05.01-15.21.24:967][905]OBJ SavePackage: Generating thumbnails for [0] asset(s) in package [/Game/Blueprints/ObjectDrawingLogic] ([1] browsable assets)...
[2018.05.01-15.21.24:967][905]OBJ SavePackage: Finished generating thumbnails for package [/Game/Blueprints/ObjectDrawingLogic]
[2018.05.01-15.21.25:004][905]LogSavePackage: Save=24.48ms
[2018.05.01-15.21.25:004][905]LogSavePackage: Moving '../../../../../../Users/sc14mtt/Desktop/VRProject/vr_project/HeatmapInsideVR 4.19/Saved/ObjectDrawingLogic_Auto150EF303D4FF7527ECAF315A2AC08FFE4.tmp' to '../../../../../../Users/sc14mtt/Desktop/VRProject/vr_project/HeatmapInsideVR 4.19/Saved/Autosaves/Game/Blueprints/ObjectDrawingLogic_Auto1.uasset'
[2018.05.01-15.21.25:011][905]LogSavePackage: Display: Finished SavePackage ../../../../../../Users/sc14mtt/Desktop/VRProject/vr_project/HeatmapInsideVR 4.19/Saved/Autosaves/Game/Blueprints/ObjectDrawingLogic_Auto1.uasset
[2018.05.01-15.21.25:011][905]LogFileHelpers: Auto-saving content packages took 0.047
[2018.05.01-15.22.02:457][377]BlueprintLog: New page: Compile ObjectDrawingLogic
[2018.05.01-15.22.03:157][379]LogSavePackage: Save=19.39ms
[2018.05.01-15.22.03:157][379]LogSavePackage: Moving '../../../../../../Users/sc14mtt/Desktop/VRProject/vr_project/HeatmapInsideVR 4.19/Saved/ObjectDrawingLogicB85C67A74FC46C41D71652BB8C8ED65A.tmp' to '../../../../../../Users/sc14mtt/Desktop/VRProject/vr_project/HeatmapInsideVR 4.19/Content/Blueprints/ObjectDrawingLogic.uasset'
[2018.05.01-15.22.03:170][379]LogSavePackage: Display: Finished SavePackage ../../../../../../Users/sc14mtt/Desktop/VRProject/vr_project/HeatmapInsideVR 4.19/Content/Blueprints/ObjectDrawingLogic.uasset
[2018.05.01-15.22.20:482][437]LogMaterial: Missing cached shader map for material HeatSplatColor, compiling. 
[2018.05.01-15.22.21:097][437]LogMaterial: Missing cached shader map for material HeatSplatColor, compiling. 
[2018.05.01-15.22.21:107][437]LogMaterial: Missing cached shader map for material HeatSplatColor, compiling. 
[2018.05.01-15.22.21:125][437]LogShaderCompilers: Display: Shaders left to compile 18
[2018.05.01-15.22.21:125][437]LogShaderCompilers: Display: Shaders left to compile 17
[2018.05.01-15.22.21:125][437]LogShaderCompilers: Display: Shaders left to compile 16
[2018.05.01-15.22.21:126][437]LogShaderCompilers: Display: Shaders left to compile 15
[2018.05.01-15.22.21:152][437]LogMaterial: Missing cached shader map for material FMatExpressionPreview MaterialExpressionConstant3Vector_0, compiling. 
[2018.05.01-15.22.21:156][437]LogMaterial: Missing cached shader map for material FMatExpressionPreview MaterialExpressionConstant3Vector_1, compiling. 
[2018.05.01-15.22.21:160][437]LogMaterial: Missing cached shader map for material FMatExpressionPreview MaterialExpressionConstant3Vector_2, compiling. 
[2018.05.01-15.22.21:163][437]LogMaterial: Missing cached shader map for material FMatExpressionPreview MaterialExpressionConstant3Vector_3, compiling. 
[2018.05.01-15.22.21:167][437]LogMaterial: Missing cached shader map for material FMatExpressionPreview MaterialExpressionTextureSampleParameter2D_0, compiling. 
[2018.05.01-15.22.21:171][437]LogMaterial: Missing cached shader map for material FMatExpressionPreview MaterialExpressionConstant3Vector_4, compiling. 
[2018.05.01-15.22.21:175][437]LogMaterial: Missing cached shader map for material FMatExpressionPreview MaterialExpressionConstant3Vector_5, compiling. 
[2018.05.01-15.22.21:178][437]LogMaterial: Missing cached shader map for material FMatExpressionPreview MaterialExpressionConstant3Vector_6, compiling. 
[2018.05.01-15.22.21:182][437]LogMaterial: Missing cached shader map for material FMatExpressionPreview MaterialExpressionConstant3Vector_7, compiling. 
[2018.05.01-15.22.22:454][540]LogShaderCompilers: Display: Shaders left to compile 32
[2018.05.01-15.22.22:500][545]LogShaderCompilers: Display: Shaders left to compile 31
[2018.05.01-15.22.22:500][545]LogShaderCompilers: Display: Shaders left to compile 30
[2018.05.01-15.22.22:510][546]LogShaderCompilers: Display: Shaders left to compile 29
[2018.05.01-15.22.22:633][559]LogShaderCompilers: Display: Shaders left to compile 28
[2018.05.01-15.22.22:688][565]LogShaderCompilers: Display: Shaders left to compile 27
[2018.05.01-15.22.22:698][566]LogShaderCompilers: Display: Shaders left to compile 26
[2018.05.01-15.22.22:857][582]LogShaderCompilers: Display: Shaders left to compile 25
[2018.05.01-15.22.22:989][596]LogShaderCompilers: Display: Shaders left to compile 24
[2018.05.01-15.22.23:047][602]LogShaderCompilers: Display: Shaders left to compile 23
[2018.05.01-15.22.23:074][605]LogShaderCompilers: Display: Shaders left to compile 22
[2018.05.01-15.22.23:092][607]LogShaderCompilers: Display: Shaders left to compile 21
[2018.05.01-15.22.23:301][626]LogShaderCompilers: Display: Shaders left to compile 20
[2018.05.01-15.22.23:380][634]LogShaderCompilers: Display: Shaders left to compile 19
[2018.05.01-15.22.23:429][639]LogShaderCompilers: Display: Shaders left to compile 18
[2018.05.01-15.22.23:449][641]LogShaderCompilers: Display: Shaders left to compile 17
[2018.05.01-15.22.23:599][655]LogShaderCompilers: Display: Shaders left to compile 16
[2018.05.01-15.22.23:640][659]LogShaderCompilers: Display: Shaders left to compile 15
[2018.05.01-15.22.23:652][660]LogShaderCompilers: Display: Shaders left to compile 14
[2018.05.01-15.22.23:653][660]MaterialEditorStats: Base pass shader: 109 instructions
[2018.05.01-15.22.23:653][660]MaterialEditorStats: Base pass shader with Surface Lightmap: 126 instructions
[2018.05.01-15.22.23:653][660]MaterialEditorStats: Base pass shader with Volumetric Lightmap: 182 instructions
[2018.05.01-15.22.23:654][660]MaterialEditorStats: Vertex shader: 41 instructions
[2018.05.01-15.22.23:654][660]MaterialEditorStats: Texture samplers: 4/16
[2018.05.01-15.22.23:654][660]MaterialEditorStats: User interpolators: 2/4 Scalars (1/4 Vectors) (TexCoords: 2, Custom: 0)
[2018.05.01-15.22.23:683][663]LogShaderCompilers: Display: Shaders left to compile 13
[2018.05.01-15.22.23:852][678]LogShaderCompilers: Display: Shaders left to compile 12
[2018.05.01-15.22.23:861][679]LogShaderCompilers: Display: Shaders left to compile 11
[2018.05.01-15.22.23:881][681]LogShaderCompilers: Display: Shaders left to compile 10
[2018.05.01-15.22.23:924][685]LogShaderCompilers: Display: Shaders left to compile 9
[2018.05.01-15.22.24:069][698]LogShaderCompilers: Display: Shaders left to compile 8
[2018.05.01-15.22.24:100][701]LogShaderCompilers: Display: Shaders left to compile 7
[2018.05.01-15.22.24:132][704]LogShaderCompilers: Display: Shaders left to compile 6
[2018.05.01-15.22.24:151][706]LogShaderCompilers: Display: Shaders left to compile 5
[2018.05.01-15.22.24:305][720]LogShaderCompilers: Display: Shaders left to compile 4
[2018.05.01-15.22.24:326][722]LogShaderCompilers: Display: Shaders left to compile 3
[2018.05.01-15.22.24:348][724]LogShaderCompilers: Display: Shaders left to compile 2
[2018.05.01-15.22.24:377][727]LogShaderCompilers: Display: Shaders left to compile 1
[2018.05.01-15.24.41:640][116]LogMaterialEditor: Saving and Compiling material HeatSplatColor
[2018.05.01-15.24.42:523][116]LogMaterial: Missing cached shader map for material HeatSplatColor, compiling. 
[2018.05.01-15.24.42:561][116]LogShaderCompilers: Display: Shaders left to compile 18
[2018.05.01-15.24.42:561][116]LogShaderCompilers: Display: Shaders left to compile 17
[2018.05.01-15.24.42:561][116]LogShaderCompilers: Display: Shaders left to compile 16
[2018.05.01-15.24.42:561][116]LogShaderCompilers: Display: Shaders left to compile 15
[2018.05.01-15.24.42:589][116]LogMaterial: Missing cached shader map for material HeatSplatColor, compiling. 
[2018.05.01-15.24.42:657][116]LogMaterial: Missing cached shader map for material HeatSplatColor, compiling. 
[2018.05.01-15.24.42:710][116]LogMaterial: Missing cached shader map for material FDebugViewModeMaterialProxy HeatSplatColor, compiling. 
[2018.05.01-15.24.44:137][116]LogShaderCompilers: Display: Shaders left to compile 76
[2018.05.01-15.24.44:138][116]LogShaderCompilers: Display: Shaders left to compile 75
[2018.05.01-15.24.44:138][116]LogShaderCompilers: Display: Shaders left to compile 74
[2018.05.01-15.24.44:138][116]LogShaderCompilers: Display: Shaders left to compile 73
[2018.05.01-15.24.44:138][116]LogShaderCompilers: Display: Shaders left to compile 72
[2018.05.01-15.24.44:138][116]LogShaderCompilers: Display: Shaders left to compile 71
[2018.05.01-15.24.44:138][116]LogShaderCompilers: Display: Shaders left to compile 70
[2018.05.01-15.24.44:138][116]LogShaderCompilers: Display: Shaders left to compile 69
[2018.05.01-15.24.44:138][116]LogShaderCompilers: Display: Shaders left to compile 68
[2018.05.01-15.24.44:138][116]LogShaderCompilers: Display: Shaders left to compile 67
[2018.05.01-15.24.44:138][116]LogShaderCompilers: Display: Shaders left to compile 66
[2018.05.01-15.24.44:138][116]LogShaderCompilers: Display: Shaders left to compile 65
[2018.05.01-15.24.44:138][116]LogShaderCompilers: Display: Shaders left to compile 64
[2018.05.01-15.24.44:138][116]LogShaderCompilers: Display: Shaders left to compile 63
[2018.05.01-15.24.44:138][116]LogShaderCompilers: Display: Shaders left to compile 62
[2018.05.01-15.24.44:138][116]LogShaderCompilers: Display: Shaders left to compile 61
[2018.05.01-15.24.44:138][116]LogShaderCompilers: Display: Shaders left to compile 51
[2018.05.01-15.24.44:138][116]LogShaderCompilers: Display: Shaders left to compile 41
[2018.05.01-15.24.44:139][116]TextureStreamingBuild: Display: Compiling optional shaders took 1.435 seconds.
[2018.05.01-15.24.44:162][116]LogShaderCompilers: Display: Shaders left to compile 31
[2018.05.01-15.24.48:036][116]LogShaderCompilers: Display: Shaders left to compile 21
[2018.05.01-15.24.48:036][116]LogShaderCompilers: Display: Shaders left to compile 11
[2018.05.01-15.24.48:036][116]LogShaderCompilers: Display: Shaders left to compile 1
[2018.05.01-15.24.48:088][116]Cmd: OBJ SAVEPACKAGE PACKAGE="/Game/Materials/HeatSplatColor" FILE="../../../../../../Users/sc14mtt/Desktop/VRProject/vr_project/HeatmapInsideVR 4.19/Content/Materials/HeatSplatColor.uasset" SILENT=true
[2018.05.01-15.24.48:132][116]LogSavePackage: Save=15.45ms
[2018.05.01-15.24.48:132][116]LogSavePackage: Moving '../../../../../../Users/sc14mtt/Desktop/VRProject/vr_project/HeatmapInsideVR 4.19/Saved/HeatSplatColor5CF5E7A442324EEAA6A1B9B1E72E97FE.tmp' to '../../../../../../Users/sc14mtt/Desktop/VRProject/vr_project/HeatmapInsideVR 4.19/Content/Materials/HeatSplatColor.uasset'
[2018.05.01-15.24.48:146][116]LogSavePackage: Display: Finished SavePackage ../../../../../../Users/sc14mtt/Desktop/VRProject/vr_project/HeatmapInsideVR 4.19/Content/Materials/HeatSplatColor.uasset
[2018.05.01-15.24.51:313][482]LogMaterial: Missing cached shader map for material HeatSplat, compiling. 
[2018.05.01-15.24.51:418][482]LogMaterial: Missing cached shader map for material HeatSplat, compiling. 
[2018.05.01-15.24.51:429][482]LogMaterial: Missing cached shader map for material HeatSplat, compiling. 
[2018.05.01-15.24.51:444][482]LogShaderCompilers: Display: Shaders left to compile 24
[2018.05.01-15.24.51:444][482]LogShaderCompilers: Display: Shaders left to compile 23
[2018.05.01-15.24.51:444][482]LogShaderCompilers: Display: Shaders left to compile 22
[2018.05.01-15.24.51:444][482]LogShaderCompilers: Display: Shaders left to compile 21
[2018.05.01-15.24.51:468][482]LogMaterial: Missing cached shader map for material FMatExpressionPreview MaterialExpressionVectorParameter_1, compiling. 
[2018.05.01-15.24.51:576][483]LogShaderCompilers: Display: Shaders left to compile 22
[2018.05.01-15.24.51:614][484]LogShaderCompilers: Display: Shaders left to compile 21
[2018.05.01-15.24.51:635][485]LogShaderCompilers: Display: Shaders left to compile 20
[2018.05.01-15.24.51:654][486]LogShaderCompilers: Display: Shaders left to compile 19
[2018.05.01-15.24.51:920][500]LogShaderCompilers: Display: Shaders left to compile 18
[2018.05.01-15.24.51:954][502]LogShaderCompilers: Display: Shaders left to compile 17
[2018.05.01-15.24.51:954][502]LogShaderCompilers: Display: Shaders left to compile 16
[2018.05.01-15.24.51:985][502]LogShaderCompilers: Display: Shaders left to compile 15
[2018.05.01-15.24.52:198][513]LogShaderCompilers: Display: Shaders left to compile 14
[2018.05.01-15.24.52:277][517]LogShaderCompilers: Display: Shaders left to compile 13
[2018.05.01-15.24.52:328][521]LogShaderCompilers: Display: Shaders left to compile 12
[2018.05.01-15.24.52:533][534]LogShaderCompilers: Display: Shaders left to compile 11
[2018.05.01-15.24.52:533][534]LogShaderCompilers: Display: Shaders left to compile 10
[2018.05.01-15.24.52:628][540]LogShaderCompilers: Display: Shaders left to compile 9
[2018.05.01-15.24.52:796][550]LogShaderCompilers: Display: Shaders left to compile 8
[2018.05.01-15.24.52:858][554]LogShaderCompilers: Display: Shaders left to compile 7
[2018.05.01-15.24.52:888][556]LogShaderCompilers: Display: Shaders left to compile 6
[2018.05.01-15.24.53:128][568]LogShaderCompilers: Display: Shaders left to compile 5
[2018.05.01-15.24.53:128][568]LogShaderCompilers: Display: Shaders left to compile 4
[2018.05.01-15.24.53:207][571]LogShaderCompilers: Display: Shaders left to compile 3
[2018.05.01-15.24.53:378][584]LogShaderCompilers: Display: Shaders left to compile 2
[2018.05.01-15.24.53:449][590]LogShaderCompilers: Display: Shaders left to compile 1
[2018.05.01-15.24.53:984][639]LogSlate: Window 'HeatSplat' being destroyed
[2018.05.01-15.24.53:986][639]MaterialEditorStats: Base pass shader: 67 instructions
[2018.05.01-15.24.53:986][639]MaterialEditorStats: Base pass shader with Surface Lightmap: 99 instructions
[2018.05.01-15.24.53:986][639]MaterialEditorStats: Base pass shader with Volumetric Lightmap: 88 instructions
[2018.05.01-15.24.53:986][639]MaterialEditorStats: Vertex shader: 131 instructions
[2018.05.01-15.24.53:986][639]MaterialEditorStats: Texture samplers: 3/16
[2018.05.01-15.24.53:986][639]MaterialEditorStats: User interpolators: 2/4 Scalars (1/4 Vectors) (TexCoords: 2, Custom: 0)
[2018.05.01-15.26.46:391][ 56]LogMaterialEditor: Saving and Compiling material HeatSplat
[2018.05.01-15.26.47:034][ 56]LogMaterial: Missing cached shader map for material HeatSplat, compiling. 
[2018.05.01-15.26.47:073][ 56]LogShaderCompilers: Display: Shaders left to compile 24
[2018.05.01-15.26.47:073][ 56]LogShaderCompilers: Display: Shaders left to compile 23
[2018.05.01-15.26.47:073][ 56]LogShaderCompilers: Display: Shaders left to compile 22
[2018.05.01-15.26.47:073][ 56]LogShaderCompilers: Display: Shaders left to compile 21
[2018.05.01-15.26.47:083][ 56]LogMaterial: Missing cached shader map for material HeatSplat, compiling. 
[2018.05.01-15.26.47:125][ 56]LogMaterial: Missing cached shader map for material HeatSplat, compiling. 
[2018.05.01-15.26.47:183][ 56]LogMaterial: Missing cached shader map for material FDebugViewModeMaterialProxy HeatSplat, compiling. 
[2018.05.01-15.26.49:264][ 56]LogShaderCompilers: Display: Shaders left to compile 64
[2018.05.01-15.26.49:264][ 56]LogShaderCompilers: Display: Shaders left to compile 63
[2018.05.01-15.26.49:264][ 56]LogShaderCompilers: Display: Shaders left to compile 62
[2018.05.01-15.26.49:264][ 56]LogShaderCompilers: Display: Shaders left to compile 61
[2018.05.01-15.26.49:264][ 56]LogShaderCompilers: Display: Shaders left to compile 60
[2018.05.01-15.26.49:264][ 56]LogShaderCompilers: Display: Shaders left to compile 59
[2018.05.01-15.26.49:264][ 56]LogShaderCompilers: Display: Shaders left to compile 58
[2018.05.01-15.26.49:264][ 56]LogShaderCompilers: Display: Shaders left to compile 57
[2018.05.01-15.26.49:264][ 56]LogShaderCompilers: Display: Shaders left to compile 56
[2018.05.01-15.26.49:264][ 56]LogShaderCompilers: Display: Shaders left to compile 55
[2018.05.01-15.26.49:264][ 56]LogShaderCompilers: Display: Shaders left to compile 54
[2018.05.01-15.26.49:264][ 56]LogShaderCompilers: Display: Shaders left to compile 53
[2018.05.01-15.26.49:264][ 56]LogShaderCompilers: Display: Shaders left to compile 52
[2018.05.01-15.26.49:264][ 56]LogShaderCompilers: Display: Shaders left to compile 51
[2018.05.01-15.26.49:264][ 56]LogShaderCompilers: Display: Shaders left to compile 50
[2018.05.01-15.26.49:264][ 56]LogShaderCompilers: Display: Shaders left to compile 49
[2018.05.01-15.26.49:264][ 56]LogShaderCompilers: Display: Shaders left to compile 48
[2018.05.01-15.26.49:264][ 56]LogShaderCompilers: Display: Shaders left to compile 47
[2018.05.01-15.26.49:264][ 56]LogShaderCompilers: Display: Shaders left to compile 46
[2018.05.01-15.26.49:264][ 56]LogShaderCompilers: Display: Shaders left to compile 45
[2018.05.01-15.26.49:264][ 56]LogShaderCompilers: Display: Shaders left to compile 44
[2018.05.01-15.26.49:265][ 56]LogShaderCompilers: Display: Shaders left to compile 43
[2018.05.01-15.26.49:265][ 56]LogShaderCompilers: Display: Shaders left to compile 33
[2018.05.01-15.26.49:265][ 56]LogShaderCompilers: Display: Shaders left to compile 23
[2018.05.01-15.26.49:267][ 56]TextureStreamingBuild: Display: Compiling optional shaders took 2.090 seconds.
[2018.05.01-15.26.49:296][ 56]LogShaderCompilers: Display: Shaders left to compile 13
[2018.05.01-15.26.52:194][ 56]LogShaderCompilers: Display: Shaders left to compile 3
[2018.05.01-15.26.52:229][ 56]Cmd: OBJ SAVEPACKAGE PACKAGE="/Game/Materials/HeatSplat" FILE="../../../../../../Users/sc14mtt/Desktop/VRProject/vr_project/HeatmapInsideVR 4.19/Content/Materials/HeatSplat.uasset" SILENT=true
[2018.05.01-15.26.52:255][ 56]LogSavePackage: Save=13.47ms
[2018.05.01-15.26.52:255][ 56]LogSavePackage: Moving '../../../../../../Users/sc14mtt/Desktop/VRProject/vr_project/HeatmapInsideVR 4.19/Saved/HeatSplatCE4DFC104946AA1E7F8EB786B4090BE7.tmp' to '../../../../../../Users/sc14mtt/Desktop/VRProject/vr_project/HeatmapInsideVR 4.19/Content/Materials/HeatSplat.uasset'
[2018.05.01-15.26.52:264][ 56]LogSavePackage: Display: Finished SavePackage ../../../../../../Users/sc14mtt/Desktop/VRProject/vr_project/HeatmapInsideVR 4.19/Content/Materials/HeatSplat.uasset
[2018.05.01-15.27.08:205][942]LogMaterial: Missing cached shader map for material painting, compiling. 
[2018.05.01-15.27.08:276][942]LogMaterial: Missing cached shader map for material painting, compiling. 
[2018.05.01-15.27.08:293][942]LogMaterial: Missing cached shader map for material painting, compiling. 
[2018.05.01-15.27.08:316][942]LogShaderCompilers: Display: Shaders left to compile 18
[2018.05.01-15.27.08:316][942]LogShaderCompilers: Display: Shaders left to compile 17
[2018.05.01-15.27.08:316][942]LogShaderCompilers: Display: Shaders left to compile 16
[2018.05.01-15.27.08:316][942]LogShaderCompilers: Display: Shaders left to compile 15
[2018.05.01-15.27.08:329][942]LogMaterial: Missing cached shader map for material FMatExpressionPreview MaterialExpressionTextureSample_0, compiling. 
[2018.05.01-15.27.08:508][944]LogShaderCompilers: Display: Shaders left to compile 16
[2018.05.01-15.27.08:508][944]LogShaderCompilers: Display: Shaders left to compile 15
[2018.05.01-15.27.08:517][945]LogShaderCompilers: Display: Shaders left to compile 14
[2018.05.01-15.27.08:525][946]LogShaderCompilers: Display: Shaders left to compile 13
[2018.05.01-15.27.08:655][959]LogShaderCompilers: Display: Shaders left to compile 12
[2018.05.01-15.27.08:685][962]LogShaderCompilers: Display: Shaders left to compile 11
[2018.05.01-15.27.08:696][963]LogShaderCompilers: Display: Shaders left to compile 10
[2018.05.01-15.27.08:843][978]LogShaderCompilers: Display: Shaders left to compile 9
[2018.05.01-15.27.08:996][994]LogShaderCompilers: Display: Shaders left to compile 8
[2018.05.01-15.27.09:016][996]LogShaderCompilers: Display: Shaders left to compile 7
[2018.05.01-15.27.09:043][999]LogShaderCompilers: Display: Shaders left to compile 6
[2018.05.01-15.27.09:051][  0]LogShaderCompilers: Display: Shaders left to compile 5
[2018.05.01-15.27.09:260][ 21]LogShaderCompilers: Display: Shaders left to compile 4
[2018.05.01-15.27.09:353][ 31]LogShaderCompilers: Display: Shaders left to compile 3
[2018.05.01-15.27.09:397][ 35]LogShaderCompilers: Display: Shaders left to compile 2
[2018.05.01-15.27.09:407][ 36]LogShaderCompilers: Display: Shaders left to compile 1
[2018.05.01-15.27.09:691][ 61]MaterialEditorStats: Base pass shader: 103 instructions
[2018.05.01-15.27.09:691][ 61]MaterialEditorStats: Base pass shader with Surface Lightmap: 120 instructions
[2018.05.01-15.27.09:691][ 61]MaterialEditorStats: Base pass shader with Volumetric Lightmap: 176 instructions
[2018.05.01-15.27.09:691][ 61]MaterialEditorStats: Vertex shader: 41 instructions
[2018.05.01-15.27.09:691][ 61]MaterialEditorStats: Texture samplers: 4/16
[2018.05.01-15.27.09:692][ 61]MaterialEditorStats: User interpolators: 2/4 Scalars (1/4 Vectors) (TexCoords: 2, Custom: 0)
[2018.05.01-15.27.31:374][644]LogRenderer: Reallocating scene render targets to support 1616x1444 Format 10 NumSamples 1 (Frame:1).
[2018.05.01-15.28.34:385][146]LogMaterialEditor: Saving and Compiling material painting
[2018.05.01-15.28.35:153][146]LogMaterial: Missing cached shader map for material painting, compiling. 
[2018.05.01-15.28.35:185][146]LogShaderCompilers: Display: Shaders left to compile 18
[2018.05.01-15.28.35:185][146]LogShaderCompilers: Display: Shaders left to compile 17
[2018.05.01-15.28.35:185][146]LogShaderCompilers: Display: Shaders left to compile 16
[2018.05.01-15.28.35:185][146]LogShaderCompilers: Display: Shaders left to compile 15
[2018.05.01-15.28.35:193][146]LogMaterial: Missing cached shader map for material painting, compiling. 
[2018.05.01-15.28.35:234][146]LogMaterial: Missing cached shader map for material painting, compiling. 
[2018.05.01-15.28.35:284][146]LogMaterial: Missing cached shader map for material FDebugViewModeMaterialProxy painting, compiling. 
[2018.05.01-15.28.36:805][146]LogShaderCompilers: Display: Shaders left to compile 46
[2018.05.01-15.28.36:805][146]LogShaderCompilers: Display: Shaders left to compile 45
[2018.05.01-15.28.36:805][146]LogShaderCompilers: Display: Shaders left to compile 44
[2018.05.01-15.28.36:805][146]LogShaderCompilers: Display: Shaders left to compile 43
[2018.05.01-15.28.36:805][146]LogShaderCompilers: Display: Shaders left to compile 42
[2018.05.01-15.28.36:805][146]LogShaderCompilers: Display: Shaders left to compile 41
[2018.05.01-15.28.36:805][146]LogShaderCompilers: Display: Shaders left to compile 40
[2018.05.01-15.28.36:805][146]LogShaderCompilers: Display: Shaders left to compile 39
[2018.05.01-15.28.36:805][146]LogShaderCompilers: Display: Shaders left to compile 38
[2018.05.01-15.28.36:805][146]LogShaderCompilers: Display: Shaders left to compile 37
[2018.05.01-15.28.36:805][146]LogShaderCompilers: Display: Shaders left to compile 36
[2018.05.01-15.28.36:805][146]LogShaderCompilers: Display: Shaders left to compile 35
[2018.05.01-15.28.36:805][146]LogShaderCompilers: Display: Shaders left to compile 34
[2018.05.01-15.28.36:805][146]LogShaderCompilers: Display: Shaders left to compile 33
[2018.05.01-15.28.36:805][146]LogShaderCompilers: Display: Shaders left to compile 32
[2018.05.01-15.28.36:805][146]LogShaderCompilers: Display: Shaders left to compile 31
[2018.05.01-15.28.36:805][146]LogShaderCompilers: Display: Shaders left to compile 21
[2018.05.01-15.28.36:805][146]LogShaderCompilers: Display: Shaders left to compile 11
[2018.05.01-15.28.36:807][146]TextureStreamingBuild: Display: Compiling optional shaders took 1.532 seconds.
[2018.05.01-15.28.36:829][146]LogShaderCompilers: Display: Shaders left to compile 1
[2018.05.01-15.28.38:984][146]Cmd: OBJ SAVEPACKAGE PACKAGE="/Game/Materials/painting" FILE="../../../../../../Users/sc14mtt/Desktop/VRProject/vr_project/HeatmapInsideVR 4.19/Content/Materials/painting.uasset" SILENT=true
[2018.05.01-15.28.39:013][146]LogSavePackage: Save=13.59ms
[2018.05.01-15.28.39:013][146]LogSavePackage: Moving '../../../../../../Users/sc14mtt/Desktop/VRProject/vr_project/HeatmapInsideVR 4.19/Saved/painting111692994717173BF3FE66A66709D9E4.tmp' to '../../../../../../Users/sc14mtt/Desktop/VRProject/vr_project/HeatmapInsideVR 4.19/Content/Materials/painting.uasset'
[2018.05.01-15.28.39:021][146]LogSavePackage: Display: Finished SavePackage ../../../../../../Users/sc14mtt/Desktop/VRProject/vr_project/HeatmapInsideVR 4.19/Content/Materials/painting.uasset
[2018.05.01-15.34.50:939][386]LogSavePackage: Save=134.05ms
[2018.05.01-15.34.50:939][386]LogSavePackage: Moving '../../../../../../Users/sc14mtt/Desktop/VRProject/vr_project/HeatmapInsideVR 4.19/Saved/ThirdPersonExampleMap_Auto22255BDEC41C071763D32A9903D03814A.tmp' to '../../../../../../Users/sc14mtt/Desktop/VRProject/vr_project/HeatmapInsideVR 4.19/Saved/Autosaves/Game/ThirdPersonBP/Maps/ThirdPersonExampleMap_Auto2.umap'
[2018.05.01-15.34.50:945][386]LogSavePackage: Display: Finished SavePackage ../../../../../../Users/sc14mtt/Desktop/VRProject/vr_project/HeatmapInsideVR 4.19/Saved/Autosaves/Game/ThirdPersonBP/Maps/ThirdPersonExampleMap_Auto2.umap
[2018.05.01-15.34.50:953][386]LogFileHelpers: Editor autosave (incl. sublevels) for '/Game/ThirdPersonBP/Maps/ThirdPersonExampleMap' took 0.206
[2018.05.01-15.34.50:953][386]LogFileHelpers: Editor autosave (incl. sublevels) for all levels took 0.206
[2018.05.01-15.34.50:956][386]OBJ SavePackage: Generating thumbnails for [0] asset(s) in package [/Game/ThirdPersonBP/Blueprints/CharacterVR] ([1] browsable assets)...
[2018.05.01-15.34.50:956][386]OBJ SavePackage: Finished generating thumbnails for package [/Game/ThirdPersonBP/Blueprints/CharacterVR]
[2018.05.01-15.34.51:037][386]LogSavePackage: Save=64.04ms
[2018.05.01-15.34.51:037][386]LogSavePackage: Moving '../../../../../../Users/sc14mtt/Desktop/VRProject/vr_project/HeatmapInsideVR 4.19/Saved/CharacterVR_Auto24CA8475C4177E7A1003FF19A7DFA346D.tmp' to '../../../../../../Users/sc14mtt/Desktop/VRProject/vr_project/HeatmapInsideVR 4.19/Saved/Autosaves/Game/ThirdPersonBP/Blueprints/CharacterVR_Auto2.uasset'
[2018.05.01-15.34.51:044][386]LogSavePackage: Display: Finished SavePackage ../../../../../../Users/sc14mtt/Desktop/VRProject/vr_project/HeatmapInsideVR 4.19/Saved/Autosaves/Game/ThirdPersonBP/Blueprints/CharacterVR_Auto2.uasset
[2018.05.01-15.34.51:044][386]LogFileHelpers: Auto-saving content packages took 0.090
[2018.05.01-15.38.47:839][209]BlueprintLog: New page: Compile CharacterVR
[2018.05.01-15.38.49:023][243]LogSavePackage: Save=61.98ms
[2018.05.01-15.38.49:023][243]LogSavePackage: Moving '../../../../../../Users/sc14mtt/Desktop/VRProject/vr_project/HeatmapInsideVR 4.19/Saved/CharacterVR7DAD52144A94BC48482A2E86569C1B3F.tmp' to '../../../../../../Users/sc14mtt/Desktop/VRProject/vr_project/HeatmapInsideVR 4.19/Content/ThirdPersonBP/Blueprints/CharacterVR.uasset'
[2018.05.01-15.38.49:046][243]LogSavePackage: Display: Finished SavePackage ../../../../../../Users/sc14mtt/Desktop/VRProject/vr_project/HeatmapInsideVR 4.19/Content/ThirdPersonBP/Blueprints/CharacterVR.uasset
[2018.05.01-15.38.52:272][509]LogSavePackage: Save=186.81ms
[2018.05.01-15.38.52:273][509]LogSavePackage: Moving '../../../../../../Users/sc14mtt/Desktop/VRProject/vr_project/HeatmapInsideVR 4.19/Saved/ThirdPersonExampleMap2D99F15C40ADA5AE4B9E258C23DA664A.tmp' to '../../../../../../Users/sc14mtt/Desktop/VRProject/vr_project/HeatmapInsideVR 4.19/Content/ThirdPersonBP/Maps/ThirdPersonExampleMap.umap'
[2018.05.01-15.38.52:283][509]LogSavePackage: Display: Finished SavePackage ../../../../../../Users/sc14mtt/Desktop/VRProject/vr_project/HeatmapInsideVR 4.19/Content/ThirdPersonBP/Maps/ThirdPersonExampleMap.umap
[2018.05.01-15.38.52:573][509]LogSavePackage: Save=205.57ms
[2018.05.01-15.38.52:573][509]LogSavePackage: Moving '../../../../../../Users/sc14mtt/Desktop/VRProject/vr_project/HeatmapInsideVR 4.19/Saved/ThirdPersonExampleMap_BuiltData6C3F01E84EA4B42A30EA2FA9B8C4D98A.tmp' to '../../../../../../Users/sc14mtt/Desktop/VRProject/vr_project/HeatmapInsideVR 4.19/Content/ThirdPersonBP/Maps/ThirdPersonExampleMap_BuiltData.uasset'
[2018.05.01-15.38.52:579][509]LogSavePackage: Display: Finished SavePackage ../../../../../../Users/sc14mtt/Desktop/VRProject/vr_project/HeatmapInsideVR 4.19/Content/ThirdPersonBP/Maps/ThirdPersonExampleMap_BuiltData.uasset
