Log file open, 04/20/18 18:18:21
LogWindows: Failed to load 'aqProf.dll' (GetLastError=126)
LogWindows: File 'aqProf.dll' does not exist
LogWindows: Failed to load 'VSPerf140.dll' (GetLastError=126)
LogWindows: File 'VSPerf140.dll' does not exist
LogWindows: Failed to load 'VtuneApi.dll' (GetLastError=126)
LogWindows: File 'VtuneApi.dll' does not exist
LogWindows: Failed to load 'VtuneApi32e.dll' (GetLastError=126)
LogWindows: File 'VtuneApi32e.dll' does not exist
LogInit: Display: Running engine for game: ThirdPersonVR
LogPlatformFile: Not using cached read wrapper
LogInit: Display: RandInit(-397447895) SRandInit(-397447895).
LogInit: Read version file with build ID '3709383'
LogInit: Overriding engine version to CL 3832480, compatible CL 3709383
LogInit: Registered custom module enumerator with build ID '3709383'
LogTaskGraph: Started task graph with 5 named threads and 14 total threads with 3 sets of task threads.
LogStats: Stats thread started at 0.186187
LogD3D11RHI: Aftermath initialized
LogModuleManager: Display: Found up-to-date module file ../../../Engine/Plugins/2D/Paper2D/Binaries/Win64/UE4Editor-Paper2D.dll (API version 3709383).
LogModuleManager: Display: Found up-to-date module file ../../../Engine/Plugins/2D/Paper2D/Binaries/Win64/UE4Editor-Paper2DEditor.dll (API version 3709383).
LogModuleManager: Display: Found up-to-date module file ../../../Engine/Plugins/2D/Paper2D/Binaries/Win64/UE4Editor-PaperSpriteSheetImporter.dll (API version 3709383).
LogModuleManager: Display: Found up-to-date module file ../../../Engine/Plugins/2D/Paper2D/Binaries/Win64/UE4Editor-PaperTiledImporter.dll (API version 3709383).
LogModuleManager: Display: Found up-to-date module file ../../../Engine/Plugins/2D/Paper2D/Binaries/Win64/UE4Editor-SmartSnapping.dll (API version 3709383).
LogModuleManager: Display: Found up-to-date module file ../../../Engine/Plugins/Blendables/LightPropagationVolume/Binaries/Win64/UE4Editor-LightPropagationVolumeRuntime.dll (API version 3709383).
LogModuleManager: Display: Found up-to-date module file ../../../Engine/Plugins/Blendables/LightPropagationVolume/Binaries/Win64/UE4Editor-LightPropagationVolumeEditor.dll (API version 3709383).
LogModuleManager: Display: Found up-to-date module file ../../../Engine/Plugins/Developer/GitSourceControl/Binaries/Win64/UE4Editor-GitSourceControl.dll (API version 3709383).
LogModuleManager: Display: Found up-to-date module file ../../../Engine/Plugins/Developer/PerforceSourceControl/Binaries/Win64/UE4Editor-PerforceSourceControl.dll (API version 3709383).
LogModuleManager: Display: Found up-to-date module file ../../../Engine/Plugins/Developer/SubversionSourceControl/Binaries/Win64/UE4Editor-SubversionSourceControl.dll (API version 3709383).
LogModuleManager: Display: Found up-to-date module file ../../../Engine/Plugins/Developer/UObjectPlugin/Binaries/Win64/UE4Editor-UObjectPlugin.dll (API version 3709383).
LogModuleManager: Display: Found up-to-date module file ../../../Engine/Plugins/Developer/VisualStudioCodeSourceCodeAccess/Binaries/Win64/UE4Editor-VisualStudioCodeSourceCodeAccess.dll (API version 3709383).
LogModuleManager: Display: Found up-to-date module file ../../../Engine/Plugins/Developer/VisualStudioSourceCodeAccess/Binaries/Win64/UE4Editor-VisualStudioSourceCodeAccess.dll (API version 3709383).
LogModuleManager: Display: Found up-to-date module file ../../../Engine/Plugins/Editor/AssetManagerEditor/Binaries/Win64/UE4Editor-AssetManagerEditor.dll (API version 3709383).
LogModuleManager: Display: Found up-to-date module file ../../../Engine/Plugins/Editor/AudioCapture/Binaries/Win64/UE4Editor-AudioCapture.dll (API version 3709383).
LogModuleManager: Display: Found up-to-date module file ../../../Engine/Plugins/Editor/FacialAnimation/Binaries/Win64/UE4Editor-FacialAnimation.dll (API version 3709383).
LogModuleManager: Display: Found up-to-date module file ../../../Engine/Plugins/Editor/FacialAnimation/Binaries/Win64/UE4Editor-FacialAnimationEditor.dll (API version 3709383).
LogModuleManager: Display: Found up-to-date module file ../../../Engine/Plugins/Editor/GameplayTagsEditor/Binaries/Win64/UE4Editor-GameplayTagsEditor.dll (API version 3709383).
LogModuleManager: Display: Found up-to-date module file ../../../Engine/Plugins/Editor/MobileLauncherProfileWizard/Binaries/Win64/UE4Editor-MobileLauncherProfileWizard.dll (API version 3709383).
LogModuleManager: Display: Found up-to-date module file ../../../Engine/Plugins/Editor/PluginBrowser/Binaries/Win64/UE4Editor-PluginBrowser.dll (API version 3709383).
LogModuleManager: Display: Found up-to-date module file ../../../Engine/Plugins/Editor/SpeedTreeImporter/Binaries/Win64/UE4Editor-SpeedTreeImporter.dll (API version 3709383).
LogModuleManager: Display: Found up-to-date module file ../../../Engine/Plugins/Experimental/AlembicImporter/Binaries/Win64/UE4Editor-AlembicImporter.dll (API version 3709383).
LogModuleManager: Display: Found up-to-date module file ../../../Engine/Plugins/Experimental/AlembicImporter/Binaries/Win64/UE4Editor-AlembicLibrary.dll (API version 3709383).
LogModuleManager: Display: Found up-to-date module file ../../../Engine/Plugins/Experimental/CharacterAI/Binaries/Win64/UE4Editor-CharacterAI.dll (API version 3709383).
LogModuleManager: Display: Found up-to-date module file ../../../Engine/Plugins/Experimental/HTML5Networking/Binaries/Win64/UE4Editor-HTML5Networking.dll (API version 3709383).
LogModuleManager: Display: Found up-to-date module file ../../../Engine/Plugins/Media/AndroidMedia/Binaries/Win64/UE4Editor-AndroidMediaEditor.dll (API version 3709383).
LogModuleManager: Display: Found up-to-date module file ../../../Engine/Plugins/Media/AndroidMedia/Binaries/Win64/UE4Editor-AndroidMediaFactory.dll (API version 3709383).
LogModuleManager: Display: Found up-to-date module file ../../../Engine/Plugins/Media/AvfMedia/Binaries/Win64/UE4Editor-AvfMediaEditor.dll (API version 3709383).
LogModuleManager: Display: Found up-to-date module file ../../../Engine/Plugins/Media/AvfMedia/Binaries/Win64/UE4Editor-AvfMediaFactory.dll (API version 3709383).
LogModuleManager: Display: Found up-to-date module file ../../../Engine/Plugins/Media/AvfMedia/Binaries/Win64/UE4Editor-AvfMediaFactory.dll (API version 3709383).
LogModuleManager: Display: Found up-to-date module file ../../../Engine/Plugins/Media/ImgMedia/Binaries/Win64/UE4Editor-ImgMedia.dll (API version 3709383).
LogModuleManager: Display: Found up-to-date module file ../../../Engine/Plugins/Media/ImgMedia/Binaries/Win64/UE4Editor-ImgMediaEditor.dll (API version 3709383).
LogModuleManager: Display: Found up-to-date module file ../../../Engine/Plugins/Media/ImgMedia/Binaries/Win64/UE4Editor-ImgMediaFactory.dll (API version 3709383).
LogModuleManager: Display: Found up-to-date module file ../../../Engine/Plugins/Media/ImgMedia/Binaries/Win64/UE4Editor-ImgMediaFactory.dll (API version 3709383).
LogModuleManager: Display: Found up-to-date module file ../../../Engine/Plugins/Media/ImgMedia/Binaries/Win64/UE4Editor-OpenExrWrapper.dll (API version 3709383).
LogModuleManager: Display: Found up-to-date module file ../../../Engine/Plugins/Media/MediaCompositing/Binaries/Win64/UE4Editor-MediaCompositing.dll (API version 3709383).
LogModuleManager: Display: Found up-to-date module file ../../../Engine/Plugins/Media/MediaCompositing/Binaries/Win64/UE4Editor-MediaCompositingEditor.dll (API version 3709383).
LogModuleManager: Display: Found up-to-date module file ../../../Engine/Plugins/Media/MediaPlayerEditor/Binaries/Win64/UE4Editor-MediaPlayerEditor.dll (API version 3709383).
LogModuleManager: Display: Found up-to-date module file ../../../Engine/Plugins/Media/WmfMedia/Binaries/Win64/UE4Editor-WmfMedia.dll (API version 3709383).
LogModuleManager: Display: Found up-to-date module file ../../../Engine/Plugins/Media/WmfMedia/Binaries/Win64/UE4Editor-WmfMediaEditor.dll (API version 3709383).
LogModuleManager: Display: Found up-to-date module file ../../../Engine/Plugins/Media/WmfMedia/Binaries/Win64/UE4Editor-WmfMediaFactory.dll (API version 3709383).
LogModuleManager: Display: Found up-to-date module file ../../../Engine/Plugins/Media/WmfMedia/Binaries/Win64/UE4Editor-WmfMediaFactory.dll (API version 3709383).
LogModuleManager: Display: Found up-to-date module file ../../../Engine/Plugins/Messaging/TcpMessaging/Binaries/Win64/UE4Editor-TcpMessaging.dll (API version 3709383).
LogModuleManager: Display: Found up-to-date module file ../../../Engine/Plugins/Messaging/UdpMessaging/Binaries/Win64/UE4Editor-UdpMessaging.dll (API version 3709383).
LogModuleManager: Display: Found up-to-date module file ../../../Engine/Plugins/MovieScene/ActorSequence/Binaries/Win64/UE4Editor-ActorSequence.dll (API version 3709383).
LogModuleManager: Display: Found up-to-date module file ../../../Engine/Plugins/MovieScene/LevelSequenceEditor/Binaries/Win64/UE4Editor-LevelSequenceEditor.dll (API version 3709383).
LogModuleManager: Display: Found up-to-date module file ../../../Engine/Plugins/MovieScene/MatineeToLevelSequence/Binaries/Win64/UE4Editor-MatineeToLevelSequence.dll (API version 3709383).
LogModuleManager: Display: Found up-to-date module file ../../../Engine/Plugins/Online/OnlineSubsystem/Binaries/Win64/UE4Editor-OnlineSubsystem.dll (API version 3709383).
LogModuleManager: Display: Found up-to-date module file ../../../Engine/Plugins/Runtime/AndroidPermission/Binaries/Win64/UE4Editor-AndroidPermission.dll (API version 3709383).
LogModuleManager: Display: Found up-to-date module file ../../../Engine/Plugins/Online/OnlineSubsystemNull/Binaries/Win64/UE4Editor-OnlineSubsystemNull.dll (API version 3709383).
LogModuleManager: Display: Found up-to-date module file ../../../Engine/Plugins/Online/OnlineSubsystemUtils/Binaries/Win64/UE4Editor-OnlineSubsystemUtils.dll (API version 3709383).
LogModuleManager: Display: Found up-to-date module file ../../../Engine/Plugins/Online/OnlineSubsystemUtils/Binaries/Win64/UE4Editor-OnlineBlueprintSupport.dll (API version 3709383).
LogModuleManager: Display: Found up-to-date module file ../../../Engine/Plugins/Runtime/AndroidDeviceProfileSelector/Binaries/Win64/UE4Editor-AndroidDeviceProfileSelector.dll (API version 3709383).
LogModuleManager: Display: Found up-to-date module file ../../../Engine/Plugins/Runtime/AppleARKit/Binaries/Win64/UE4Editor-AppleARKit.dll (API version 3709383).
LogModuleManager: Display: Found up-to-date module file ../../../Engine/Plugins/Runtime/ArchVisCharacter/Binaries/Win64/UE4Editor-ArchVisCharacter.dll (API version 3709383).
LogModuleManager: Display: Found up-to-date module file ../../../Engine/Plugins/Runtime/CableComponent/Binaries/Win64/UE4Editor-CableComponent.dll (API version 3709383).
LogModuleManager: Display: Found up-to-date module file ../../../Engine/Plugins/Runtime/CustomMeshComponent/Binaries/Win64/UE4Editor-CustomMeshComponent.dll (API version 3709383).
LogModuleManager: Display: Found up-to-date module file ../../../Engine/Plugins/Runtime/ExampleDeviceProfileSelector/Binaries/Win64/UE4Editor-ExampleDeviceProfileSelector.dll (API version 3709383).
LogModuleManager: Display: Found up-to-date module file ../../../Engine/Plugins/Runtime/ImmediatePhysics/Binaries/Win64/UE4Editor-ImmediatePhysics.dll (API version 3709383).
LogModuleManager: Display: Found up-to-date module file ../../../Engine/Plugins/Runtime/ImmediatePhysics/Binaries/Win64/UE4Editor-ImmediatePhysicsEditor.dll (API version 3709383).
LogModuleManager: Display: Found up-to-date module file ../../../Engine/Plugins/Runtime/LocationServicesBPLibrary/Binaries/Win64/UE4Editor-LocationServicesBPLibrary.dll (API version 3709383).
LogModuleManager: Display: Found up-to-date module file ../../../Engine/Plugins/Runtime/MobilePatchingUtils/Binaries/Win64/UE4Editor-MobilePatchingUtils.dll (API version 3709383).
LogModuleManager: Display: Found up-to-date module file ../../../Engine/Plugins/Runtime/Oculus/OculusVR/Binaries/Win64/UE4Editor-OculusHMD.dll (API version 3709383).
LogModuleManager: Display: Found up-to-date module file ../../../Engine/Plugins/Runtime/Oculus/OculusVR/Binaries/Win64/UE4Editor-OculusInput.dll (API version 3709383).
LogModuleManager: Display: Found up-to-date module file ../../../Engine/Plugins/Runtime/Oculus/OculusVR/Binaries/Win64/UE4Editor-OculusEditor.dll (API version 3709383).
LogModuleManager: Display: Found up-to-date module file ../../../Engine/Plugins/Runtime/PhysXVehicles/Binaries/Win64/UE4Editor-PhysXVehicles.dll (API version 3709383).
LogModuleManager: Display: Found up-to-date module file ../../../Engine/Plugins/Runtime/PhysXVehicles/Binaries/Win64/UE4Editor-PhysXVehiclesEditor.dll (API version 3709383).
LogModuleManager: Display: Found up-to-date module file ../../../Engine/Plugins/Runtime/ProceduralMeshComponent/Binaries/Win64/UE4Editor-ProceduralMeshComponent.dll (API version 3709383).
LogModuleManager: Display: Found up-to-date module file ../../../Engine/Plugins/Runtime/ProceduralMeshComponent/Binaries/Win64/UE4Editor-ProceduralMeshComponentEditor.dll (API version 3709383).
LogModuleManager: Display: Found up-to-date module file ../../../Engine/Plugins/Runtime/RuntimePhysXCooking/Binaries/Win64/UE4Editor-RuntimePhysXCooking.dll (API version 3709383).
LogModuleManager: Display: Found up-to-date module file ../../../Engine/Plugins/Runtime/Steam/SteamVR/Binaries/Win64/UE4Editor-SteamVR.dll (API version 3709383).
LogModuleManager: Display: Found up-to-date module file ../../../Engine/Plugins/Runtime/Steam/SteamVR/Binaries/Win64/UE4Editor-SteamVRController.dll (API version 3709383).
LogModuleManager: Display: Found up-to-date module file ../../../Engine/Plugins/Runtime/WindowsMoviePlayer/Binaries/Win64/UE4Editor-WindowsMoviePlayer.dll (API version 3709383).
LogPluginManager: Mounting plugin Paper2D
LogPluginManager: Mounting plugin LightPropagationVolume
LogPluginManager: Mounting plugin CodeLiteSourceCodeAccess
LogPluginManager: Mounting plugin GitSourceControl
LogPluginManager: Mounting plugin KDevelopSourceCodeAccess
LogPluginManager: Mounting plugin NullSourceCodeAccess
LogPluginManager: Mounting plugin PerforceSourceControl
LogPluginManager: Mounting plugin SubversionSourceControl
LogPluginManager: Mounting plugin UObjectPlugin
LogPluginManager: Mounting plugin VisualStudioCodeSourceCodeAccess
LogPluginManager: Mounting plugin VisualStudioSourceCodeAccess
LogPluginManager: Mounting plugin XCodeSourceCodeAccess
LogPluginManager: Mounting plugin AssetManagerEditor
LogPluginManager: Mounting plugin AudioCapture
LogPluginManager: Mounting plugin FacialAnimation
LogPluginManager: Mounting plugin GameplayTagsEditor
LogPluginManager: Mounting plugin MobileLauncherProfileWizard
LogPluginManager: Mounting plugin PluginBrowser
LogPluginManager: Mounting plugin SpeedTreeImporter
LogPluginManager: Mounting plugin AlembicImporter
LogPluginManager: Mounting plugin CharacterAI
LogPluginManager: Mounting plugin HTML5Networking
LogPluginManager: Mounting plugin AndroidMedia
LogPluginManager: Mounting plugin AvfMedia
LogPluginManager: Mounting plugin ImgMedia
LogPluginManager: Mounting plugin MediaCompositing
LogPluginManager: Mounting plugin MediaPlayerEditor
LogPluginManager: Mounting plugin WmfMedia
LogPluginManager: Mounting plugin TcpMessaging
LogPluginManager: Mounting plugin UdpMessaging
LogPluginManager: Mounting plugin ActorSequence
LogPluginManager: Mounting plugin LevelSequenceEditor
LogPluginManager: Mounting plugin MatineeToLevelSequence
LogPluginManager: Mounting plugin OnlineSubsystemGooglePlay
LogPluginManager: Mounting plugin OnlineSubsystemIOS
LogPluginManager: Mounting plugin OnlineSubsystem
LogPluginManager: Mounting plugin OnlineSubsystemNull
LogPluginManager: Mounting plugin OnlineSubsystemUtils
LogPluginManager: Mounting plugin AndroidDeviceProfileSelector
LogPluginManager: Mounting plugin AndroidMoviePlayer
LogPluginManager: Mounting plugin AndroidPermission
LogPluginManager: Mounting plugin AppleARKit
LogPluginManager: Mounting plugin AppleMoviePlayer
LogPluginManager: Mounting plugin ArchVisCharacter
LogPluginManager: Mounting plugin CableComponent
LogPluginManager: Mounting plugin CustomMeshComponent
LogPluginManager: Mounting plugin ExampleDeviceProfileSelector
LogPluginManager: Mounting plugin GoogleCloudMessaging
LogPluginManager: Mounting plugin ImmediatePhysics
LogPluginManager: Mounting plugin IOSDeviceProfileSelector
LogPluginManager: Mounting plugin LinuxDeviceProfileSelector
LogPluginManager: Mounting plugin LocationServicesBPLibrary
LogPluginManager: Mounting plugin MobilePatchingUtils
LogPluginManager: Mounting plugin OculusVR
LogPluginManager: Plugin shader directory ../../../Engine/Plugins/Runtime/Oculus/OculusVR/Shaders found
LogPluginManager: Mapping shader source directory ../../../Engine/Plugins/Runtime/Oculus/OculusVR/Shaders to virtual directory /Plugin/OculusVR
LogPluginManager: Mounting plugin PhysXVehicles
LogPluginManager: Mounting plugin ProceduralMeshComponent
LogPluginManager: Mounting plugin RuntimePhysXCooking
LogPluginManager: Mounting plugin SteamVR
LogPluginManager: Mounting plugin WindowsMoviePlayer
LogInit: Using libcurl 7.47.1
LogInit:  - built for x86_64-pc-win32
LogInit:  - supports SSL with OpenSSL/1.0.2g
LogInit:  - supports HTTP deflate (compression) using libz 1.2.8
LogInit:  - other features:
LogInit:      CURL_VERSION_SSL
LogInit:      CURL_VERSION_LIBZ
LogInit:      CURL_VERSION_IPV6
LogInit:      CURL_VERSION_ASYNCHDNS
LogInit:      CURL_VERSION_LARGEFILE
LogInit:      CURL_VERSION_IDN
LogInit:  CurlRequestOptions (configurable via config and command line):
LogInit:  - bVerifyPeer = false  - Libcurl will NOT verify peer certificate
LogInit:  - bUseHttpProxy = false  - Libcurl will NOT use HTTP proxy
LogInit:  - bDontReuseConnections = false  - Libcurl will reuse connections
LogInit:  - CertBundlePath = nullptr  - Libcurl will use whatever was configured at build time.
LogInit: Build: ++UE4+Release-4.18-CL-3832480
LogInit: Engine Version: 4.18.3-3832480+++UE4+Release-4.18
LogInit: Compatible Engine Version: 4.18.0-3709383+++UE4+Release-4.18
LogInit: Net CL: 3709383
LogDevObjectVersion: Number of dev versions registered: 16
LogDevObjectVersion:   Dev-Blueprints (B0D832E4-1F89-4F0D-ACCF-7EB736FD4AA2): 10
LogDevObjectVersion:   Dev-Build (E1C64328-A22C-4D53-A36C-8E866417BD8C): 0
LogDevObjectVersion:   Dev-Core (375EC13C-06E4-48FB-B500-84F0262A717E): 2
LogDevObjectVersion:   Dev-Editor (E4B068ED-F494-42E9-A231-DA0B2E46BB41): 20
LogDevObjectVersion:   Dev-Framework (CFFC743F-43B0-4480-9391-14DF171D2073): 30
LogDevObjectVersion:   Dev-Mobile (B02B49B5-BB20-44E9-A304-32B752E40360): 0
LogDevObjectVersion:   Dev-Networking (A4E4105C-59A1-49B5-A7C5-40C4547EDFEE): 0
LogDevObjectVersion:   Dev-Online (39C831C9-5AE6-47DC-9A44-9C173E1C8E7C): 0
LogDevObjectVersion:   Dev-Physics (78F01B33-EBEA-4F98-B9B4-84EACCB95AA2): 0
LogDevObjectVersion:   Dev-Platform (6631380F-2D4D-43E0-8009-CF276956A95A): 0
LogDevObjectVersion:   Dev-Rendering (12F88B9F-8875-4AFC-A67C-D90C383ABD29): 20
LogDevObjectVersion:   Dev-Sequencer (7B5AE74C-D270-4C10-A958-57980B212A5A): 4
LogDevObjectVersion:   Dev-VR (D7296918-1DD6-4BDD-9DE2-64A83CC13884): 0
LogDevObjectVersion:   Dev-LoadTimes (C2A15278-BFE7-4AFE-6C17-90FF531DF755): 1
LogDevObjectVersion:   Private-Geometry (6EACA3D4-40EC-4CC1-B786-8BED09428FC5): 1
LogDevObjectVersion:   Dev-AnimPhys (29E575DD-E0A3-4627-9D10-D276232CDCEA): 12
LogInit: Compiled (64-bit): Jan 12 2018 02:04:55
LogInit: Compiled with Visual C++: 19.00.24215.01
LogInit: Build Configuration: Development
LogInit: Branch Name: ++UE4+Release-4.18
LogInit: Command line: -EpicPortal 
LogInit: Base directory: C:/Unreal/UE_4.18/Engine/Binaries/Win64/
LogInit: Installed Engine Build: 1
LogInit: Presizing for max 8388607 objects, including 0 objects not considered by GC, pre-allocating 0 bytes for permanent pool.
LogInit: Object subsystem initialized
[2018.04.20-17.18.23:721][  0]LogInit: Selected Device Profile: [Windows]
[2018.04.20-17.18.23:721][  0]LogInit: Applying CVar settings loaded from the selected device profile: [Windows]
[2018.04.20-17.18.23:738][  0]LogInit: Computer: DESKTOP-13UT98C
[2018.04.20-17.18.23:738][  0]LogInit: User: martynooo
[2018.04.20-17.18.23:738][  0]LogInit: CPU Page size=4096, Cores=4
[2018.04.20-17.18.23:738][  0]LogInit: High frequency timer resolution =2.531249 MHz
[2018.04.20-17.18.23:739][  0]LogMemory: Memory total: Physical=15.9GB (16GB approx)
[2018.04.20-17.18.23:739][  0]LogMemory: Platform Memory Stats for Windows
[2018.04.20-17.18.23:739][  0]LogMemory: Process Physical Memory: 276.12 MB used, 276.12 MB peak
[2018.04.20-17.18.23:739][  0]LogMemory: Process Virtual Memory: 276.93 MB used, 276.93 MB peak
[2018.04.20-17.18.23:739][  0]LogMemory: Physical Memory: 6027.30 MB used,  10292.49 MB free, 16319.79 MB total
[2018.04.20-17.18.23:739][  0]LogMemory: Virtual Memory: 689.82 MB used,  10292.49 MB free, 134217728.00 MB total
[2018.04.20-17.18.23:976][  0]LogInit: Using OS detected language (en-US).
[2018.04.20-17.18.23:976][  0]LogInit: Using OS detected locale (en-GB).
[2018.04.20-17.18.23:979][  0]LogTextLocalizationManager: No specific localization for 'en-US' exists, so the 'en' localization will be used.
[2018.04.20-17.18.24:782][  0]LogD3D11RHI: D3D11 adapters:
[2018.04.20-17.18.24:834][  0]LogD3D11RHI:    0. 'NVIDIA GeForce GTX 1060' (Feature Level 11_0)
[2018.04.20-17.18.24:834][  0]LogD3D11RHI:       6052/0/8159 MB DedicatedVideo/DedicatedSystem/SharedSystem, Outputs:1, VendorId:0x10de
[2018.04.20-17.18.24:837][  0]LogD3D11RHI:    1. 'Microsoft Basic Render Driver' (Feature Level 11_0)
[2018.04.20-17.18.24:837][  0]LogD3D11RHI:       0/0/8159 MB DedicatedVideo/DedicatedSystem/SharedSystem, Outputs:0, VendorId:0x1414
[2018.04.20-17.18.24:837][  0]LogD3D11RHI: Chosen D3D11 Adapter: 0
[2018.04.20-17.18.24:844][  0]LogD3D11RHI: Creating new Direct3DDevice
[2018.04.20-17.18.24:844][  0]LogD3D11RHI:     GPU DeviceId: 0x1c60 (for the marketing name, search the web for "GPU Device Id")
[2018.04.20-17.18.24:844][  0]LogWindows: EnumDisplayDevices:
[2018.04.20-17.18.24:844][  0]LogWindows:    0. 'NVIDIA GeForce GTX 1060' (P:1 D:1)
[2018.04.20-17.18.24:844][  0]LogWindows:    1. 'NVIDIA GeForce GTX 1060' (P:0 D:0)
[2018.04.20-17.18.24:845][  0]LogWindows:    2. 'NVIDIA GeForce GTX 1060' (P:0 D:0)
[2018.04.20-17.18.24:845][  0]LogWindows:    3. 'NVIDIA GeForce GTX 1060' (P:0 D:0)
[2018.04.20-17.18.24:845][  0]LogWindows: DebugString: GetVideoDriverDetailsInvalid PrimaryIsNotTheChoosenAdapter GetVideoDriverDetailsInvalid PrimaryIsNotTheChoosenAdapter GetVideoDriverDetailsInvalid PrimaryIsNotTheChoosenAdapter GetVideoDriverDetailsInvalid PrimaryIsNotTheChoosenAdapter FoundDriverCount:0 
[2018.04.20-17.18.24:845][  0]LogD3D11RHI:     Adapter Name: NVIDIA GeForce GTX 1060
[2018.04.20-17.18.24:845][  0]LogD3D11RHI:   Driver Version: Unknown (internal:Unknown, unified:Unknown)
[2018.04.20-17.18.24:845][  0]LogD3D11RHI:      Driver Date: Unknown
[2018.04.20-17.18.24:845][  0]LogRHI: Texture pool is 4236 MB (70% of 6052 MB)
[2018.04.20-17.18.24:885][  0]LogD3D11RHI: Async texture creation enabled
[2018.04.20-17.18.24:902][  0]LogD3D11RHI: GPU Timing Frequency: 1000.000000 (Debug: 2 2)
[2018.04.20-17.18.24:944][  0]LogShaderCompilers: Guid format shader working directory is 9 characters bigger than the processId version (../../../../../FYP/FYPVR/HeatmapInsideVR/Intermediate/Shaders/WorkingDirectory/13448/).
[2018.04.20-17.18.24:944][  0]LogShaderCompilers: Cleaned the shader compiler working directory 'C:/Users/martynooo/AppData/Local/Temp/UnrealShaderWorkingDir/3E0443814433709CC64FF3AB4093D583/'.
[2018.04.20-17.18.24:944][  0]LogShaderCompilers: Display: Using Local Shader Compiler.
[2018.04.20-17.18.26:095][  0]LogTemp: Display: Loaded TP AllDesktopTargetPlatform
[2018.04.20-17.18.26:174][  0]LogTemp: Display: Loaded TP MacClientTargetPlatform
[2018.04.20-17.18.26:270][  0]LogTemp: Display: Loaded TP MacNoEditorTargetPlatform
[2018.04.20-17.18.26:372][  0]LogTemp: Display: Loaded TP MacServerTargetPlatform
[2018.04.20-17.18.26:470][  0]LogTemp: Display: Loaded TP MacTargetPlatform
[2018.04.20-17.18.26:549][  0]LogTemp: Display: Loaded TP WindowsClientTargetPlatform
[2018.04.20-17.18.26:633][  0]LogTemp: Display: Loaded TP WindowsNoEditorTargetPlatform
[2018.04.20-17.18.26:730][  0]LogTemp: Display: Loaded TP WindowsServerTargetPlatform
[2018.04.20-17.18.26:800][  0]LogTemp: Display: Loaded TP WindowsTargetPlatform
[2018.04.20-17.18.26:878][  0]LogTemp: Display: Loaded TP Android_ASTCTargetPlatform
[2018.04.20-17.18.26:955][  0]LogTemp: Display: Loaded TP Android_ATCTargetPlatform
[2018.04.20-17.18.27:042][  0]LogTemp: Display: Loaded TP Android_DXTTargetPlatform
[2018.04.20-17.18.27:141][  0]LogTemp: Display: Loaded TP Android_ETC1TargetPlatform
[2018.04.20-17.18.27:239][  0]LogTemp: Display: Loaded TP Android_ETC2TargetPlatform
[2018.04.20-17.18.27:412][  0]LogTemp: Display: Loaded TP Android_MultiTargetPlatform
[2018.04.20-17.18.27:412][  0]LogTemp: Display: Loaded TP Android_PVRTCTargetPlatform
[2018.04.20-17.18.27:503][  0]LogTemp: Display: Loaded TP AndroidTargetPlatform
[2018.04.20-17.18.27:571][  0]LogTemp: Display: Loaded TP HTML5TargetPlatform
[2018.04.20-17.18.27:702][  0]LogTemp: Display: Loaded TP IOSTargetPlatform
[2018.04.20-17.18.27:746][  0]LogTemp: Display: Loaded TP TVOSTargetPlatform
[2018.04.20-17.18.27:837][  0]LogTemp: Display: Loaded TP LinuxClientTargetPlatform
[2018.04.20-17.18.27:927][  0]LogTemp: Display: Loaded TP LinuxNoEditorTargetPlatform
[2018.04.20-17.18.28:019][  0]LogTemp: Display: Loaded TP LinuxServerTargetPlatform
[2018.04.20-17.18.28:102][  0]LogTemp: Display: Loaded TP LinuxTargetPlatform
[2018.04.20-17.18.28:102][  0]LogTargetPlatformManager: Display: Building Assets For Windows
[2018.04.20-17.18.28:875][  0]LogDerivedDataCache: Display: Max Cache Size: 512 MB
[2018.04.20-17.18.28:979][  0]LogDerivedDataCache: Loaded boot cache 0.10s 95MB C:/Users/martynooo/AppData/Local/UnrealEngine/4.18/DerivedDataCache/Boot.ddc.
[2018.04.20-17.18.28:979][  0]LogDerivedDataCache: Display: Loaded Boot cache: C:/Users/martynooo/AppData/Local/UnrealEngine/4.18/DerivedDataCache/Boot.ddc
[2018.04.20-17.18.28:979][  0]LogDerivedDataCache: FDerivedDataBackendGraph:  Pak pak cache file ../../../../../FYP/FYPVR/HeatmapInsideVR/DerivedDataCache/DDC.ddp not found, will not use a pak cache.
[2018.04.20-17.18.28:979][  0]LogDerivedDataCache: Unable to find inner node Pak for hierarchical cache Hierarchy.
[2018.04.20-17.18.28:979][  0]LogDerivedDataCache: FDerivedDataBackendGraph:  CompressedPak pak cache file ../../../../../FYP/FYPVR/HeatmapInsideVR/DerivedDataCache/Compressed.ddp not found, will not use a pak cache.
[2018.04.20-17.18.28:979][  0]LogDerivedDataCache: Unable to find inner node CompressedPak for hierarchical cache Hierarchy.
[2018.04.20-17.18.28:998][  0]LogDerivedDataCache: Display: Pak cache opened for reading ../../../Engine/DerivedDataCache/Compressed.ddp.
[2018.04.20-17.18.29:010][  0]LogDerivedDataCache: Using Local data cache path C:/Users/martynooo/AppData/Local/UnrealEngine/Common/DerivedDataCache: Writable
[2018.04.20-17.18.29:023][  0]LogMaterial: Verifying Global Shaders for PCD3D_SM5
[2018.04.20-17.18.29:023][  0]LogSlate: Using Freetype 2.6.0
[2018.04.20-17.18.29:024][  0]LogSlate: SlateFontCache - WITH_FREETYPE: 1, WITH_HARFBUZZ: 1
[2018.04.20-17.18.29:024][  0]LogSlate: SlateFontCache - WITH_FREETYPE: 1, WITH_HARFBUZZ: 1
[2018.04.20-17.18.29:521][  0]LogInit: Selected Device Profile: [Windows]
[2018.04.20-17.18.30:041][  0]LogSimplygon: Simplygon DLL not present - disabling.
[2018.04.20-17.18.30:110][  0]LogMeshReduction: Using SimplygonSwarm for distributed automatic mesh merging
[2018.04.20-17.18.30:110][  0]LogMeshReduction: Using QuadricMeshReduction for automatic static mesh reduction
[2018.04.20-17.18.30:110][  0]LogMeshReduction: No automatic skeletal mesh reduction module available
[2018.04.20-17.18.30:110][  0]LogMeshReduction: No automatic mesh merging module available
[2018.04.20-17.18.30:110][  0]LogMeshMerging: No automatic mesh merging module available
[2018.04.20-17.18.30:150][  0]LogNetVersion: ThirdPersonVR , NetCL: 3709383, EngineNetVer: 2, GameNetVer: 0 (Checksum: 1927482392)
[2018.04.20-17.18.30:396][  0]LogAssetRegistry: FAssetRegistry took 0.0291 seconds to start up
[2018.04.20-17.18.31:080][  0]LogPackageLocalizationCache: Processed 7 localized package path(s) for 2 prioritized culture(s) in 0.074565 seconds
[2018.04.20-17.18.31:087][  0]LogUObjectArray: 35870 objects as part of root set at end of initial load.
[2018.04.20-17.18.31:087][  0]LogUObjectAllocator: 7363704 out of 0 bytes used by permanent object pool.
[2018.04.20-17.18.31:087][  0]LogUObjectArray: CloseDisregardForGC: 0/0 objects in disregard for GC pool
[2018.04.20-17.18.31:171][  0]LogInit: WinSock: version 1.1 (2.2), MaxSocks=32767, MaxUdp=65467
[2018.04.20-17.18.35:116][  0]LogTcpMessaging: Initializing TcpMessaging bridge
[2018.04.20-17.18.35:177][  0]LogUdpMessaging: Initializing bridge on interface 0.0.0.0:0 to multicast group 230.0.0.1:6666.
[2018.04.20-17.18.36:219][  0]LogMaterial: Uniform references updated for custom material expression Custom.
[2018.04.20-17.18.36:878][  0]SourceControl: Source control is disabled
[2018.04.20-17.18.38:717][  0]LogAndroidPermission: UAndroidPermissionCallbackProxy::GetInstance
[2018.04.20-17.18.39:149][  0]LogOcInput: OculusInput pre-init called
[2018.04.20-17.18.39:599][  0]LogEngine: Initializing Engine...
[2018.04.20-17.18.40:191][  0]LogHMD: SteamVR initialized.  Driver: lighthouse  Display: LHR-476B16BB
[2018.04.20-17.18.40:453][  0]LogStats: UGameplayTagsManager::ConstructGameplayTagTree: Construct from data asset -  0.000 s
[2018.04.20-17.18.40:453][  0]LogStats: UGameplayTagsManager::ConstructGameplayTagTree: GameplayTagTreeChangedEvent.Broadcast -  0.000 s
[2018.04.20-17.18.40:627][  0]LogAIModule: Creating AISystem for world Untitled
[2018.04.20-17.18.40:637][  0]LogInit: XAudio2 using 'Speakers (Realtek High Definition Audio)' : 2 channels at 48 kHz using 32 bits per sample (channel mask 0x3)
[2018.04.20-17.18.40:674][  0]LogInit: FAudioDevice initialized.
[2018.04.20-17.18.40:738][  0]LogDerivedDataCache: Saved boot cache 0.06s 95MB C:/Users/martynooo/AppData/Local/UnrealEngine/4.18/DerivedDataCache/Boot.ddc.
[2018.04.20-17.18.40:755][  0]LogInit: Texture streaming: Enabled
[2018.04.20-17.18.40:891][  0]LogEngineSessionManager: EngineSessionManager initialized
[2018.04.20-17.18.41:066][  0]LogInit: Transaction tracking system initialized
[2018.04.20-17.18.41:496][  0]BlueprintLog: New page: Editor Load
[2018.04.20-17.18.42:703][  0]LocalizationService: Localization service is disabled
[2018.04.20-17.18.43:697][  0]LogConsoleResponse: Display: 
[2018.04.20-17.18.43:934][  0]LogCook: Display: Max memory allowance for cook 16384mb min free memory 0mb
[2018.04.20-17.18.43:934][  0]LogCook: Display: Mobile HDR setting 1
[2018.04.20-17.18.43:934][  0]LogGameplayTags: Display: UGameplayTagsManager::DoneAddingNativeTags. DelegateIsBound: 0
[2018.04.20-17.18.44:925][  0]LogFileCache: Scanning file cache for directory 'C:/FYP/FYPVR/HeatmapInsideVR/Content/' took 0.02s
[2018.04.20-17.18.45:571][  0]Cmd: MAP LOAD FILE="../../../../../FYP/FYPVR/HeatmapInsideVR/Content/ThirdPersonBP/Maps/ThirdPersonExampleMap.umap" TEMPLATE=0 SHOWPROGRESS=1 FEATURELEVEL=3
[2018.04.20-17.18.45:572][  0]LightingResults: New page: Lighting Build
[2018.04.20-17.18.45:628][  0]MapCheck: New page: Map Check
[2018.04.20-17.18.45:628][  0]LightingResults: New page: Lighting Build
[2018.04.20-17.18.46:248][  0]LogAIModule: Creating AISystem for world ThirdPersonExampleMap
[2018.04.20-17.18.46:258][  0]LogEditorServer: Finished looking for orphan Actors (0.000 secs)
[2018.04.20-17.18.46:272][  0]Cmd: MAP CHECKDEP NOCLEARLOG
[2018.04.20-17.18.46:333][  0]MapCheck: Map check complete: 0 Error(s), 0 Warning(s), took 62.012ms to complete.
[2018.04.20-17.18.46:334][  0]LogFileHelpers: Loading map 'ThirdPersonExampleMap' took 0.763
[2018.04.20-17.18.46:501][  0]LogCollectionManager: Loaded 0 collections in 0.002149 seconds
[2018.04.20-17.18.46:598][  0]LogFileCache: Scanning file cache for directory 'C:/FYP/FYPVR/HeatmapInsideVR/Saved/Collections/' took 0.01s
[2018.04.20-17.18.46:598][  0]LogFileCache: Scanning file cache for directory 'C:/FYP/FYPVR/HeatmapInsideVR/Content/Developers/martynooo/Collections/' took 0.01s
[2018.04.20-17.18.46:598][  0]LogFileCache: Scanning file cache for directory 'C:/FYP/FYPVR/HeatmapInsideVR/Content/Collections/' took 0.01s
[2018.04.20-17.18.46:598][  0]LogCollectionManager: Rebuilt the GUID cache for 0 collections in 0.000000 seconds
[2018.04.20-17.18.46:607][  0]LogContentBrowser: Native class hierarchy populated in 0.0088 seconds. Added 2363 classes and 519 folders.
[2018.04.20-17.18.46:694][  0]LogContentBrowser: Native class hierarchy updated for 'WidgetCarousel' in 0.0003 seconds. Added 0 classes and 0 folders.
[2018.04.20-17.18.46:742][  0]LogContentBrowser: Native class hierarchy updated for 'AddContentDialog' in 0.0002 seconds. Added 0 classes and 0 folders.
[2018.04.20-17.18.46:799][  0]LogContentBrowser: Native class hierarchy updated for 'SceneOutliner' in 0.0002 seconds. Added 1 classes and 2 folders.
[2018.04.20-17.18.46:873][  0]LogSlate: Took 0.000275 seconds to synchronously load lazily loaded font '../../../Engine/Content/Slate/Fonts/Roboto-Regular.ttf' (155K)
[2018.04.20-17.18.46:876][  0]LogSlate: Took 0.000225 seconds to synchronously load lazily loaded font '../../../Engine/Content/Slate/Fonts/Roboto-Bold.ttf' (160K)
[2018.04.20-17.18.46:883][  0]LogSlate: Took 0.000193 seconds to synchronously load lazily loaded font '../../../Engine/Content/Editor/Slate/Fonts/FontAwesome.ttf' (139K)
[2018.04.20-17.18.46:993][  0]LogRenderer: Reallocating scene render targets to support 964x436 Format 10 NumSamples 1 (Frame:1).
[2018.04.20-17.18.47:181][  0]LogContentBrowser: Native class hierarchy updated for 'HierarchicalLODOutliner' in 0.0004 seconds. Added 1 classes and 2 folders.
[2018.04.20-17.18.47:181][  0]LogLoad: (Engine Initialization) Total time: 26.54 seconds
[2018.04.20-17.18.47:181][  0]LogLoad: (Engine Initialization) Total Blueprint compile time: 0.00 seconds
[2018.04.20-17.18.47:181][  0]LogExternalProfiler: No external profilers were discovered.  External profiling features will not be available.
[2018.04.20-17.18.47:544][  0]SourceControl: On branch dev
[2018.04.20-17.18.47:544][  0]SourceControl: Your branch is up to date with 'origin/dev'.
[2018.04.20-17.18.47:544][  0]SourceControl: Changes to be committed:
[2018.04.20-17.18.47:544][  0]SourceControl:   (use "git reset HEAD <file>..." to unstage)
[2018.04.20-17.18.47:544][  0]SourceControl: 	deleted:    HeatmapInsideVR/Content/HUD/TimerHUD.uasset
[2018.04.20-17.18.47:544][  0]SourceControl: Changes not staged for commit:
[2018.04.20-17.18.47:544][  0]SourceControl:   (use "git add/rm <file>..." to update what will be committed)
[2018.04.20-17.18.47:544][  0]SourceControl:   (use "git checkout -- <file>..." to discard changes in working directory)
[2018.04.20-17.18.47:544][  0]SourceControl: 	modified:   HeatmapInsideVR/Content/Blueprints/Cube.uasset
[2018.04.20-17.18.47:544][  0]SourceControl: 	modified:   HeatmapInsideVR/Content/Blueprints/Donut.uasset
[2018.04.20-17.18.47:544][  0]SourceControl: 	modified:   HeatmapInsideVR/Content/Blueprints/ObjectDrawingLogic.uasset
[2018.04.20-17.18.47:544][  0]SourceControl: 	modified:   HeatmapInsideVR/Content/Blueprints/Statue.uasset
[2018.04.20-17.18.47:544][  0]SourceControl: 	modified:   HeatmapInsideVR/Content/Materials/BeamMat.uasset
[2018.04.20-17.18.47:544][  0]SourceControl: 	modified:   HeatmapInsideVR/Content/ThirdPersonBP/Blueprints/CharacterVR.uasset
[2018.04.20-17.18.47:544][  0]SourceControl: 	modified:   HeatmapInsideVR/Content/ThirdPersonBP/Maps/ThirdPersonExampleMap.umap
[2018.04.20-17.18.47:544][  0]SourceControl: 	modified:   HeatmapInsideVR/Content/ThirdPersonBP/Maps/ThirdPersonExampleMap_BuiltData.uasset
[2018.04.20-17.18.47:544][  0]SourceControl: 	modified:   HeatmapInsideVR/Intermediate/AssetRegistryCache/c90e3f55.bin
[2018.04.20-17.18.47:544][  0]SourceControl: 	modified:   HeatmapInsideVR/Intermediate/CachedAssetRegistry.bin
[2018.04.20-17.18.47:544][  0]SourceControl: 	modified:   HeatmapInsideVR/Saved/AutoScreenshot.png
[2018.04.20-17.18.47:544][  0]SourceControl: 	modified:   HeatmapInsideVR/Saved/Autosaves/Game/Blueprints/Cube_Auto2.uasset
[2018.04.20-17.18.47:544][  0]SourceControl: 	modified:   HeatmapInsideVR/Saved/Autosaves/Game/Blueprints/Donut_Auto2.uasset
[2018.04.20-17.18.47:544][  0]SourceControl: 	modified:   HeatmapInsideVR/Saved/Autosaves/Game/Blueprints/ObjectDrawingLogic_Auto2.uasset
[2018.04.20-17.18.47:544][  0]SourceControl: 	modified:   HeatmapInsideVR/Saved/Autosaves/Game/Blueprints/Statue_Auto2.uasset
[2018.04.20-17.18.47:544][  0]SourceControl: 	modified:   HeatmapInsideVR/Saved/Autosaves/Game/Blueprints/Statue_Auto3.uasset
[2018.04.20-17.18.47:544][  0]SourceControl: 	modified:   HeatmapInsideVR/Saved/Autosaves/Game/ThirdPersonBP/Blueprints/CharacterVR_Auto1.uasset
[2018.04.20-17.18.47:544][  0]SourceControl: 	modified:   HeatmapInsideVR/Saved/Autosaves/Game/ThirdPersonBP/Maps/ThirdPersonExampleMap_Auto1.umap
[2018.04.20-17.18.47:544][  0]SourceControl: 	modified:   HeatmapInsideVR/Saved/Autosaves/Game/ThirdPersonBP/Maps/ThirdPersonExampleMap_Auto2.umap
[2018.04.20-17.18.47:544][  0]SourceControl: 	modified:   HeatmapInsideVR/Saved/Autosaves/Game/ThirdPersonBP/Maps/ThirdPersonExampleMap_Auto3.umap
[2018.04.20-17.18.47:544][  0]SourceControl: 	modified:   HeatmapInsideVR/Saved/Autosaves/PackageRestoreData.json
[2018.04.20-17.18.47:544][  0]SourceControl: 	deleted:    HeatmapInsideVR/Saved/Backup/CharacterVR_2018-04-18-20-36-34.uasset
[2018.04.20-17.18.47:544][  0]SourceControl: 	deleted:    HeatmapInsideVR/Saved/Backup/CharacterVR_2018-04-18-20-43-28.uasset
[2018.04.20-17.18.47:544][  0]SourceControl: 	deleted:    HeatmapInsideVR/Saved/Backup/CharacterVR_2018-04-18-20-54-05.uasset
[2018.04.20-17.18.47:544][  0]SourceControl: 	deleted:    HeatmapInsideVR/Saved/Backup/CharacterVR_2018-04-18-21-52-45.uasset
[2018.04.20-17.18.47:544][  0]SourceControl: 	deleted:    HeatmapInsideVR/Saved/Backup/CharacterVR_2018-04-18-21-58-58.uasset
[2018.04.20-17.18.47:544][  0]SourceControl: 	deleted:    HeatmapInsideVR/Saved/Backup/CharacterVR_2018-04-18-22-11-26.uasset
[2018.04.20-17.18.47:544][  0]SourceControl: 	deleted:    HeatmapInsideVR/Saved/Backup/CharacterVR_2018-04-18-22-20-55.uasset
[2018.04.20-17.18.47:544][  0]SourceControl: 	deleted:    HeatmapInsideVR/Saved/Backup/CharacterVR_2018-04-18-22-26-14.uasset
[2018.04.20-17.18.47:544][  0]SourceControl: 	deleted:    HeatmapInsideVR/Saved/Backup/CharacterVR_2018-04-18-22-35-00.uasset
[2018.04.20-17.18.47:544][  0]SourceControl: 	deleted:    HeatmapInsideVR/Saved/Backup/CharacterVR_2018-04-18-22-46-09.uasset
[2018.04.20-17.18.47:544][  0]SourceControl: 	deleted:    HeatmapInsideVR/Saved/Backup/CharacterVR_2018-04-18-22-52-56.uasset
[2018.04.20-17.18.47:544][  0]SourceControl: 	deleted:    HeatmapInsideVR/Saved/Backup/CharacterVR_2018-04-18-22-58-12.uasset
[2018.04.20-17.18.47:544][  0]SourceControl: 	deleted:    HeatmapInsideVR/Saved/Backup/CharacterVR_2018-04-18-23-19-35.uasset
[2018.04.20-17.18.47:544][  0]SourceControl: 	deleted:    HeatmapInsideVR/Saved/Backup/CharacterVR_2018-04-18-23-24-36.uasset
[2018.04.20-17.18.47:544][  0]SourceControl: 	deleted:    HeatmapInsideVR/Saved/Backup/CharacterVR_2018-04-18-23-31-25.uasset
[2018.04.20-17.18.47:544][  0]SourceControl: 	deleted:    HeatmapInsideVR/Saved/Backup/CharacterVR_2018-04-18-23-37-08.uasset
[2018.04.20-17.18.47:544][  0]SourceControl: 	deleted:    HeatmapInsideVR/Saved/Backup/CharacterVR_2018-04-18-23-42-52.uasset
[2018.04.20-17.18.47:544][  0]SourceControl: 	deleted:    HeatmapInsideVR/Saved/Backup/Cube_2018-04-18-21-06-16.uasset
[2018.04.20-17.18.47:544][  0]SourceControl: 	deleted:    HeatmapInsideVR/Saved/Backup/Cube_2018-04-18-23-11-40.uasset
[2018.04.20-17.18.47:544][  0]SourceControl: 	deleted:    HeatmapInsideVR/Saved/Backup/Donut_2018-04-18-21-06-16.uasset
[2018.04.20-17.18.47:544][  0]SourceControl: 	deleted:    HeatmapInsideVR/Saved/Backup/Donut_2018-04-18-23-11-40.uasset
[2018.04.20-17.18.47:544][  0]SourceControl: 	deleted:    HeatmapInsideVR/Saved/Backup/ObjectDrawingLogic_2018-04-18-20-37-54.uasset
[2018.04.20-17.18.47:544][  0]SourceControl: 	deleted:    HeatmapInsideVR/Saved/Backup/ObjectDrawingLogic_2018-04-18-22-48-38.uasset
[2018.04.20-17.18.47:544][  0]SourceControl: 	deleted:    HeatmapInsideVR/Saved/Backup/Statue_2018-04-18-21-06-16.uasset
[2018.04.20-17.18.47:544][  0]SourceControl: 	deleted:    HeatmapInsideVR/Saved/Backup/Statue_2018-04-18-23-11-40.uasset
[2018.04.20-17.18.47:544][  0]SourceControl: 	deleted:    HeatmapInsideVR/Saved/Backup/ThirdPersonExampleMap_2018-04-18-20-36-35.umap
[2018.04.20-17.18.47:544][  0]SourceControl: 	deleted:    HeatmapInsideVR/Saved/Backup/ThirdPersonExampleMap_2018-04-18-20-42-02.umap
[2018.04.20-17.18.47:545][  0]SourceControl: 	deleted:    HeatmapInsideVR/Saved/Backup/ThirdPersonExampleMap_2018-04-18-20-54-06.umap
[2018.04.20-17.18.47:545][  0]SourceControl: 	deleted:    HeatmapInsideVR/Saved/Backup/ThirdPersonExampleMap_2018-04-18-21-54-04.umap
[2018.04.20-17.18.47:545][  0]SourceControl: 	deleted:    HeatmapInsideVR/Saved/Backup/ThirdPersonExampleMap_2018-04-18-21-59-16.umap
[2018.04.20-17.18.47:545][  0]SourceControl: 	deleted:    HeatmapInsideVR/Saved/Backup/ThirdPersonExampleMap_2018-04-18-22-11-28.umap
[2018.04.20-17.18.47:545][  0]SourceControl: 	deleted:    HeatmapInsideVR/Saved/Backup/ThirdPersonExampleMap_2018-04-18-22-20-59.umap
[2018.04.20-17.18.47:545][  0]SourceControl: 	deleted:    HeatmapInsideVR/Saved/Backup/ThirdPersonExampleMap_2018-04-18-22-26-16.umap
[2018.04.20-17.18.47:545][  0]SourceControl: 	deleted:    HeatmapInsideVR/Saved/Backup/ThirdPersonExampleMap_2018-04-18-22-35-01.umap
[2018.04.20-17.18.47:545][  0]SourceControl: 	deleted:    HeatmapInsideVR/Saved/Backup/ThirdPersonExampleMap_2018-04-18-22-48-41.umap
[2018.04.20-17.18.47:545][  0]SourceControl: 	deleted:    HeatmapInsideVR/Saved/Backup/ThirdPersonExampleMap_2018-04-18-22-55-24.umap
[2018.04.20-17.18.47:545][  0]SourceControl: 	deleted:    HeatmapInsideVR/Saved/Backup/ThirdPersonExampleMap_2018-04-18-23-00-58.umap
[2018.04.20-17.18.47:545][  0]SourceControl: 	deleted:    HeatmapInsideVR/Saved/Backup/ThirdPersonExampleMap_2018-04-18-23-11-39.umap
[2018.04.20-17.18.47:545][  0]SourceControl: 	deleted:    HeatmapInsideVR/Saved/Backup/ThirdPersonExampleMap_2018-04-18-23-21-11.umap
[2018.04.20-17.18.47:545][  0]SourceControl: 	deleted:    HeatmapInsideVR/Saved/Backup/ThirdPersonExampleMap_2018-04-18-23-31-26.umap
[2018.04.20-17.18.47:545][  0]SourceControl: 	deleted:    HeatmapInsideVR/Saved/Backup/ThirdPersonExampleMap_2018-04-18-23-37-09.umap
[2018.04.20-17.18.47:545][  0]SourceControl: 	deleted:    HeatmapInsideVR/Saved/Backup/ThirdPersonExampleMap_2018-04-18-23-42-53.umap
[2018.04.20-17.18.47:545][  0]SourceControl: 	deleted:    HeatmapInsideVR/Saved/Backup/ThirdPersonExampleMap_BuiltData_2018-04-18-20-25-37.uasset
[2018.04.20-17.18.47:545][  0]SourceControl: 	deleted:    HeatmapInsideVR/Saved/Backup/ThirdPersonExampleMap_BuiltData_2018-04-18-20-36-36.uasset
[2018.04.20-17.18.47:545][  0]SourceControl: 	deleted:    HeatmapInsideVR/Saved/Backup/ThirdPersonExampleMap_BuiltData_2018-04-18-20-42-03.uasset
[2018.04.20-17.18.47:545][  0]SourceControl: 	deleted:    HeatmapInsideVR/Saved/Backup/ThirdPersonExampleMap_BuiltData_2018-04-18-20-54-07.uasset
[2018.04.20-17.18.47:545][  0]SourceControl: 	deleted:    HeatmapInsideVR/Saved/Backup/ThirdPersonExampleMap_BuiltData_2018-04-18-21-59-16.uasset
[2018.04.20-17.18.47:545][  0]SourceControl: 	deleted:    HeatmapInsideVR/Saved/Backup/ThirdPersonExampleMap_BuiltData_2018-04-18-22-11-28.uasset
[2018.04.20-17.18.47:545][  0]SourceControl: 	deleted:    HeatmapInsideVR/Saved/Backup/ThirdPersonExampleMap_BuiltData_2018-04-18-22-20-59.uasset
[2018.04.20-17.18.47:545][  0]SourceControl: 	deleted:    HeatmapInsideVR/Saved/Backup/ThirdPersonExampleMap_BuiltData_2018-04-18-22-26-16.uasset
[2018.04.20-17.18.47:545][  0]SourceControl: 	deleted:    HeatmapInsideVR/Saved/Backup/ThirdPersonExampleMap_BuiltData_2018-04-18-22-35-01.uasset
[2018.04.20-17.18.47:545][  0]SourceControl: 	deleted:    HeatmapInsideVR/Saved/Backup/ThirdPersonExampleMap_BuiltData_2018-04-18-22-48-42.uasset
[2018.04.20-17.18.47:545][  0]SourceControl: 	deleted:    HeatmapInsideVR/Saved/Backup/ThirdPersonExampleMap_BuiltData_2018-04-18-22-55-24.uasset
[2018.04.20-17.18.47:545][  0]SourceControl: 	deleted:    HeatmapInsideVR/Saved/Backup/ThirdPersonExampleMap_BuiltData_2018-04-18-23-00-58.uasset
[2018.04.20-17.18.47:545][  0]SourceControl: 	deleted:    HeatmapInsideVR/Saved/Backup/ThirdPersonExampleMap_BuiltData_2018-04-18-23-21-12.uasset
[2018.04.20-17.18.47:545][  0]SourceControl: 	deleted:    HeatmapInsideVR/Saved/Backup/ThirdPersonExampleMap_BuiltData_2018-04-18-23-31-26.uasset
[2018.04.20-17.18.47:545][  0]SourceControl: 	deleted:    HeatmapInsideVR/Saved/Backup/ThirdPersonExampleMap_BuiltData_2018-04-18-23-37-09.uasset
[2018.04.20-17.18.47:545][  0]SourceControl: 	deleted:    HeatmapInsideVR/Saved/Backup/TimerHUD_2018-04-18-22-08-37.uasset
[2018.04.20-17.18.47:545][  0]SourceControl: 	deleted:    HeatmapInsideVR/Saved/Config/CrashReportClient/UE4CC-Windows-13F8FD6643BAAF71EB502BA6883637BB/CrashReportClient.ini
[2018.04.20-17.18.47:545][  0]SourceControl: 	deleted:    HeatmapInsideVR/Saved/Config/CrashReportClient/UE4CC-Windows-357F9BDD49EED0390AEEF593EB73D748/CrashReportClient.ini
[2018.04.20-17.18.47:545][  0]SourceControl: 	deleted:    HeatmapInsideVR/Saved/Config/CrashReportClient/UE4CC-Windows-7F0C02AF418B2EC19A4522ABD33E0F3C/CrashReportClient.ini
[2018.04.20-17.18.47:545][  0]SourceControl: 	modified:   HeatmapInsideVR/Saved/Config/Windows/Editor.ini
[2018.04.20-17.18.47:545][  0]SourceControl: 	modified:   HeatmapInsideVR/Saved/Config/Windows/EditorPerProjectUserSettings.ini
[2018.04.20-17.18.47:545][  0]SourceControl: 	modified:   HeatmapInsideVR/Saved/Logs/ThirdPersonVR_2.log
[2018.04.20-17.18.47:545][  0]SourceControl: Untracked files:
[2018.04.20-17.18.47:545][  0]SourceControl:   (use "git add <file>..." to include in what will be committed)
[2018.04.20-17.18.47:545][  0]SourceControl: 	HeatmapInsideVR/Saved/Autosaves/Game/Blueprints/Cube_Auto3.uasset
[2018.04.20-17.18.47:545][  0]SourceControl: 	HeatmapInsideVR/Saved/Autosaves/Game/Blueprints/Donut_Auto3.uasset
[2018.04.20-17.18.47:545][  0]SourceControl: 	HeatmapInsideVR/Saved/Autosaves/Game/Blueprints/ObjectDrawingLogic_Auto3.uasset
[2018.04.20-17.18.47:546][  0]SourceControl: 	HeatmapInsideVR/Saved/Autosaves/Game/ThirdPersonBP/Blueprints/CharacterVR_Auto2.uasset
[2018.04.20-17.18.47:546][  0]SourceControl: 	HeatmapInsideVR/Saved/Autosaves/Game/ThirdPersonBP/Blueprints/CharacterVR_Auto3.uasset
[2018.04.20-17.18.47:546][  0]SourceControl: 	HeatmapInsideVR/Saved/Backup/BeamMat_2018-04-20-17-40-19.uasset
[2018.04.20-17.18.47:546][  0]SourceControl: 	HeatmapInsideVR/Saved/Backup/CharacterVR_2018-04-20-15-52-03.uasset
[2018.04.20-17.18.47:546][  0]SourceControl: 	HeatmapInsideVR/Saved/Backup/CharacterVR_2018-04-20-15-57-26.uasset
[2018.04.20-17.18.47:546][  0]SourceControl: 	HeatmapInsideVR/Saved/Backup/CharacterVR_2018-04-20-16-08-01.uasset
[2018.04.20-17.18.47:546][  0]SourceControl: 	HeatmapInsideVR/Saved/Backup/CharacterVR_2018-04-20-16-16-43.uasset
[2018.04.20-17.18.47:546][  0]SourceControl: 	HeatmapInsideVR/Saved/Backup/CharacterVR_2018-04-20-16-24-53.uasset
[2018.04.20-17.18.47:546][  0]SourceControl: 	HeatmapInsideVR/Saved/Backup/CharacterVR_2018-04-20-16-31-15.uasset
[2018.04.20-17.18.47:546][  0]SourceControl: 	HeatmapInsideVR/Saved/Backup/CharacterVR_2018-04-20-16-36-41.uasset
[2018.04.20-17.18.47:546][  0]SourceControl: 	HeatmapInsideVR/Saved/Backup/CharacterVR_2018-04-20-16-43-02.uasset
[2018.04.20-17.18.47:546][  0]SourceControl: 	HeatmapInsideVR/Saved/Backup/CharacterVR_2018-04-20-16-49-34.uasset
[2018.04.20-17.18.47:546][  0]SourceControl: 	HeatmapInsideVR/Saved/Backup/CharacterVR_2018-04-20-16-55-44.uasset
[2018.04.20-17.18.47:546][  0]SourceControl: 	HeatmapInsideVR/Saved/Backup/CharacterVR_2018-04-20-17-06-32.uasset
[2018.04.20-17.18.47:546][  0]SourceControl: 	HeatmapInsideVR/Saved/Backup/CharacterVR_2018-04-20-17-17-02.uasset
[2018.04.20-17.18.47:546][  0]SourceControl: 	HeatmapInsideVR/Saved/Backup/CharacterVR_2018-04-20-17-23-18.uasset
[2018.04.20-17.18.47:546][  0]SourceControl: 	HeatmapInsideVR/Saved/Backup/CharacterVR_2018-04-20-17-37-31.uasset
[2018.04.20-17.18.47:546][  0]SourceControl: 	HeatmapInsideVR/Saved/Backup/CharacterVR_2018-04-20-17-48-38.uasset
[2018.04.20-17.18.47:546][  0]SourceControl: 	HeatmapInsideVR/Saved/Backup/CharacterVR_2018-04-20-17-54-43.uasset
[2018.04.20-17.18.47:546][  0]SourceControl: 	HeatmapInsideVR/Saved/Backup/CharacterVR_2018-04-20-18-02-03.uasset
[2018.04.20-17.18.47:546][  0]SourceControl: 	HeatmapInsideVR/Saved/Backup/CharacterVR_2018-04-20-18-12-01.uasset
[2018.04.20-17.18.47:546][  0]SourceControl: 	HeatmapInsideVR/Saved/Backup/Cube_2018-04-20-17-06-32.uasset
[2018.04.20-17.18.47:546][  0]SourceControl: 	HeatmapInsideVR/Saved/Backup/Cube_2018-04-20-17-17-02.uasset
[2018.04.20-17.18.47:546][  0]SourceControl: 	HeatmapInsideVR/Saved/Backup/Cube_2018-04-20-17-35-41.uasset
[2018.04.20-17.18.47:546][  0]SourceControl: 	HeatmapInsideVR/Saved/Backup/Donut_2018-04-20-17-06-32.uasset
[2018.04.20-17.18.47:546][  0]SourceControl: 	HeatmapInsideVR/Saved/Backup/Donut_2018-04-20-17-17-02.uasset
[2018.04.20-17.18.47:546][  0]SourceControl: 	HeatmapInsideVR/Saved/Backup/Donut_2018-04-20-17-40-19.uasset
[2018.04.20-17.18.47:546][  0]SourceControl: 	HeatmapInsideVR/Saved/Backup/ObjectDrawingLogic_2018-04-20-17-06-32.uasset
[2018.04.20-17.18.47:546][  0]SourceControl: 	HeatmapInsideVR/Saved/Backup/ObjectDrawingLogic_2018-04-20-17-17-02.uasset
[2018.04.20-17.18.47:546][  0]SourceControl: 	HeatmapInsideVR/Saved/Backup/Statue_2018-04-20-17-06-32.uasset
[2018.04.20-17.18.47:546][  0]SourceControl: 	HeatmapInsideVR/Saved/Backup/Statue_2018-04-20-17-17-02.uasset
[2018.04.20-17.18.47:546][  0]SourceControl: 	HeatmapInsideVR/Saved/Backup/Statue_2018-04-20-17-40-19.uasset
[2018.04.20-17.18.47:546][  0]SourceControl: 	HeatmapInsideVR/Saved/Backup/ThirdPersonExampleMap_2018-04-20-15-46-13.umap
[2018.04.20-17.18.47:546][  0]SourceControl: 	HeatmapInsideVR/Saved/Backup/ThirdPersonExampleMap_2018-04-20-15-53-03.umap
[2018.04.20-17.18.47:546][  0]SourceControl: 	HeatmapInsideVR/Saved/Backup/ThirdPersonExampleMap_2018-04-20-16-12-28.umap
[2018.04.20-17.18.47:546][  0]SourceControl: 	HeatmapInsideVR/Saved/Backup/ThirdPersonExampleMap_2018-04-20-16-18-10.umap
[2018.04.20-17.18.47:546][  0]SourceControl: 	HeatmapInsideVR/Saved/Backup/ThirdPersonExampleMap_2018-04-20-16-24-55.umap
[2018.04.20-17.18.47:546][  0]SourceControl: 	HeatmapInsideVR/Saved/Backup/ThirdPersonExampleMap_2018-04-20-16-31-16.umap
[2018.04.20-17.18.47:546][  0]SourceControl: 	HeatmapInsideVR/Saved/Backup/ThirdPersonExampleMap_2018-04-20-16-36-42.umap
[2018.04.20-17.18.47:546][  0]SourceControl: 	HeatmapInsideVR/Saved/Backup/ThirdPersonExampleMap_2018-04-20-16-43-04.umap
[2018.04.20-17.18.47:546][  0]SourceControl: 	HeatmapInsideVR/Saved/Backup/ThirdPersonExampleMap_2018-04-20-16-55-44.umap
[2018.04.20-17.18.47:546][  0]SourceControl: 	HeatmapInsideVR/Saved/Backup/ThirdPersonExampleMap_2018-04-20-17-06-32.umap
[2018.04.20-17.18.47:546][  0]SourceControl: 	HeatmapInsideVR/Saved/Backup/ThirdPersonExampleMap_2018-04-20-17-17-02.umap
[2018.04.20-17.18.47:546][  0]SourceControl: 	HeatmapInsideVR/Saved/Backup/ThirdPersonExampleMap_2018-04-20-17-23-05.umap
[2018.04.20-17.18.47:546][  0]SourceControl: 	HeatmapInsideVR/Saved/Backup/ThirdPersonExampleMap_2018-04-20-17-32-07.umap
[2018.04.20-17.18.47:546][  0]SourceControl: 	HeatmapInsideVR/Saved/Backup/ThirdPersonExampleMap_2018-04-20-17-39-10.umap
[2018.04.20-17.18.47:546][  0]SourceControl: 	HeatmapInsideVR/Saved/Backup/ThirdPersonExampleMap_2018-04-20-17-52-51.umap
[2018.04.20-17.18.47:546][  0]SourceControl: 	HeatmapInsideVR/Saved/Backup/ThirdPersonExampleMap_2018-04-20-17-58-07.umap
[2018.04.20-17.18.47:546][  0]SourceControl: 	HeatmapInsideVR/Saved/Backup/ThirdPersonExampleMap_2018-04-20-18-04-34.umap
[2018.04.20-17.18.47:546][  0]SourceControl: 	HeatmapInsideVR/Saved/Backup/ThirdPersonExampleMap_2018-04-20-18-12-17.umap
[2018.04.20-17.18.47:546][  0]SourceControl: 	HeatmapInsideVR/Saved/Backup/ThirdPersonExampleMap_BuiltData_2018-04-20-15-46-13.uasset
[2018.04.20-17.18.47:546][  0]SourceControl: 	HeatmapInsideVR/Saved/Backup/ThirdPersonExampleMap_BuiltData_2018-04-20-15-53-03.uasset
[2018.04.20-17.18.47:546][  0]SourceControl: 	HeatmapInsideVR/Saved/Backup/ThirdPersonExampleMap_BuiltData_2018-04-20-16-12-28.uasset
[2018.04.20-17.18.47:546][  0]SourceControl: 	HeatmapInsideVR/Saved/Backup/ThirdPersonExampleMap_BuiltData_2018-04-20-16-18-11.uasset
[2018.04.20-17.18.47:547][  0]SourceControl: 	HeatmapInsideVR/Saved/Backup/ThirdPersonExampleMap_BuiltData_2018-04-20-16-24-55.uasset
[2018.04.20-17.18.47:547][  0]SourceControl: 	HeatmapInsideVR/Saved/Backup/ThirdPersonExampleMap_BuiltData_2018-04-20-16-31-17.uasset
[2018.04.20-17.18.47:547][  0]SourceControl: 	HeatmapInsideVR/Saved/Backup/ThirdPersonExampleMap_BuiltData_2018-04-20-16-36-42.uasset
[2018.04.20-17.18.47:547][  0]SourceControl: 	HeatmapInsideVR/Saved/Backup/ThirdPersonExampleMap_BuiltData_2018-04-20-16-43-04.uasset
[2018.04.20-17.18.47:547][  0]SourceControl: 	HeatmapInsideVR/Saved/Backup/ThirdPersonExampleMap_BuiltData_2018-04-20-17-23-05.uasset
[2018.04.20-17.18.47:547][  0]SourceControl: 	HeatmapInsideVR/Saved/Backup/ThirdPersonExampleMap_BuiltData_2018-04-20-17-32-07.uasset
[2018.04.20-17.18.47:547][  0]SourceControl: 	HeatmapInsideVR/Saved/Backup/ThirdPersonExampleMap_BuiltData_2018-04-20-17-39-11.uasset
[2018.04.20-17.18.47:547][  0]SourceControl: 	HeatmapInsideVR/Saved/Backup/ThirdPersonExampleMap_BuiltData_2018-04-20-17-52-52.uasset
[2018.04.20-17.18.47:547][  0]SourceControl: 	HeatmapInsideVR/Saved/Backup/ThirdPersonExampleMap_BuiltData_2018-04-20-17-58-07.uasset
[2018.04.20-17.18.47:547][  0]SourceControl: 	HeatmapInsideVR/Saved/Backup/ThirdPersonExampleMap_BuiltData_2018-04-20-18-04-34.uasset
[2018.04.20-17.18.47:547][  0]SourceControl: 	HeatmapInsideVR/Saved/Backup/ThirdPersonExampleMap_BuiltData_2018-04-20-18-12-18.uasset
[2018.04.20-17.18.47:547][  0]SourceControl: 	HeatmapInsideVR/Saved/Config/CrashReportClient/UE4CC-Windows-107330E14027B7526E1DB89DA1C2DC47/
[2018.04.20-17.18.47:547][  0]SourceControl: 	HeatmapInsideVR/Saved/Config/CrashReportClient/UE4CC-Windows-9A92341141EA62472D164588DD832408/
[2018.04.20-17.18.47:547][  0]SourceControl: 	HeatmapInsideVR/Saved/Config/CrashReportClient/UE4CC-Windows-AE958FE64215B8ACE6CB2CB628E183F3/
[2018.04.20-17.18.47:547][  0]SourceControl: 	HeatmapInsideVR/Saved/Config/CrashReportClient/UE4CC-Windows-C72C1F644697C620C985DC8A2D077D2D/
[2018.04.20-17.18.47:547][  0]SourceControl: 	HeatmapInsideVR/Saved/Config/CrashReportClient/UE4CC-Windows-E4F3F8FD4A5F1319E4246F913195AD05/
[2018.04.20-17.18.47:547][  0]SourceControl: 	HeatmapInsideVR/Saved/Config/CrashReportClient/UE4CC-Windows-E8649623402A6351634623A5DA1DC77C/
[2018.04.20-17.18.47:547][  0]SourceControl: 	HeatmapInsideVR/Saved/Crashes/UE4CC-Windows-AE958FE64215B8ACE6CB2CB628E183F3_0000/
[2018.04.20-17.18.47:547][  0]SourceControl: 	HeatmapInsideVR/Saved/Logs/ThirdPersonVR-backup-2018.04.20-15.36.14.log
[2018.04.20-17.18.47:547][  0]SourceControl: 	HeatmapInsideVR/Saved/Logs/ThirdPersonVR-backup-2018.04.20-15.58.53.log
[2018.04.20-17.18.47:547][  0]SourceControl: 	HeatmapInsideVR/Saved/Logs/ThirdPersonVR-backup-2018.04.20-16.02.31.log
[2018.04.20-17.18.47:547][  0]SourceControl: 	HeatmapInsideVR/Saved/Logs/ThirdPersonVR-backup-2018.04.20-16.39.51.log
[2018.04.20-17.18.47:547][  0]SourceControl: 	HeatmapInsideVR/Saved/Logs/ThirdPersonVR-backup-2018.04.20-17.40.52.log
[2018.04.20-17.18.47:547][  0]SourceControl: 	HeatmapInsideVR/Saved/Logs/ThirdPersonVR-backup-2018.04.20-18.18.21.log
[2018.04.20-17.18.47:547][  0]SourceControl: 	HeatmapInsideVR/Saved/Logs/ThirdPersonVR_2-backup-2018.04.20-17.46.20.log
[2018.04.20-17.18.47:547][  0]LogContentStreaming: Texture pool size now 1000 MB
[2018.04.20-17.18.47:594][  0]LogSlate: Took 0.000203 seconds to synchronously load lazily loaded font '../../../Engine/Content/Slate/Fonts/Roboto-Light.ttf' (159K)
[2018.04.20-17.18.47:863][  1]LogAssetRegistry: Asset discovery search completed in 17.4895 seconds
[2018.04.20-17.18.47:865][  1]LogCollectionManager: Rebuilt the object cache for 0 collections in 0.000000 seconds (found 0 objects)
[2018.04.20-17.18.47:866][  1]LogCollectionManager: Fixed up redirectors for 0 collections in 0.000067 seconds (updated 0 objects)
[2018.04.20-17.18.48:523][  3]LogSlate: Took 0.000366 seconds to synchronously load lazily loaded font '../../../Engine/Content/Slate/Fonts/Roboto-Light.ttf' (159K)
[2018.04.20-17.19.15:769][346]LogTemp: Repeating last play command: VR Preview
[2018.04.20-17.19.15:822][346]LogBlueprintUserMessages: Early PlayInEditor Detection: Level '/Game/ThirdPersonBP/Maps/ThirdPersonExampleMap.ThirdPersonExampleMap:PersistentLevel' has LevelScriptBlueprint '/Game/ThirdPersonBP/Maps/ThirdPersonExampleMap.ThirdPersonExampleMap:PersistentLevel.ThirdPersonExampleMap' with GeneratedClass '/Game/ThirdPersonBP/Maps/ThirdPersonExampleMap.ThirdPersonExampleMap_C' with ClassGeneratedBy '/Game/ThirdPersonBP/Maps/ThirdPersonExampleMap.ThirdPersonExampleMap:PersistentLevel.ThirdPersonExampleMap'
[2018.04.20-17.19.15:822][346]LogPlayLevel: PlayLevel: No blueprints needed recompiling
[2018.04.20-17.19.15:823][346]PIE: New page: PIE session: ThirdPersonExampleMap (20 Apr 2018 19:19:15)
[2018.04.20-17.19.15:823][346]LogPlayLevel: Creating play world package: /Game/ThirdPersonBP/Maps/UEDPIE_0_ThirdPersonExampleMap
[2018.04.20-17.19.15:847][346]LogPlayLevel: PIE: StaticDuplicateObject took: (0.024307s)
[2018.04.20-17.19.15:848][346]LogAIModule: Creating AISystem for world ThirdPersonExampleMap
[2018.04.20-17.19.15:848][346]LogPlayLevel: PIE: World Init took: (0.000967s)
[2018.04.20-17.19.15:848][346]LogPlayLevel: PIE: Created PIE world by copying editor world from /Game/ThirdPersonBP/Maps/ThirdPersonExampleMap.ThirdPersonExampleMap to /Game/ThirdPersonBP/Maps/UEDPIE_0_ThirdPersonExampleMap.ThirdPersonExampleMap (0.025743s)
[2018.04.20-17.19.15:862][346]LogInit: XAudio2 using 'Speakers (Realtek High Definition Audio)' : 2 channels at 48 kHz using 32 bits per sample (channel mask 0x3)
[2018.04.20-17.19.15:894][346]LogInit: FAudioDevice initialized.
[2018.04.20-17.19.16:003][346]LogLoad: Game class is 'ThirdPersonGameMode_C'
[2018.04.20-17.19.16:006][346]LogWorld: Bringing World /Game/ThirdPersonBP/Maps/UEDPIE_0_ThirdPersonExampleMap.ThirdPersonExampleMap up for play (max tick rate 0) at 2018.04.20-18.19.16
[2018.04.20-17.19.16:007][346]LogWorld: Bringing up level for play took: 0.001174
[2018.04.20-17.19.16:061][346]LogContentBrowser: Native class hierarchy updated for 'MovieSceneCapture' in 0.0003 seconds. Added 11 classes and 0 folders.
[2018.04.20-17.19.16:067][346]PIE: Play in editor start time for /Game/ThirdPersonBP/Maps/UEDPIE_0_ThirdPersonExampleMap 0.995
[2018.04.20-17.19.16:067][346]LogBlueprintUserMessages: Late PlayInEditor Detection: Level '/Game/ThirdPersonBP/Maps/ThirdPersonExampleMap.ThirdPersonExampleMap:PersistentLevel' has LevelScriptBlueprint '/Game/ThirdPersonBP/Maps/ThirdPersonExampleMap.ThirdPersonExampleMap:PersistentLevel.ThirdPersonExampleMap' with GeneratedClass '/Game/ThirdPersonBP/Maps/ThirdPersonExampleMap.ThirdPersonExampleMap_C' with ClassGeneratedBy '/Game/ThirdPersonBP/Maps/ThirdPersonExampleMap.ThirdPersonExampleMap:PersistentLevel.ThirdPersonExampleMap'
[2018.04.20-17.19.16:117][347]LogRenderer: Reallocating scene render targets to support 2160x1200 Format 10 NumSamples 1 (Frame:1).
[2018.04.20-17.19.17:252][399]LogBlueprintUserMessages: Early EndPlayMap Detection: Level '/Game/ThirdPersonBP/Maps/ThirdPersonExampleMap.ThirdPersonExampleMap:PersistentLevel' has LevelScriptBlueprint '/Game/ThirdPersonBP/Maps/ThirdPersonExampleMap.ThirdPersonExampleMap:PersistentLevel.ThirdPersonExampleMap' with GeneratedClass '/Game/ThirdPersonBP/Maps/ThirdPersonExampleMap.ThirdPersonExampleMap_C' with ClassGeneratedBy '/Game/ThirdPersonBP/Maps/ThirdPersonExampleMap.ThirdPersonExampleMap:PersistentLevel.ThirdPersonExampleMap'
[2018.04.20-17.19.17:443][399]LogBlueprintUserMessages: Late EndPlayMap Detection: Level '/Game/ThirdPersonBP/Maps/ThirdPersonExampleMap.ThirdPersonExampleMap:PersistentLevel' has LevelScriptBlueprint '/Game/ThirdPersonBP/Maps/ThirdPersonExampleMap.ThirdPersonExampleMap:PersistentLevel.ThirdPersonExampleMap' with GeneratedClass '/Game/ThirdPersonBP/Maps/ThirdPersonExampleMap.ThirdPersonExampleMap_C' with ClassGeneratedBy '/Game/ThirdPersonBP/Maps/ThirdPersonExampleMap.ThirdPersonExampleMap:PersistentLevel.ThirdPersonExampleMap'
